2024-12-16 21:19:22,526 - INFO - Starting script: c:\!AndriiShramko\inventions\SDKGOPROShramko\GoProControl\api\v2\v38\goprolist_and_start_usb.py
2024-12-16 21:19:28,436 - ERROR - 2024-12-16 21:19:23,383 - DEBUG - Using proactor: IocpProactor
2024-12-16 21:19:28,437 - ERROR - 2024-12-16 21:19:23,387 - INFO - Searching for GoPro cameras...
2024-12-16 21:19:28,437 - ERROR - 2024-12-16 21:19:23,585 - INFO - Discovered GoPro: C3461326143885._gopro-web._tcp.local. at 172.28.185.51
2024-12-16 21:19:28,438 - ERROR - 2024-12-16 21:19:28,393 - INFO - Found 1 GoPro devices:
2024-12-16 21:19:28,439 - ERROR - 2024-12-16 21:19:28,394 - INFO - Name: C3461326143885._gopro-web._tcp.local., IP: 172.28.185.51
2024-12-16 21:19:28,440 - INFO - Successfully completed script: c:\!AndriiShramko\inventions\SDKGOPROShramko\GoProControl\api\v2\v38\goprolist_and_start_usb.py
2024-12-16 21:19:28,441 - INFO - Starting script: c:\!AndriiShramko\inventions\SDKGOPROShramko\GoProControl\api\v2\v38\read_and_write_all_settings_from_prime_to_other.py
2024-12-16 21:19:34,138 - ERROR - 2024-12-16 21:19:29,054 - DEBUG - Using proactor: IocpProactor
2024-12-16 21:19:34,139 - ERROR - 2024-12-16 21:19:29,056 - INFO - Searching for GoPro cameras...
2024-12-16 21:19:34,140 - ERROR - 2024-12-16 21:19:29,256 - INFO - Discovered GoPro: C3461326143885._gopro-web._tcp.local. at 172.28.185.51
2024-12-16 21:19:34,140 - ERROR - Traceback (most recent call last):
2024-12-16 21:19:34,141 - ERROR - File "c:\!AndriiShramko\inventions\SDKGOPROShramko\GoProControl\api\v2\v38\read_and_write_all_settings_from_prime_to_other.py", line 20, in get_primary_camera_serial
2024-12-16 21:19:34,141 - ERROR - with open(config_file, 'r') as f:
2024-12-16 21:19:34,142 - ERROR - ^^^^^^^^^^^^^^^^^^^^^^
2024-12-16 21:19:34,142 - ERROR - FileNotFoundError: [Errno 2] No such file or directory: 'C:\\!AndriiShramko\\inventions\\SDKGOPROShramko\\GoProControl\\api\\v2\\v38\\data/prime_camera.json'
2024-12-16 21:19:34,143 - ERROR - 
2024-12-16 21:19:34,143 - ERROR - During handling of the above exception, another exception occurred:
2024-12-16 21:19:34,144 - ERROR - 
2024-12-16 21:19:34,144 - ERROR - Traceback (most recent call last):
2024-12-16 21:19:34,144 - ERROR - File "c:\!AndriiShramko\inventions\SDKGOPROShramko\GoProControl\api\v2\v38\read_and_write_all_settings_from_prime_to_other.py", line 95, in <module>
2024-12-16 21:19:34,145 - ERROR - copy_camera_settings()
2024-12-16 21:19:34,145 - ERROR - File "c:\!AndriiShramko\inventions\SDKGOPROShramko\GoProControl\api\v2\v38\read_and_write_all_settings_from_prime_to_other.py", line 44, in copy_camera_settings
2024-12-16 21:19:34,145 - ERROR - primary_serial = get_primary_camera_serial()
2024-12-16 21:19:34,146 - ERROR - ^^^^^^^^^^^^^^^^^^^^^^^^^^^
2024-12-16 21:19:34,147 - ERROR - File "c:\!AndriiShramko\inventions\SDKGOPROShramko\GoProControl\api\v2\v38\read_and_write_all_settings_from_prime_to_other.py", line 24, in get_primary_camera_serial
2024-12-16 21:19:34,147 - ERROR - logging.error(f"Error reading primary camera config: {e}")
2024-12-16 21:19:34,148 - ERROR - ^^^^^^^
2024-12-16 21:19:34,148 - ERROR - NameError: name 'logging' is not defined
2024-12-16 21:19:34,149 - INFO - Successfully completed script: c:\!AndriiShramko\inventions\SDKGOPROShramko\GoProControl\api\v2\v38\read_and_write_all_settings_from_prime_to_other.py
2024-12-16 21:19:34,150 - INFO - Discovered 1 cameras.
2024-12-16 21:19:34,150 - INFO - Starting script: c:\!AndriiShramko\inventions\SDKGOPROShramko\GoProControl\api\v2\v38\date_time_sync.py
2024-12-16 21:19:40,136 - INFO - Time synchronization successful on camera 172.28.185.51.
2024-12-16 21:19:40,187 - ERROR - 2024-12-16 21:19:35,046 - DEBUG - Using proactor: IocpProactor
2024-12-16 21:19:40,188 - ERROR - 2024-12-16 21:19:35,048 - INFO - Searching for GoPro cameras...
2024-12-16 21:19:40,188 - ERROR - 2024-12-16 21:19:35,180 - INFO - Discovered GoPro: C3461326143885._gopro-web._tcp.local. at 172.28.185.51
2024-12-16 21:19:40,189 - ERROR - 2024-12-16 21:19:40,057 - DEBUG - Starting new HTTP connection (1): 172.28.185.51:8080
2024-12-16 21:19:40,198 - ERROR - 2024-12-16 21:19:40,134 - DEBUG - http://172.28.185.51:8080 "GET /gopro/camera/set_date_time?date=2024_12_16&time=21_19_40&tzone=0&dst=0 HTTP/11" 200 3
2024-12-16 21:19:40,198 - INFO - Successfully completed script: c:\!AndriiShramko\inventions\SDKGOPROShramko\GoProControl\api\v2\v38\date_time_sync.py
2024-12-16 21:19:40,200 - INFO - All scripts executed successfully. Total cameras discovered: 1.
2024-12-16 21:19:40,201 - INFO - Starting script: c:\!AndriiShramko\inventions\SDKGOPROShramko\GoProControl\api\v2\v38\set_preset_0.py
2024-12-16 21:19:46,023 - INFO - Preset successfully loaded on camera 172.28.185.51.
2024-12-16 21:19:46,069 - ERROR - 2024-12-16 21:19:40,938 - DEBUG - Using proactor: IocpProactor
2024-12-16 21:19:46,069 - ERROR - 2024-12-16 21:19:40,940 - INFO - Searching for GoPro cameras...
2024-12-16 21:19:46,070 - ERROR - 2024-12-16 21:19:41,090 - INFO - Discovered GoPro: C3461326143885._gopro-web._tcp.local. at 172.28.185.51
2024-12-16 21:19:46,070 - ERROR - 2024-12-16 21:19:45,955 - DEBUG - Starting new HTTP connection (1): 172.28.185.51:8080
2024-12-16 21:19:46,071 - ERROR - 2024-12-16 21:19:46,022 - DEBUG - http://172.28.185.51:8080 "GET /gopro/camera/presets/load?id=0 HTTP/11" 200 2
2024-12-16 21:19:46,073 - INFO - Successfully completed script: c:\!AndriiShramko\inventions\SDKGOPROShramko\GoProControl\api\v2\v38\set_preset_0.py
2024-12-16 21:19:46,074 - INFO - Preset 0 set on all cameras.
2025-03-27 18:52:28,775 - INFO - Starting script: C:\Users\jan\Documents\creative\gaussian\camera-control\GoPro13-Control-App\goprolist_and_start_usb.py
2025-03-27 18:52:28,905 - ERROR - Traceback (most recent call last):
2025-03-27 18:52:28,905 - ERROR - File "C:\Users\jan\Documents\creative\gaussian\camera-control\GoPro13-Control-App\goprolist_and_start_usb.py", line 1, in <module>
2025-03-27 18:52:28,905 - ERROR - import requests
2025-03-27 18:52:28,905 - ERROR - ModuleNotFoundError: No module named 'requests'
2025-03-27 18:52:28,907 - INFO - Successfully completed script: C:\Users\jan\Documents\creative\gaussian\camera-control\GoPro13-Control-App\goprolist_and_start_usb.py
2025-03-27 18:52:28,908 - INFO - Starting script: C:\Users\jan\Documents\creative\gaussian\camera-control\GoPro13-Control-App\read_and_write_all_settings_from_prime_to_other.py
2025-03-27 18:52:29,004 - ERROR - Traceback (most recent call last):
2025-03-27 18:52:29,004 - ERROR - File "C:\Users\jan\Documents\creative\gaussian\camera-control\GoPro13-Control-App\read_and_write_all_settings_from_prime_to_other.py", line 8, in <module>
2025-03-27 18:52:29,004 - ERROR - import requests
2025-03-27 18:52:29,004 - ERROR - ModuleNotFoundError: No module named 'requests'
2025-03-27 18:52:29,006 - INFO - Successfully completed script: C:\Users\jan\Documents\creative\gaussian\camera-control\GoPro13-Control-App\read_and_write_all_settings_from_prime_to_other.py
2025-03-27 18:52:29,006 - INFO - Discovered 0 cameras.
2025-03-27 18:52:29,006 - INFO - Starting script: C:\Users\jan\Documents\creative\gaussian\camera-control\GoPro13-Control-App\date_time_sync.py
2025-03-27 18:52:29,098 - ERROR - Traceback (most recent call last):
2025-03-27 18:52:29,099 - ERROR - File "C:\Users\jan\Documents\creative\gaussian\camera-control\GoPro13-Control-App\date_time_sync.py", line 8, in <module>
2025-03-27 18:52:29,099 - ERROR - import requests
2025-03-27 18:52:29,099 - ERROR - ModuleNotFoundError: No module named 'requests'
2025-03-27 18:52:29,100 - INFO - Successfully completed script: C:\Users\jan\Documents\creative\gaussian\camera-control\GoPro13-Control-App\date_time_sync.py
2025-03-27 18:52:29,100 - INFO - All scripts executed successfully. Total cameras discovered: 0.
2025-03-27 18:52:29,100 - INFO - Starting script: C:\Users\jan\Documents\creative\gaussian\camera-control\GoPro13-Control-App\set_preset_0.py
2025-03-27 18:52:29,196 - ERROR - Traceback (most recent call last):
2025-03-27 18:52:29,196 - ERROR - File "C:\Users\jan\Documents\creative\gaussian\camera-control\GoPro13-Control-App\set_preset_0.py", line 8, in <module>
2025-03-27 18:52:29,197 - ERROR - import requests
2025-03-27 18:52:29,197 - ERROR - ModuleNotFoundError: No module named 'requests'
2025-03-27 18:52:29,198 - INFO - Successfully completed script: C:\Users\jan\Documents\creative\gaussian\camera-control\GoPro13-Control-App\set_preset_0.py
2025-03-27 18:52:29,198 - INFO - Preset 0 set on all cameras.
2025-03-27 18:52:50,623 - INFO - Starting script: C:\Users\jan\Documents\creative\gaussian\camera-control\GoPro13-Control-App\goprolist_and_start_usb.py
2025-03-27 18:52:50,712 - ERROR - Traceback (most recent call last):
2025-03-27 18:52:50,721 - ERROR - File "C:\Users\jan\Documents\creative\gaussian\camera-control\GoPro13-Control-App\goprolist_and_start_usb.py", line 1, in <module>
2025-03-27 18:52:50,721 - ERROR - import requests
2025-03-27 18:52:50,721 - ERROR - ModuleNotFoundError: No module named 'requests'
2025-03-27 18:52:50,721 - INFO - Successfully completed script: C:\Users\jan\Documents\creative\gaussian\camera-control\GoPro13-Control-App\goprolist_and_start_usb.py
2025-03-27 18:52:50,721 - INFO - Starting script: C:\Users\jan\Documents\creative\gaussian\camera-control\GoPro13-Control-App\read_and_write_all_settings_from_prime_to_other.py
2025-03-27 18:52:50,797 - ERROR - Traceback (most recent call last):
2025-03-27 18:52:50,797 - ERROR - File "C:\Users\jan\Documents\creative\gaussian\camera-control\GoPro13-Control-App\read_and_write_all_settings_from_prime_to_other.py", line 8, in <module>
2025-03-27 18:52:50,798 - ERROR - import requests
2025-03-27 18:52:50,798 - ERROR - ModuleNotFoundError: No module named 'requests'
2025-03-27 18:52:50,799 - INFO - Successfully completed script: C:\Users\jan\Documents\creative\gaussian\camera-control\GoPro13-Control-App\read_and_write_all_settings_from_prime_to_other.py
2025-03-27 18:52:50,799 - INFO - Discovered 0 cameras.
2025-03-27 18:52:50,799 - INFO - Starting script: C:\Users\jan\Documents\creative\gaussian\camera-control\GoPro13-Control-App\date_time_sync.py
2025-03-27 18:52:50,863 - ERROR - Traceback (most recent call last):
2025-03-27 18:52:50,863 - ERROR - File "C:\Users\jan\Documents\creative\gaussian\camera-control\GoPro13-Control-App\date_time_sync.py", line 8, in <module>
2025-03-27 18:52:50,863 - ERROR - import requests
2025-03-27 18:52:50,863 - ERROR - ModuleNotFoundError: No module named 'requests'
2025-03-27 18:52:50,865 - INFO - Successfully completed script: C:\Users\jan\Documents\creative\gaussian\camera-control\GoPro13-Control-App\date_time_sync.py
2025-03-27 18:52:50,865 - INFO - All scripts executed successfully. Total cameras discovered: 0.
2025-03-27 18:52:50,865 - INFO - Starting script: C:\Users\jan\Documents\creative\gaussian\camera-control\GoPro13-Control-App\set_preset_0.py
2025-03-27 18:52:50,938 - ERROR - Traceback (most recent call last):
2025-03-27 18:52:50,938 - ERROR - File "C:\Users\jan\Documents\creative\gaussian\camera-control\GoPro13-Control-App\set_preset_0.py", line 8, in <module>
2025-03-27 18:52:50,938 - ERROR - import requests
2025-03-27 18:52:50,938 - ERROR - ModuleNotFoundError: No module named 'requests'
2025-03-27 18:52:50,940 - INFO - Successfully completed script: C:\Users\jan\Documents\creative\gaussian\camera-control\GoPro13-Control-App\set_preset_0.py
2025-03-27 18:52:50,940 - INFO - Preset 0 set on all cameras.
2025-03-27 18:55:02,929 - INFO - Starting script: C:\Users\jan\Documents\creative\gaussian\camera-control\GoPro13-Control-App\goprolist_and_start_usb.py
2025-03-27 18:55:04,346 - ERROR - Traceback (most recent call last):
2025-03-27 18:55:04,346 - ERROR - File "C:\Users\jan\Documents\creative\gaussian\camera-control\GoPro13-Control-App\goprolist_and_start_usb.py", line 4, in <module>
2025-03-27 18:55:04,346 - ERROR - from zeroconf import Zeroconf, ServiceBrowser
2025-03-27 18:55:04,346 - ERROR - ModuleNotFoundError: No module named 'zeroconf'
2025-03-27 18:55:04,351 - INFO - Successfully completed script: C:\Users\jan\Documents\creative\gaussian\camera-control\GoPro13-Control-App\goprolist_and_start_usb.py
2025-03-27 18:55:04,351 - INFO - Starting script: C:\Users\jan\Documents\creative\gaussian\camera-control\GoPro13-Control-App\read_and_write_all_settings_from_prime_to_other.py
2025-03-27 18:55:04,724 - ERROR - Traceback (most recent call last):
2025-03-27 18:55:04,724 - ERROR - File "C:\Users\jan\Documents\creative\gaussian\camera-control\GoPro13-Control-App\read_and_write_all_settings_from_prime_to_other.py", line 10, in <module>
2025-03-27 18:55:04,725 - ERROR - from goprolist_and_start_usb import discover_gopro_devices
2025-03-27 18:55:04,725 - ERROR - File "C:\Users\jan\Documents\creative\gaussian\camera-control\GoPro13-Control-App\goprolist_and_start_usb.py", line 4, in <module>
2025-03-27 18:55:04,725 - ERROR - from zeroconf import Zeroconf, ServiceBrowser
2025-03-27 18:55:04,725 - ERROR - ModuleNotFoundError: No module named 'zeroconf'
2025-03-27 18:55:04,728 - INFO - Successfully completed script: C:\Users\jan\Documents\creative\gaussian\camera-control\GoPro13-Control-App\read_and_write_all_settings_from_prime_to_other.py
2025-03-27 18:55:04,729 - INFO - Discovered 0 cameras.
2025-03-27 18:55:04,729 - INFO - Starting script: C:\Users\jan\Documents\creative\gaussian\camera-control\GoPro13-Control-App\date_time_sync.py
2025-03-27 18:55:05,120 - ERROR - Traceback (most recent call last):
2025-03-27 18:55:05,121 - ERROR - File "C:\Users\jan\Documents\creative\gaussian\camera-control\GoPro13-Control-App\date_time_sync.py", line 12, in <module>
2025-03-27 18:55:05,121 - ERROR - from goprolist_and_start_usb import discover_gopro_devices
2025-03-27 18:55:05,121 - ERROR - File "C:\Users\jan\Documents\creative\gaussian\camera-control\GoPro13-Control-App\goprolist_and_start_usb.py", line 4, in <module>
2025-03-27 18:55:05,121 - ERROR - from zeroconf import Zeroconf, ServiceBrowser
2025-03-27 18:55:05,121 - ERROR - ModuleNotFoundError: No module named 'zeroconf'
2025-03-27 18:55:05,124 - INFO - Successfully completed script: C:\Users\jan\Documents\creative\gaussian\camera-control\GoPro13-Control-App\date_time_sync.py
2025-03-27 18:55:05,124 - INFO - All scripts executed successfully. Total cameras discovered: 0.
2025-03-27 18:55:05,124 - INFO - Starting script: C:\Users\jan\Documents\creative\gaussian\camera-control\GoPro13-Control-App\set_preset_0.py
2025-03-27 18:55:05,509 - ERROR - Traceback (most recent call last):
2025-03-27 18:55:05,509 - ERROR - File "C:\Users\jan\Documents\creative\gaussian\camera-control\GoPro13-Control-App\set_preset_0.py", line 11, in <module>
2025-03-27 18:55:05,509 - ERROR - from goprolist_and_start_usb import discover_gopro_devices
2025-03-27 18:55:05,509 - ERROR - File "C:\Users\jan\Documents\creative\gaussian\camera-control\GoPro13-Control-App\goprolist_and_start_usb.py", line 4, in <module>
2025-03-27 18:55:05,510 - ERROR - from zeroconf import Zeroconf, ServiceBrowser
2025-03-27 18:55:05,510 - ERROR - ModuleNotFoundError: No module named 'zeroconf'
2025-03-27 18:55:05,513 - INFO - Successfully completed script: C:\Users\jan\Documents\creative\gaussian\camera-control\GoPro13-Control-App\set_preset_0.py
2025-03-27 18:55:05,513 - INFO - Preset 0 set on all cameras.
2025-03-27 18:56:22,134 - INFO - Starting script: C:\Users\jan\Documents\creative\gaussian\camera-control\GoPro13-Control-App\goprolist_and_start_usb.py
2025-03-27 18:56:36,833 - ERROR - ERROR:root:Missing dependency: No module named 'PyQt5'
2025-03-27 18:56:36,833 - ERROR - ERROR:root:Error in main execution: No module named 'PyQt5'
2025-03-27 18:56:36,837 - INFO - Successfully completed script: C:\Users\jan\Documents\creative\gaussian\camera-control\GoPro13-Control-App\goprolist_and_start_usb.py
2025-03-27 18:56:36,838 - INFO - Starting script: C:\Users\jan\Documents\creative\gaussian\camera-control\GoPro13-Control-App\read_and_write_all_settings_from_prime_to_other.py
2025-03-27 18:56:37,323 - ERROR - Traceback (most recent call last):
2025-03-27 18:56:37,323 - ERROR - File "C:\Users\jan\Documents\creative\gaussian\camera-control\GoPro13-Control-App\read_and_write_all_settings_from_prime_to_other.py", line 17, in <module>
2025-03-27 18:56:37,323 - ERROR - from PyQt5.QtWidgets import QApplication
2025-03-27 18:56:37,323 - ERROR - ModuleNotFoundError: No module named 'PyQt5'
2025-03-27 18:56:37,327 - INFO - Successfully completed script: C:\Users\jan\Documents\creative\gaussian\camera-control\GoPro13-Control-App\read_and_write_all_settings_from_prime_to_other.py
2025-03-27 18:56:37,327 - INFO - Discovered 0 cameras.
2025-03-27 18:56:37,327 - INFO - Starting script: C:\Users\jan\Documents\creative\gaussian\camera-control\GoPro13-Control-App\date_time_sync.py
2025-03-27 18:56:52,922 - ERROR - INFO:root:Searching for GoPro cameras (attempt 1/3)...
2025-03-27 18:56:52,922 - ERROR - INFO:root:Discovered GoPro: C3531325002143._gopro-web._tcp.local. at 172.21.143.51
2025-03-27 18:56:52,922 - ERROR - INFO:root:Found 1 GoPro devices.
2025-03-27 18:56:52,922 - ERROR - INFO:root:Camera 172.21.143.51 waiting at barrier for time sync
2025-03-27 18:56:52,922 - ERROR - INFO:root:Time set on camera 172.21.143.51 at 1743098212.824977, response at 1743098212.901062
2025-03-27 18:56:52,922 - ERROR - INFO:root:Time synchronization completed successfully on all cameras
2025-03-27 18:56:52,928 - INFO - Successfully completed script: C:\Users\jan\Documents\creative\gaussian\camera-control\GoPro13-Control-App\date_time_sync.py
2025-03-27 18:56:52,929 - INFO - All scripts executed successfully. Total cameras discovered: 0.
2025-03-27 18:56:52,929 - INFO - Starting script: C:\Users\jan\Documents\creative\gaussian\camera-control\GoPro13-Control-App\set_preset_0.py
2025-03-27 18:56:53,454 - ERROR - 2025-03-27 18:56:53,433 - root - ERROR - Missing dependency: No module named 'PyQt5'
2025-03-27 18:56:53,454 - ERROR - 2025-03-27 18:56:53,433 - root - ERROR - Error in preset operation: No module named 'PyQt5'
2025-03-27 18:56:53,460 - INFO - Successfully completed script: C:\Users\jan\Documents\creative\gaussian\camera-control\GoPro13-Control-App\set_preset_0.py
2025-03-27 18:56:53,460 - INFO - Preset 0 set on all cameras.
2025-03-27 18:57:42,571 - INFO - Starting script: C:\Users\jan\Documents\creative\gaussian\camera-control\GoPro13-Control-App\goprolist_and_start_usb.py
2025-03-27 18:57:43,100 - ERROR - ERROR:root:Missing dependency: No module named 'humanize'
2025-03-27 18:57:43,100 - ERROR - ERROR:root:Error in main execution: No module named 'humanize'
2025-03-27 18:57:43,105 - INFO - Successfully completed script: C:\Users\jan\Documents\creative\gaussian\camera-control\GoPro13-Control-App\goprolist_and_start_usb.py
2025-03-27 18:57:43,105 - INFO - Starting script: C:\Users\jan\Documents\creative\gaussian\camera-control\GoPro13-Control-App\read_and_write_all_settings_from_prime_to_other.py
2025-03-27 19:00:06,736 - INFO - Starting script: C:\Users\jan\Documents\creative\gaussian\camera-control\GoPro13-Control-App\goprolist_and_start_usb.py
2025-03-27 19:00:41,657 - ERROR - WARNING:root:No devices found on attempt 1, retrying...
2025-03-27 19:00:41,662 - INFO - Successfully completed script: C:\Users\jan\Documents\creative\gaussian\camera-control\GoPro13-Control-App\goprolist_and_start_usb.py
2025-03-27 19:00:41,662 - INFO - Starting script: C:\Users\jan\Documents\creative\gaussian\camera-control\GoPro13-Control-App\read_and_write_all_settings_from_prime_to_other.py
2025-03-27 19:01:00,297 - INFO - Starting script: C:\Users\jan\Documents\creative\gaussian\camera-control\GoPro13-Control-App\goprolist_and_start_usb.py
2025-03-27 19:01:18,091 - INFO - Successfully completed script: C:\Users\jan\Documents\creative\gaussian\camera-control\GoPro13-Control-App\goprolist_and_start_usb.py
2025-03-27 19:01:18,091 - INFO - Starting script: C:\Users\jan\Documents\creative\gaussian\camera-control\GoPro13-Control-App\read_and_write_all_settings_from_prime_to_other.py
2025-03-27 19:01:34,178 - INFO - Starting script: C:\Users\jan\Documents\creative\gaussian\camera-control\GoPro13-Control-App\goprolist_and_start_usb.py
2025-03-27 19:01:49,516 - INFO - Starting script: C:\Users\jan\Documents\creative\gaussian\camera-control\GoPro13-Control-App\goprolist_and_start_usb.py
2025-03-27 19:02:25,353 - ERROR - WARNING:zeroconf:Error with socket 924 (('172.21.143.55', 5353))): [WinError 59] An unexpected network error occurred
2025-03-27 19:02:25,353 - ERROR - Traceback (most recent call last):
2025-03-27 19:02:25,353 - ERROR - File "C:\Program Files\WindowsApps\PythonSoftwareFoundation.Python.3.13_3.13.752.0_x64__qbz5n2kfra8p0\Lib\asyncio\proactor_events.py", line 520, in _loop_writing
2025-03-27 19:02:25,353 - ERROR - fut.result()
2025-03-27 19:02:25,353 - ERROR - ~~~~~~~~~~^^
2025-03-27 19:02:25,353 - ERROR - File "C:\Program Files\WindowsApps\PythonSoftwareFoundation.Python.3.13_3.13.752.0_x64__qbz5n2kfra8p0\Lib\asyncio\windows_events.py", line 804, in _poll
2025-03-27 19:02:25,354 - ERROR - value = callback(transferred, key, ov)
2025-03-27 19:02:25,354 - ERROR - File "C:\Program Files\WindowsApps\PythonSoftwareFoundation.Python.3.13_3.13.752.0_x64__qbz5n2kfra8p0\Lib\asyncio\windows_events.py", line 463, in finish_socket_func
2025-03-27 19:02:25,354 - ERROR - return ov.getresult()
2025-03-27 19:02:25,354 - ERROR - ~~~~~~~~~~~~^^
2025-03-27 19:02:25,354 - ERROR - OSError: [WinError 59] An unexpected network error occurred
2025-03-27 19:02:25,354 - ERROR - ERROR:root:Error toggling USB control on camera 172.21.143.51: HTTPConnectionPool(host='172.21.143.51', port=8080): Max retries exceeded with url: /gopro/camera/control/wired_usb?p=0 (Caused by ConnectTimeoutError(<urllib3.connection.HTTPConnection object at 0x000001F246AA2AD0>, 'Connection to 172.21.143.51 timed out. (connect timeout=5)'))
2025-03-27 19:02:25,354 - ERROR - ERROR:root:Error toggling USB control on camera 172.21.143.51: HTTPConnectionPool(host='172.21.143.51', port=8080): Max retries exceeded with url: /gopro/camera/control/wired_usb?p=1 (Caused by NewConnectionError('<urllib3.connection.HTTPConnection object at 0x000001F246BDC050>: Failed to establish a new connection: [WinError 10053] An established connection was aborted by the software in your host machine'))
2025-03-27 19:02:25,354 - ERROR - ERROR:root:Error toggling USB control on camera 172.21.143.51: HTTPConnectionPool(host='172.21.143.51', port=8080): Max retries exceeded with url: /gopro/camera/control/wired_usb?p=0 (Caused by NewConnectionError('<urllib3.connection.HTTPConnection object at 0x000001F246AB3CE0>: Failed to establish a new connection: [WinError 10053] An established connection was aborted by the software in your host machine'))
2025-03-27 19:02:25,354 - ERROR - ERROR:root:Error toggling USB control on camera 172.21.143.51: HTTPConnectionPool(host='172.21.143.51', port=8080): Max retries exceeded with url: /gopro/camera/control/wired_usb?p=1 (Caused by NewConnectionError('<urllib3.connection.HTTPConnection object at 0x000001F246AE7410>: Failed to establish a new connection: [WinError 10053] An established connection was aborted by the software in your host machine'))
2025-03-27 19:02:25,355 - ERROR - ERROR:root:Error toggling USB control on camera 172.21.143.51: HTTPConnectionPool(host='172.21.143.51', port=8080): Max retries exceeded with url: /gopro/camera/control/wired_usb?p=1 (Caused by NewConnectionError('<urllib3.connection.HTTPConnection object at 0x000001F246B89040>: Failed to establish a new connection: [WinError 10053] An established connection was aborted by the software in your host machine'))
2025-03-27 19:02:25,355 - ERROR - ERROR:root:Failed to reset USB control for camera 172.21.143.51 after 3 attempts
2025-03-27 19:02:25,358 - INFO - Successfully completed script: C:\Users\jan\Documents\creative\gaussian\camera-control\GoPro13-Control-App\goprolist_and_start_usb.py
2025-03-27 19:02:25,359 - INFO - Starting script: C:\Users\jan\Documents\creative\gaussian\camera-control\GoPro13-Control-App\read_and_write_all_settings_from_prime_to_other.py
2025-03-27 19:02:39,191 - ERROR - WARNING:root:No devices found on attempt 1, retrying...
2025-03-27 19:02:39,191 - ERROR - WARNING:root:No devices found on attempt 2, retrying...
2025-03-27 19:02:39,192 - ERROR - WARNING:root:No devices found after all attempts.
2025-03-27 19:02:39,192 - ERROR - ERROR:root:No GoPro devices found.
2025-03-27 19:02:39,196 - INFO - Successfully completed script: C:\Users\jan\Documents\creative\gaussian\camera-control\GoPro13-Control-App\goprolist_and_start_usb.py
2025-03-27 19:02:39,197 - INFO - Starting script: C:\Users\jan\Documents\creative\gaussian\camera-control\GoPro13-Control-App\read_and_write_all_settings_from_prime_to_other.py
2025-03-27 19:03:29,951 - INFO - Starting script: C:\Users\jan\Documents\creative\gaussian\camera-control\GoPro13-Control-App\goprolist_and_start_usb.py
2025-03-27 19:03:47,773 - INFO - Successfully completed script: C:\Users\jan\Documents\creative\gaussian\camera-control\GoPro13-Control-App\goprolist_and_start_usb.py
2025-03-27 19:03:47,773 - INFO - Starting script: C:\Users\jan\Documents\creative\gaussian\camera-control\GoPro13-Control-App\read_and_write_all_settings_from_prime_to_other.py
2025-03-27 19:08:00,559 - INFO - Starting script: C:\Users\jan\Documents\creative\gaussian\camera-control\GoPro13-Control-App\goprolist_and_start_usb.py
2025-03-27 19:08:18,509 - INFO - Successfully completed script: C:\Users\jan\Documents\creative\gaussian\camera-control\GoPro13-Control-App\goprolist_and_start_usb.py
2025-03-27 19:08:18,510 - INFO - Starting script: C:\Users\jan\Documents\creative\gaussian\camera-control\GoPro13-Control-App\read_and_write_all_settings_from_prime_to_other.py
2025-03-27 19:09:52,643 - INFO - Starting script: C:\Users\jan\Documents\creative\gaussian\camera-control\GoPro13-Control-App\goprolist_and_start_usb.py
2025-03-27 19:10:10,552 - INFO - Successfully completed script: C:\Users\jan\Documents\creative\gaussian\camera-control\GoPro13-Control-App\goprolist_and_start_usb.py
2025-03-27 19:10:10,552 - INFO - Starting script: C:\Users\jan\Documents\creative\gaussian\camera-control\GoPro13-Control-App\read_and_write_all_settings_from_prime_to_other.py
2025-03-27 19:39:09,163 - INFO - Starting script: C:\Users\jan\Documents\creative\gaussian\camera-control\GoPro13-Control-App\goprolist_and_start_usb.py
2025-03-27 19:40:04,012 - ERROR - WARNING:root:No devices found on attempt 1, retrying...
2025-03-27 19:40:04,012 - ERROR - WARNING:root:No devices found on attempt 2, retrying...
2025-03-27 19:40:04,017 - INFO - Successfully completed script: C:\Users\jan\Documents\creative\gaussian\camera-control\GoPro13-Control-App\goprolist_and_start_usb.py
2025-03-27 19:40:04,017 - INFO - Starting script: C:\Users\jan\Documents\creative\gaussian\camera-control\GoPro13-Control-App\read_and_write_all_settings_from_prime_to_other.py
2025-03-27 19:40:56,132 - INFO - Starting script: C:\Users\jan\Documents\creative\gaussian\camera-control\GoPro13-Control-App\goprolist_and_start_usb.py
2025-03-27 19:41:13,956 - INFO - Successfully completed script: C:\Users\jan\Documents\creative\gaussian\camera-control\GoPro13-Control-App\goprolist_and_start_usb.py
2025-03-27 19:41:13,956 - INFO - Starting script: C:\Users\jan\Documents\creative\gaussian\camera-control\GoPro13-Control-App\read_and_write_all_settings_from_prime_to_other.py
2025-03-27 19:42:45,191 - INFO - Starting script: C:\Users\jan\Documents\creative\gaussian\camera-control\GoPro13-Control-App\goprolist_and_start_usb.py
2025-03-27 19:43:32,608 - INFO - Starting script: C:\Users\jan\Documents\creative\gaussian\camera-control\GoPro13-Control-App\goprolist_and_start_usb.py
2025-03-27 19:43:34,948 - ERROR - WARNING:root:No devices found on attempt 1, retrying...
2025-03-27 19:43:34,949 - ERROR - WARNING:root:No devices found on attempt 2, retrying...
2025-03-27 19:43:34,949 - ERROR - WARNING:root:No devices found after all attempts.
2025-03-27 19:43:34,949 - ERROR - ERROR:root:No GoPro devices found.
2025-03-27 19:43:34,954 - INFO - Successfully completed script: C:\Users\jan\Documents\creative\gaussian\camera-control\GoPro13-Control-App\goprolist_and_start_usb.py
2025-03-27 19:43:34,955 - INFO - Starting script: C:\Users\jan\Documents\creative\gaussian\camera-control\GoPro13-Control-App\read_and_write_all_settings_from_prime_to_other.py
2025-03-27 19:43:50,470 - INFO - Successfully completed script: C:\Users\jan\Documents\creative\gaussian\camera-control\GoPro13-Control-App\goprolist_and_start_usb.py
2025-03-27 19:43:50,471 - INFO - Starting script: C:\Users\jan\Documents\creative\gaussian\camera-control\GoPro13-Control-App\read_and_write_all_settings_from_prime_to_other.py
2025-03-27 19:46:15,773 - ERROR - 2025-03-27 19:43:51,277 - root - INFO - Searching for GoPro cameras (attempt 1/3)...
2025-03-27 19:46:15,774 - ERROR - 2025-03-27 19:43:52,880 - root - INFO - Discovered GoPro: C3531325002143._gopro-web._tcp.local. at 172.21.143.51
2025-03-27 19:46:15,774 - ERROR - 2025-03-27 19:44:06,279 - root - INFO - Found 1 GoPro devices.
2025-03-27 19:46:15,774 - ERROR - 2025-03-27 19:44:06,283 - root - INFO - Found the following GoPro devices:
2025-03-27 19:46:15,774 - ERROR - 2025-03-27 19:44:06,283 - root - INFO - Name: C3531325002143._gopro-web._tcp.local., IP: 172.21.143.51
2025-03-27 19:46:15,774 - ERROR - 2025-03-27 19:44:06,290 - root - INFO - Cache updated successfully with 5 devices.
2025-03-27 19:46:15,774 - ERROR - 2025-03-27 19:44:06,291 - root - INFO - Resetting USB control on camera 172.21.143.51 (attempt 1/3)
2025-03-27 19:46:15,774 - ERROR - 2025-03-27 19:44:06,385 - root - INFO - USB control disabled on camera 172.21.143.51.
2025-03-27 19:46:15,774 - ERROR - 2025-03-27 19:44:08,468 - root - INFO - USB control enabled on camera 172.21.143.51.
2025-03-27 19:46:15,774 - ERROR - 2025-03-27 19:44:08,527 - root - INFO - USB control successfully reset for camera 172.21.143.51
2025-03-27 19:46:15,774 - ERROR - 2025-03-27 19:44:10,546 - root - INFO - Searching for GoPro cameras (attempt 1/3)...
2025-03-27 19:46:15,774 - ERROR - 2025-03-27 19:44:10,654 - root - INFO - Discovered GoPro: C3531325002143._gopro-web._tcp.local. at 172.21.143.51
2025-03-27 19:46:15,774 - ERROR - 2025-03-27 19:44:25,548 - root - INFO - Found 1 GoPro devices.
2025-03-27 19:46:15,775 - ERROR - 2025-03-27 19:44:25,552 - root - INFO - Found 1 cameras
2025-03-27 19:46:15,775 - ERROR - 2025-03-27 19:44:25,569 - root - INFO - Found prime camera: {'name': 'C3531325002143._gopro-web._tcp.local.', 'ip': '172.21.143.51'}
2025-03-27 19:46:15,775 - ERROR - 2025-03-27 19:44:25,630 - root - INFO - Camera info: Model=HERO13 BLACK, Firmware=H24.01.01.30.72
2025-03-27 19:46:15,775 - ERROR - 2025-03-27 19:44:25,641 - root - INFO - Found prime camera: {'name': 'C3531325002143._gopro-web._tcp.local.', 'ip': '172.21.143.51'}
2025-03-27 19:46:15,775 - ERROR - 2025-03-27 19:44:25,643 - root - ERROR - Error copying settings: max_workers must be greater than 0
2025-03-27 19:46:15,775 - ERROR - QObject::~QObject: Timers cannot be stopped from another thread
2025-03-27 19:46:15,782 - INFO - Successfully completed script: C:\Users\jan\Documents\creative\gaussian\camera-control\GoPro13-Control-App\read_and_write_all_settings_from_prime_to_other.py
2025-03-27 19:46:15,782 - INFO - Discovered 2 cameras.
2025-03-27 19:46:15,782 - INFO - Starting script: C:\Users\jan\Documents\creative\gaussian\camera-control\GoPro13-Control-App\date_time_sync.py
2025-03-27 19:46:15,789 - ERROR - 2025-03-27 19:43:35,815 - root - INFO - Searching for GoPro cameras (attempt 1/3)...
2025-03-27 19:46:15,789 - ERROR - 2025-03-27 19:43:35,923 - root - INFO - Discovered GoPro: C3531325002143._gopro-web._tcp.local. at 172.21.143.51
2025-03-27 19:46:15,789 - ERROR - 2025-03-27 19:43:50,817 - root - INFO - Found 1 GoPro devices.
2025-03-27 19:46:15,789 - ERROR - 2025-03-27 19:43:50,819 - root - INFO - Found the following GoPro devices:
2025-03-27 19:46:15,789 - ERROR - 2025-03-27 19:43:50,819 - root - INFO - Name: C3531325002143._gopro-web._tcp.local., IP: 172.21.143.51
2025-03-27 19:46:15,790 - ERROR - 2025-03-27 19:43:50,822 - root - INFO - Cache updated successfully with 5 devices.
2025-03-27 19:46:15,790 - ERROR - 2025-03-27 19:43:50,823 - root - INFO - Resetting USB control on camera 172.21.143.51 (attempt 1/3)
2025-03-27 19:46:15,790 - ERROR - 2025-03-27 19:43:50,905 - root - INFO - USB control disabled on camera 172.21.143.51.
2025-03-27 19:46:15,790 - ERROR - 2025-03-27 19:43:52,993 - root - INFO - USB control enabled on camera 172.21.143.51.
2025-03-27 19:46:15,790 - ERROR - 2025-03-27 19:43:53,040 - root - INFO - USB control successfully reset for camera 172.21.143.51
2025-03-27 19:46:15,790 - ERROR - 2025-03-27 19:43:55,052 - root - INFO - Searching for GoPro cameras (attempt 1/3)...
2025-03-27 19:46:15,790 - ERROR - 2025-03-27 19:43:55,213 - root - INFO - Discovered GoPro: C3531325002143._gopro-web._tcp.local. at 172.21.143.51
2025-03-27 19:46:15,790 - ERROR - 2025-03-27 19:44:06,409 - root - INFO - GoPro C3531325002143._gopro-web._tcp.local. removed
2025-03-27 19:46:15,790 - ERROR - 2025-03-27 19:44:10,053 - root - INFO - Found 1 GoPro devices.
2025-03-27 19:46:15,790 - ERROR - 2025-03-27 19:44:10,058 - root - INFO - Found 1 cameras
2025-03-27 19:46:15,791 - ERROR - 2025-03-27 19:44:10,072 - root - INFO - Found prime camera: {'name': 'C3531325002143._gopro-web._tcp.local.', 'ip': '172.21.143.51'}
2025-03-27 19:46:15,791 - ERROR - 2025-03-27 19:44:10,140 - root - INFO - Camera info: Model=HERO13 BLACK, Firmware=H24.01.01.30.72
2025-03-27 19:46:15,791 - ERROR - 2025-03-27 19:44:10,168 - root - INFO - Found prime camera: {'name': 'C3531325002143._gopro-web._tcp.local.', 'ip': '172.21.143.51'}
2025-03-27 19:46:15,791 - ERROR - 2025-03-27 19:44:10,169 - root - ERROR - Error copying settings: max_workers must be greater than 0
2025-03-27 19:46:15,791 - ERROR - QObject::~QObject: Timers cannot be stopped from another thread
2025-03-27 19:46:15,798 - INFO - Successfully completed script: C:\Users\jan\Documents\creative\gaussian\camera-control\GoPro13-Control-App\read_and_write_all_settings_from_prime_to_other.py
2025-03-27 19:46:15,798 - INFO - Discovered 2 cameras.
2025-03-27 19:46:15,798 - INFO - Starting script: C:\Users\jan\Documents\creative\gaussian\camera-control\GoPro13-Control-App\date_time_sync.py
2025-03-27 19:46:15,819 - ERROR - 2025-03-27 19:41:15,058 - root - INFO - Searching for GoPro cameras (attempt 1/3)...
2025-03-27 19:46:15,819 - ERROR - 2025-03-27 19:41:15,206 - root - INFO - Discovered GoPro: C3531325002143._gopro-web._tcp.local. at 172.21.143.51
2025-03-27 19:46:15,819 - ERROR - 2025-03-27 19:41:30,059 - root - INFO - Found 1 GoPro devices.
2025-03-27 19:46:15,819 - ERROR - 2025-03-27 19:41:30,064 - root - INFO - Found the following GoPro devices:
2025-03-27 19:46:15,819 - ERROR - 2025-03-27 19:41:30,064 - root - INFO - Name: C3531325002143._gopro-web._tcp.local., IP: 172.21.143.51
2025-03-27 19:46:15,819 - ERROR - 2025-03-27 19:41:30,071 - root - INFO - Cache updated successfully with 5 devices.
2025-03-27 19:46:15,819 - ERROR - 2025-03-27 19:41:30,073 - root - INFO - Resetting USB control on camera 172.21.143.51 (attempt 1/3)
2025-03-27 19:46:15,819 - ERROR - 2025-03-27 19:41:30,187 - root - INFO - USB control disabled on camera 172.21.143.51.
2025-03-27 19:46:15,819 - ERROR - 2025-03-27 19:41:32,287 - root - INFO - USB control enabled on camera 172.21.143.51.
2025-03-27 19:46:15,820 - ERROR - 2025-03-27 19:41:32,325 - root - INFO - USB control successfully reset for camera 172.21.143.51
2025-03-27 19:46:15,820 - ERROR - 2025-03-27 19:41:34,344 - root - INFO - Searching for GoPro cameras (attempt 1/3)...
2025-03-27 19:46:15,820 - ERROR - 2025-03-27 19:41:34,428 - root - INFO - Discovered GoPro: C3531325002143._gopro-web._tcp.local. at 172.21.143.51
2025-03-27 19:46:15,820 - ERROR - 2025-03-27 19:41:49,345 - root - INFO - Found 1 GoPro devices.
2025-03-27 19:46:15,820 - ERROR - 2025-03-27 19:41:49,350 - root - INFO - Found 1 cameras
2025-03-27 19:46:15,820 - ERROR - 2025-03-27 19:41:49,365 - root - INFO - Found prime camera: {'name': 'C3531325002143._gopro-web._tcp.local.', 'ip': '172.21.143.51'}
2025-03-27 19:46:15,820 - ERROR - 2025-03-27 19:41:49,462 - root - INFO - Camera info: Model=HERO13 BLACK, Firmware=H24.01.01.30.72
2025-03-27 19:46:15,820 - ERROR - 2025-03-27 19:41:49,474 - root - INFO - Found prime camera: {'name': 'C3531325002143._gopro-web._tcp.local.', 'ip': '172.21.143.51'}
2025-03-27 19:46:15,820 - ERROR - 2025-03-27 19:41:49,476 - root - ERROR - Error copying settings: max_workers must be greater than 0
2025-03-27 19:46:15,826 - INFO - Successfully completed script: C:\Users\jan\Documents\creative\gaussian\camera-control\GoPro13-Control-App\read_and_write_all_settings_from_prime_to_other.py
2025-03-27 19:46:15,826 - INFO - Discovered 2 cameras.
2025-03-27 19:46:15,826 - INFO - Starting script: C:\Users\jan\Documents\creative\gaussian\camera-control\GoPro13-Control-App\date_time_sync.py
2025-03-27 19:46:15,840 - ERROR - 2025-03-27 19:40:05,154 - root - INFO - Searching for GoPro cameras (attempt 1/3)...
2025-03-27 19:46:15,840 - ERROR - 2025-03-27 19:40:05,321 - root - INFO - Discovered GoPro: C3531325002143._gopro-web._tcp.local. at 172.21.143.51
2025-03-27 19:46:15,840 - ERROR - 2025-03-27 19:40:20,155 - root - INFO - Found 1 GoPro devices.
2025-03-27 19:46:15,840 - ERROR - 2025-03-27 19:40:20,159 - root - INFO - Found the following GoPro devices:
2025-03-27 19:46:15,840 - ERROR - 2025-03-27 19:40:20,159 - root - INFO - Name: C3531325002143._gopro-web._tcp.local., IP: 172.21.143.51
2025-03-27 19:46:15,840 - ERROR - 2025-03-27 19:40:20,166 - root - INFO - Cache updated successfully with 5 devices.
2025-03-27 19:46:15,841 - ERROR - 2025-03-27 19:40:20,168 - root - INFO - Resetting USB control on camera 172.21.143.51 (attempt 1/3)
2025-03-27 19:46:15,841 - ERROR - 2025-03-27 19:40:20,276 - root - INFO - USB control disabled on camera 172.21.143.51.
2025-03-27 19:46:15,841 - ERROR - 2025-03-27 19:40:22,375 - root - INFO - USB control enabled on camera 172.21.143.51.
2025-03-27 19:46:15,841 - ERROR - 2025-03-27 19:40:22,416 - root - INFO - USB control successfully reset for camera 172.21.143.51
2025-03-27 19:46:15,841 - ERROR - 2025-03-27 19:40:24,430 - root - INFO - Searching for GoPro cameras (attempt 1/3)...
2025-03-27 19:46:15,841 - ERROR - 2025-03-27 19:40:24,566 - root - INFO - Discovered GoPro: C3531325002143._gopro-web._tcp.local. at 172.21.143.51
2025-03-27 19:46:15,841 - ERROR - 2025-03-27 19:40:39,431 - root - INFO - Found 1 GoPro devices.
2025-03-27 19:46:15,841 - ERROR - 2025-03-27 19:40:39,435 - root - INFO - Found 1 cameras
2025-03-27 19:46:15,841 - ERROR - 2025-03-27 19:40:39,468 - root - INFO - Found prime camera: {'name': 'C3531325002143._gopro-web._tcp.local.', 'ip': '172.21.143.51'}
2025-03-27 19:46:15,841 - ERROR - 2025-03-27 19:40:39,522 - root - INFO - Camera info: Model=HERO13 BLACK, Firmware=H24.01.01.30.72
2025-03-27 19:46:15,841 - ERROR - 2025-03-27 19:40:39,532 - root - INFO - Found prime camera: {'name': 'C3531325002143._gopro-web._tcp.local.', 'ip': '172.21.143.51'}
2025-03-27 19:46:15,841 - ERROR - 2025-03-27 19:40:39,533 - root - ERROR - Error copying settings: max_workers must be greater than 0
2025-03-27 19:46:15,860 - ERROR - 2025-03-27 19:10:11,405 - root - INFO - Searching for GoPro cameras (attempt 1/3)...
2025-03-27 19:46:15,860 - ERROR - 2025-03-27 19:10:11,581 - root - INFO - Discovered GoPro: C3531325002143._gopro-web._tcp.local. at 172.21.143.51
2025-03-27 19:46:15,860 - ERROR - 2025-03-27 19:10:26,407 - root - INFO - Found 1 GoPro devices.
2025-03-27 19:46:15,860 - ERROR - 2025-03-27 19:10:26,411 - root - INFO - Found the following GoPro devices:
2025-03-27 19:46:15,861 - ERROR - 2025-03-27 19:10:26,411 - root - INFO - Name: C3531325002143._gopro-web._tcp.local., IP: 172.21.143.51
2025-03-27 19:46:15,861 - ERROR - 2025-03-27 19:10:26,419 - root - INFO - Cache updated successfully with 5 devices.
2025-03-27 19:46:15,861 - ERROR - 2025-03-27 19:10:26,420 - root - INFO - Resetting USB control on camera 172.21.143.51 (attempt 1/3)
2025-03-27 19:46:15,861 - ERROR - 2025-03-27 19:10:26,515 - root - INFO - USB control disabled on camera 172.21.143.51.
2025-03-27 19:46:15,861 - ERROR - 2025-03-27 19:10:28,615 - root - INFO - USB control enabled on camera 172.21.143.51.
2025-03-27 19:46:15,861 - ERROR - 2025-03-27 19:10:28,660 - root - INFO - USB control successfully reset for camera 172.21.143.51
2025-03-27 19:46:15,861 - ERROR - 2025-03-27 19:10:30,678 - root - INFO - Searching for GoPro cameras (attempt 1/3)...
2025-03-27 19:46:15,861 - ERROR - 2025-03-27 19:10:30,846 - root - INFO - Discovered GoPro: C3531325002143._gopro-web._tcp.local. at 172.21.143.51
2025-03-27 19:46:15,861 - ERROR - 2025-03-27 19:10:45,680 - root - INFO - Found 1 GoPro devices.
2025-03-27 19:46:15,861 - ERROR - 2025-03-27 19:10:45,684 - root - INFO - Found 1 cameras
2025-03-27 19:46:15,861 - ERROR - 2025-03-27 19:10:45,699 - root - INFO - Found prime camera: {'name': 'C3531325002143._gopro-web._tcp.local.', 'ip': '172.21.143.51'}
2025-03-27 19:46:15,861 - ERROR - 2025-03-27 19:10:45,781 - root - INFO - Camera info: Model=HERO13 BLACK, Firmware=H24.01.01.30.72
2025-03-27 19:46:15,861 - ERROR - 2025-03-27 19:10:45,792 - root - INFO - Found prime camera: {'name': 'C3531325002143._gopro-web._tcp.local.', 'ip': '172.21.143.51'}
2025-03-27 19:46:15,861 - ERROR - 2025-03-27 19:10:45,793 - root - ERROR - Error copying settings: max_workers must be greater than 0
2025-03-27 19:46:15,866 - INFO - Successfully completed script: C:\Users\jan\Documents\creative\gaussian\camera-control\GoPro13-Control-App\read_and_write_all_settings_from_prime_to_other.py
2025-03-27 19:46:15,866 - INFO - Discovered 2 cameras.
2025-03-27 19:46:15,866 - INFO - Starting script: C:\Users\jan\Documents\creative\gaussian\camera-control\GoPro13-Control-App\date_time_sync.py
2025-03-27 19:46:15,880 - ERROR - 2025-03-27 19:08:19,331 - root - INFO - Searching for GoPro cameras (attempt 1/3)...
2025-03-27 19:46:15,880 - ERROR - 2025-03-27 19:08:19,459 - root - INFO - Discovered GoPro: C3531325002143._gopro-web._tcp.local. at 172.21.143.51
2025-03-27 19:46:15,880 - ERROR - 2025-03-27 19:08:34,332 - root - INFO - Found 1 GoPro devices.
2025-03-27 19:46:15,880 - ERROR - 2025-03-27 19:08:34,336 - root - INFO - Found the following GoPro devices:
2025-03-27 19:46:15,880 - ERROR - 2025-03-27 19:08:34,337 - root - INFO - Name: C3531325002143._gopro-web._tcp.local., IP: 172.21.143.51
2025-03-27 19:46:15,880 - ERROR - 2025-03-27 19:08:34,340 - root - INFO - Cache updated successfully with 5 devices.
2025-03-27 19:46:15,880 - ERROR - 2025-03-27 19:08:34,340 - root - INFO - Resetting USB control on camera 172.21.143.51 (attempt 1/3)
2025-03-27 19:46:15,880 - ERROR - 2025-03-27 19:08:34,429 - root - INFO - USB control disabled on camera 172.21.143.51.
2025-03-27 19:46:15,881 - ERROR - 2025-03-27 19:08:36,513 - root - INFO - USB control enabled on camera 172.21.143.51.
2025-03-27 19:46:15,881 - ERROR - 2025-03-27 19:08:36,551 - root - INFO - USB control successfully reset for camera 172.21.143.51
2025-03-27 19:46:15,881 - ERROR - 2025-03-27 19:08:38,572 - root - INFO - Searching for GoPro cameras (attempt 1/3)...
2025-03-27 19:46:15,881 - ERROR - 2025-03-27 19:08:38,693 - root - INFO - Discovered GoPro: C3531325002143._gopro-web._tcp.local. at 172.21.143.51
2025-03-27 19:46:15,881 - ERROR - 2025-03-27 19:08:53,573 - root - INFO - Found 1 GoPro devices.
2025-03-27 19:46:15,881 - ERROR - 2025-03-27 19:08:53,577 - root - INFO - Found 1 cameras
2025-03-27 19:46:15,881 - ERROR - 2025-03-27 19:08:53,586 - root - INFO - Found prime camera: {'name': 'C3531325002143._gopro-web._tcp.local.', 'ip': '172.21.143.51'}
2025-03-27 19:46:15,881 - ERROR - 2025-03-27 19:08:53,627 - root - INFO - Camera info: Model=HERO13 BLACK, Firmware=H24.01.01.30.72
2025-03-27 19:46:15,881 - ERROR - 2025-03-27 19:08:53,634 - root - INFO - Found prime camera: {'name': 'C3531325002143._gopro-web._tcp.local.', 'ip': '172.21.143.51'}
2025-03-27 19:46:15,881 - ERROR - 2025-03-27 19:08:53,634 - root - ERROR - Error copying settings: max_workers must be greater than 0
2025-03-27 19:46:28,223 - INFO - Starting script: C:\Users\jan\Documents\creative\gaussian\camera-control\GoPro13-Control-App\goprolist_and_start_usb.py
2025-03-27 19:47:17,924 - ERROR - WARNING:root:No devices found on attempt 1, retrying...
2025-03-27 19:47:17,924 - ERROR - WARNING:root:No devices found on attempt 2, retrying...
2025-03-27 19:47:17,925 - ERROR - WARNING:root:No devices found after all attempts.
2025-03-27 19:47:17,925 - ERROR - ERROR:root:No GoPro devices found.
2025-03-27 19:47:17,930 - INFO - Successfully completed script: C:\Users\jan\Documents\creative\gaussian\camera-control\GoPro13-Control-App\goprolist_and_start_usb.py
2025-03-27 19:47:17,930 - INFO - Starting script: C:\Users\jan\Documents\creative\gaussian\camera-control\GoPro13-Control-App\read_and_write_all_settings_from_prime_to_other.py
2025-03-27 19:50:55,424 - INFO - Starting script: C:\Users\jan\Documents\creative\gaussian\camera-control\GoPro13-Control-App\goprolist_and_start_usb.py
2025-03-27 19:51:13,625 - INFO - Successfully completed script: C:\Users\jan\Documents\creative\gaussian\camera-control\GoPro13-Control-App\goprolist_and_start_usb.py
2025-03-27 19:51:13,625 - INFO - Starting script: C:\Users\jan\Documents\creative\gaussian\camera-control\GoPro13-Control-App\read_and_write_all_settings_from_prime_to_other.py
