2024-12-22 03:27:42,901 - goprolist_usb_activate_time_sync_record - INFO - Searching for GoPro cameras...
2024-12-22 03:27:43,028 - goprolist_usb_activate_time_sync_record - INFO - Discovered GoPro: C3461325908060._gopro-web._tcp.local. at 172.20.160.51
2024-12-22 03:27:47,914 - goprolist_usb_activate_time_sync_record - INFO - Found the following GoPro devices:
2024-12-22 03:27:47,915 - goprolist_usb_activate_time_sync_record - INFO - Name: C3461325908060, IP: 172.20.160.51
2024-12-22 03:27:47,917 - goprolist_usb_activate_time_sync_record - INFO - Successfully saved 1 devices to cache
2024-12-22 03:27:47,918 - goprolist_usb_activate_time_sync_record - INFO - Created backup cache file
2024-12-22 03:27:47,919 - goprolist_usb_activate_time_sync_record - INFO - Enabling USB control on all cameras...
2024-12-22 03:27:47,920 - goprolist_usb_activate_time_sync_record - INFO - Resetting USB control on camera 172.20.160.51.
2024-12-22 03:27:48,001 - goprolist_usb_activate_time_sync_record - ERROR - Failed to disable USB control on camera 172.20.160.51. Status Code: 500. Response: {}

2024-12-22 03:27:50,062 - goprolist_usb_activate_time_sync_record - ERROR - Failed to enable USB control on camera 172.20.160.51. Status Code: 500. Response: {}

2024-12-22 03:27:50,064 - goprolist_usb_activate_time_sync_record - INFO - Synchronizing time on all cameras...
2024-12-22 03:27:55,199 - goprolist_usb_activate_time_sync_record - INFO - Time synchronization completed successfully
2024-12-22 03:27:56,202 - goprolist_usb_activate_time_sync_record - INFO - Starting recording on all cameras...
2024-12-22 03:27:56,549 - goprolist_usb_activate_time_sync_record - INFO - Recording started successfully on camera 172.20.160.51.
2024-12-22 03:28:25,417 - goprolist_usb_activate_time_sync_record - INFO - Searching for GoPro cameras...
2024-12-22 03:28:25,595 - goprolist_usb_activate_time_sync_record - INFO - Discovered GoPro: C3461325908060._gopro-web._tcp.local. at 172.20.160.51
2024-12-22 03:28:30,423 - goprolist_usb_activate_time_sync_record - INFO - Found the following GoPro devices:
2024-12-22 03:28:30,425 - goprolist_usb_activate_time_sync_record - INFO - Name: C3461325908060, IP: 172.20.160.51
2024-12-22 03:28:30,429 - goprolist_usb_activate_time_sync_record - INFO - Successfully saved 1 devices to cache
2024-12-22 03:28:30,433 - goprolist_usb_activate_time_sync_record - INFO - Created backup cache file
2024-12-22 03:28:30,434 - goprolist_usb_activate_time_sync_record - INFO - Enabling USB control on all cameras...
2024-12-22 03:28:30,437 - goprolist_usb_activate_time_sync_record - INFO - Resetting USB control on camera 172.20.160.51.
2024-12-22 03:28:30,497 - goprolist_usb_activate_time_sync_record - ERROR - Failed to disable USB control on camera 172.20.160.51. Status Code: 500. Response: {}

2024-12-22 03:28:32,562 - goprolist_usb_activate_time_sync_record - ERROR - Failed to enable USB control on camera 172.20.160.51. Status Code: 500. Response: {}

2024-12-22 03:28:32,566 - goprolist_usb_activate_time_sync_record - INFO - Synchronizing time on all cameras...
2024-12-22 03:28:37,685 - goprolist_usb_activate_time_sync_record - INFO - Time synchronization completed successfully
2024-12-22 03:28:38,687 - goprolist_usb_activate_time_sync_record - INFO - Starting recording on all cameras...
2024-12-22 03:28:39,047 - goprolist_usb_activate_time_sync_record - INFO - Recording started successfully on camera 172.20.160.51.
