2024-12-22 16:53:14,856 - goprolist_usb_activate_time_sync_record - INFO - Searching for GoPro cameras...
2024-12-22 16:53:15,074 - goprolist_usb_activate_time_sync_record - INFO - Discovered GoPro: C3461326043977._gopro-web._tcp.local. at 172.29.177.51
2024-12-22 16:53:15,090 - goprolist_usb_activate_time_sync_record - INFO - Discovered GoPro: C3461325908060._gopro-web._tcp.local. at 172.20.160.51
2024-12-22 16:53:19,864 - goprolist_usb_activate_time_sync_record - INFO - Found the following GoPro devices:
2024-12-22 16:53:19,865 - goprolist_usb_activate_time_sync_record - INFO - Name: C3461326043977, IP: 172.29.177.51
2024-12-22 16:53:19,870 - goprolist_usb_activate_time_sync_record - INFO - Name: C3461325908060, IP: 172.20.160.51
2024-12-22 16:53:19,874 - goprolist_usb_activate_time_sync_record - INFO - Successfully saved 2 devices to cache
2024-12-22 16:53:19,882 - goprolist_usb_activate_time_sync_record - INFO - Created backup cache file
2024-12-22 16:53:19,883 - goprolist_usb_activate_time_sync_record - INFO - Enabling USB control on all cameras...
2024-12-22 16:53:19,887 - goprolist_usb_activate_time_sync_record - INFO - Resetting USB control on camera 172.29.177.51.
2024-12-22 16:53:19,890 - goprolist_usb_activate_time_sync_record - INFO - Resetting USB control on camera 172.20.160.51.
2024-12-22 16:53:19,959 - goprolist_usb_activate_time_sync_record - ERROR - Failed to disable USB control on camera 172.29.177.51. Status Code: 500. Response: {}

2024-12-22 16:53:19,962 - goprolist_usb_activate_time_sync_record - INFO - USB control disabled on camera 172.20.160.51.
2024-12-22 16:53:22,030 - goprolist_usb_activate_time_sync_record - ERROR - Failed to enable USB control on camera 172.29.177.51. Status Code: 500. Response: {}

2024-12-22 16:53:22,031 - goprolist_usb_activate_time_sync_record - INFO - USB control enabled on camera 172.20.160.51.
2024-12-22 16:53:22,033 - goprolist_usb_activate_time_sync_record - INFO - Synchronizing time on all cameras...
2024-12-22 16:53:27,137 - goprolist_usb_activate_time_sync_record - INFO - Time synchronization completed successfully
2024-12-22 16:53:28,143 - goprolist_usb_activate_time_sync_record - INFO - Starting recording on all cameras...
2024-12-22 16:53:28,551 - goprolist_usb_activate_time_sync_record - INFO - Recording started successfully on camera 172.20.160.51.
2024-12-22 16:53:28,645 - goprolist_usb_activate_time_sync_record - INFO - Recording started successfully on camera 172.29.177.51.
