2025-03-27 19:47:18,837 - asyncio - DEBUG - Using proactor: IocpProactor
2025-03-27 19:47:18,840 - root - INFO - Searching for GoPro cameras (attempt 1/3)...
2025-03-27 19:47:19,966 - zeroconf - WARNING - Error with socket 1252 (('172.21.143.55', 5353))): [WinError 59] An unexpected network error occurred
Traceback (most recent call last):
  File "C:\Program Files\WindowsApps\PythonSoftwareFoundation.Python.3.13_3.13.752.0_x64__qbz5n2kfra8p0\Lib\asyncio\proactor_events.py", line 520, in _loop_writing
    fut.result()
    ~~~~~~~~~~^^
  File "C:\Program Files\WindowsApps\PythonSoftwareFoundation.Python.3.13_3.13.752.0_x64__qbz5n2kfra8p0\Lib\asyncio\windows_events.py", line 804, in _poll
    value = callback(transferred, key, ov)
  File "C:\Program Files\WindowsApps\PythonSoftwareFoundation.Python.3.13_3.13.752.0_x64__qbz5n2kfra8p0\Lib\asyncio\windows_events.py", line 463, in finish_socket_func
    return ov.getresult()
           ~~~~~~~~~~~~^^
OSError: [WinError 59] An unexpected network error occurred
2025-03-27 19:47:33,846 - root - WARNING - No devices found on attempt 1, retrying...
2025-03-27 19:47:35,861 - asyncio - DEBUG - Using proactor: IocpProactor
2025-03-27 19:47:35,864 - root - INFO - Searching for GoPro cameras (attempt 2/3)...
2025-03-27 19:47:50,867 - root - WARNING - No devices found on attempt 2, retrying...
2025-03-27 19:47:52,874 - asyncio - DEBUG - Using proactor: IocpProactor
2025-03-27 19:47:52,876 - root - INFO - Searching for GoPro cameras (attempt 3/3)...
2025-03-27 19:48:07,882 - root - WARNING - No devices found after all attempts.
2025-03-27 19:48:07,882 - root - ERROR - No GoPro devices found.
2025-03-27 19:48:09,894 - asyncio - DEBUG - Using proactor: IocpProactor
2025-03-27 19:48:09,897 - root - INFO - Searching for GoPro cameras (attempt 1/3)...
2025-03-27 19:48:24,902 - root - WARNING - No devices found on attempt 1, retrying...
2025-03-27 19:48:26,916 - asyncio - DEBUG - Using proactor: IocpProactor
2025-03-27 19:48:26,919 - root - INFO - Searching for GoPro cameras (attempt 2/3)...
2025-03-27 19:48:41,925 - root - WARNING - No devices found on attempt 2, retrying...
2025-03-27 19:48:43,935 - asyncio - DEBUG - Using proactor: IocpProactor
2025-03-27 19:48:43,938 - root - INFO - Searching for GoPro cameras (attempt 3/3)...
2025-03-27 19:48:58,943 - root - WARNING - No devices found after all attempts.
2025-03-27 19:48:58,943 - root - ERROR - No GoPro devices found
