2024-12-22 16:17:58,440 - asyncio - DEBUG - Using proactor: IocpProactor
2024-12-22 16:17:58,443 - root - INFO - Searching for GoPro cameras...
2024-12-22 16:17:58,510 - root - INFO - Discovered GoPro: C3461326043977._gopro-web._tcp.local. at 172.29.177.51
2024-12-22 16:17:58,560 - root - INFO - Discovered GoPro: C3461325908060._gopro-web._tcp.local. at 172.20.160.51
2024-12-22 16:18:03,447 - root - INFO - Found the following GoPro devices:
2024-12-22 16:18:03,448 - root - INFO - Name: C3461326043977._gopro-web._tcp.local., IP: 172.29.177.51
2024-12-22 16:18:03,449 - root - INFO - Name: C3461325908060._gopro-web._tcp.local., IP: 172.20.160.51
2024-12-22 16:18:03,454 - root - INFO - Cache updated successfully with newly discovered devices.
2024-12-22 16:18:03,455 - root - INFO - Resetting USB control on camera 172.29.177.51.
2024-12-22 16:18:03,456 - root - INFO - Resetting USB control on camera 172.20.160.51.
2024-12-22 16:18:03,467 - urllib3.connectionpool - DEBUG - Starting new HTTP connection (1): 172.20.160.51:8080
2024-12-22 16:18:03,472 - urllib3.connectionpool - DEBUG - Starting new HTTP connection (1): 172.29.177.51:8080
2024-12-22 16:18:03,525 - urllib3.connectionpool - DEBUG - http://172.20.160.51:8080 "GET /gopro/camera/control/wired_usb?p=0 HTTP/11" 200 3
2024-12-22 16:18:03,526 - root - INFO - USB control disabled on camera 172.20.160.51.
2024-12-22 16:18:03,557 - urllib3.connectionpool - DEBUG - http://172.29.177.51:8080 "GET /gopro/camera/control/wired_usb?p=0 HTTP/11" 200 3
2024-12-22 16:18:03,557 - root - INFO - USB control disabled on camera 172.29.177.51.
2024-12-22 16:18:05,530 - urllib3.connectionpool - DEBUG - Starting new HTTP connection (1): 172.20.160.51:8080
2024-12-22 16:18:05,561 - urllib3.connectionpool - DEBUG - Starting new HTTP connection (1): 172.29.177.51:8080
2024-12-22 16:18:05,615 - urllib3.connectionpool - DEBUG - http://172.20.160.51:8080 "GET /gopro/camera/control/wired_usb?p=1 HTTP/11" 200 3
2024-12-22 16:18:05,616 - root - INFO - USB control enabled on camera 172.20.160.51.
2024-12-22 16:18:05,648 - urllib3.connectionpool - DEBUG - http://172.29.177.51:8080 "GET /gopro/camera/control/wired_usb?p=1 HTTP/11" 200 3
2024-12-22 16:18:05,648 - root - INFO - USB control enabled on camera 172.29.177.51.
2024-12-22 16:18:07,660 - asyncio - DEBUG - Using proactor: IocpProactor
2024-12-22 16:18:07,662 - root - INFO - Searching for GoPro cameras...
2024-12-22 16:18:07,740 - root - INFO - Discovered GoPro: C3461326043977._gopro-web._tcp.local. at 172.29.177.51
2024-12-22 16:18:07,767 - root - INFO - Discovered GoPro: C3461325908060._gopro-web._tcp.local. at 172.20.160.51
2024-12-22 16:18:12,672 - urllib3.connectionpool - DEBUG - Starting new HTTP connection (1): 172.29.177.51:8080
2024-12-22 16:18:12,690 - urllib3.connectionpool - DEBUG - http://172.29.177.51:8080 "GET /gp/gpControl/info HTTP/11" 200 339
2024-12-22 16:18:12,691 - root - INFO - Camera info: Model=HERO10 BLACK, Firmware=H21.01.01.62.70
2024-12-22 16:18:12,694 - urllib3.connectionpool - DEBUG - Starting new HTTP connection (1): 172.29.177.51:8080
2024-12-22 16:18:12,760 - urllib3.connectionpool - DEBUG - http://172.29.177.51:8080 "GET /gp/gpControl/status HTTP/11" 200 1421
2024-12-22 16:18:12,761 - root - INFO - Got settings from primary camera: {
  "2": 100,
  "3": 10,
  "5": 0,
  "6": 1,
  "13": 2,
  "19": 0,
  "24": 0,
  "30": 110,
  "31": 0,
  "32": 10,
  "37": 0,
  "41": 9,
  "42": 6,
  "43": 0,
  "44": 9,
  "45": 5,
  "47": 4,
  "48": 3,
  "54": 1,
  "59": 0,
  "60": 0,
  "61": 0,
  "62": 0,
  "64": 4,
  "65": 0,
  "66": 0,
  "67": 0,
  "75": 0,
  "76": 0,
  "83": 0,
  "84": 0,
  "85": 0,
  "86": 0,
  "87": 100,
  "88": 50,
  "91": 3,
  "102": 2,
  "103": 3,
  "105": 0,
  "106": 1,
  "111": 10,
  "112": 255,
  "114": 1,
  "115": 2,
  "116": 1,
  "117": 2,
  "118": 4,
  "121": 4,
  "122": 0,
  "123": 0,
  "124": 1,
  "125": 0,
  "126": 0,
  "128": 12,
  "129": 2,
  "130": 1,
  "131": 3,
  "132": 12,
  "134": 3,
  "135": 0,
  "139": 3,
  "144": 12,
  "145": 3,
  "146": 0,
  "147": 0,
  "148": 0,
  "149": 0,
  "153": 100,
  "154": 3,
  "155": 0,
  "156": 100,
  "157": 100,
  "158": 1,
  "159": 0,
  "160": 0,
  "161": 100,
  "162": 0,
  "163": 1,
  "164": 100,
  "165": 0,
  "166": 0,
  "167": 4,
  "168": 0,
  "169": 1,
  "173": 0
}
2024-12-22 16:18:12,775 - root - INFO - Copying settings to all target cameras...
2024-12-22 16:18:12,777 - urllib3.connectionpool - DEBUG - Starting new HTTP connection (1): 172.20.160.51:8080
2024-12-22 16:18:12,800 - urllib3.connectionpool - DEBUG - http://172.20.160.51:8080 "GET /gp/gpControl/info HTTP/11" 200 327
2024-12-22 16:18:12,801 - root - INFO - Camera info: Model=HERO10 BLACK, Firmware=H21.01.01.62.70
2024-12-22 16:18:12,804 - urllib3.connectionpool - DEBUG - Starting new HTTP connection (1): 172.20.160.51:8080
2024-12-22 16:18:12,860 - urllib3.connectionpool - DEBUG - http://172.20.160.51:8080 "GET /gp/gpControl/status HTTP/11" 200 1410
2024-12-22 16:18:12,861 - root - DEBUG - Camera 172.20.160.51 full status: {
  "1": 1,
  "2": 3,
  "3": 0,
  "4": 255,
  "6": 0,
  "8": 0,
  "9": 0,
  "10": 0,
  "11": 0,
  "13": 0,
  "14": 0,
  "17": 1,
  "19": 0,
  "20": 0,
  "21": 0,
  "22": 0,
  "23": 0,
  "24": 0,
  "26": 0,
  "27": 0,
  "28": 82,
  "29": "",
  "30": "GP25908060",
  "31": 0,
  "32": 0,
  "33": 0,
  "34": 4277,
  "35": 6805,
  "36": 0,
  "37": 3,
  "38": 0,
  "39": 3,
  "41": 0,
  "42": 0,
  "45": 0,
  "49": 0,
  "54": 60431488,
  "55": 1,
  "56": 4,
  "58": 0,
  "59": 0,
  "60": 500,
  "61": 2,
  "62": 0,
  "63": 0,
  "64": 2138,
  "65": 0,
  "66": 100,
  "67": 100,
  "68": 0,
  "69": 0,
  "70": 100,
  "74": 0,
  "75": 0,
  "76": 1,
  "77": 1,
  "78": 0,
  "79": 0,
  "81": 1,
  "82": 1,
  "83": 1,
  "85": 0,
  "86": 0,
  "88": 0,
  "89": 12,
  "90": 1,
  "91": 0,
  "93": 5,
  "94": 65536,
  "95": 131072,
  "96": 1000,
  "97": 5,
  "98": 16777221,
  "99": 2268,
  "100": 0,
  "101": 0,
  "102": 0,
  "103": 0,
  "104": 1,
  "105": 0,
  "106": 0,
  "107": 4294967295,
  "108": 0,
  "109": 0,
  "110": 0,
  "111": 0,
  "112": 0,
  "113": 0,
  "114": 0,
  "115": 0,
  "116": 1
}
2024-12-22 16:18:12,861 - root - INFO - 
Camera 172.20.160.51 state:
- Recording: False
- Busy: False
- Encoding: False
- Battery: 3%

2024-12-22 16:18:12,863 - root - INFO - Camera 172.20.160.51 is ready for settings
2024-12-22 16:18:12,864 - root - INFO - Applying settings to HERO10 camera at 172.20.160.51
2024-12-22 16:18:12,865 - root - WARNING - Value 3 not supported for setting anti_flicker (ID: 134) on HERO10
2024-12-22 16:18:12,869 - urllib3.connectionpool - DEBUG - Starting new HTTP connection (1): 172.20.160.51:8080
2024-12-22 16:18:12,916 - urllib3.connectionpool - DEBUG - http://172.20.160.51:8080 "GET /gp/gpControl/status HTTP/11" 200 1410
2024-12-22 16:18:12,917 - root - DEBUG - Camera 172.20.160.51 full status: {
  "1": 1,
  "2": 3,
  "3": 0,
  "4": 255,
  "6": 0,
  "8": 0,
  "9": 0,
  "10": 0,
  "11": 0,
  "13": 0,
  "14": 0,
  "17": 1,
  "19": 0,
  "20": 0,
  "21": 0,
  "22": 0,
  "23": 0,
  "24": 0,
  "26": 0,
  "27": 0,
  "28": 82,
  "29": "",
  "30": "GP25908060",
  "31": 0,
  "32": 0,
  "33": 0,
  "34": 4277,
  "35": 6805,
  "36": 0,
  "37": 3,
  "38": 0,
  "39": 3,
  "41": 0,
  "42": 0,
  "45": 0,
  "49": 0,
  "54": 60431488,
  "55": 1,
  "56": 4,
  "58": 0,
  "59": 0,
  "60": 500,
  "61": 2,
  "62": 0,
  "63": 0,
  "64": 2138,
  "65": 0,
  "66": 100,
  "67": 100,
  "68": 0,
  "69": 0,
  "70": 100,
  "74": 0,
  "75": 0,
  "76": 1,
  "77": 1,
  "78": 0,
  "79": 0,
  "81": 1,
  "82": 1,
  "83": 1,
  "85": 0,
  "86": 0,
  "88": 0,
  "89": 12,
  "90": 1,
  "91": 0,
  "93": 5,
  "94": 65536,
  "95": 131072,
  "96": 1000,
  "97": 5,
  "98": 16777221,
  "99": 2268,
  "100": 0,
  "101": 0,
  "102": 0,
  "103": 0,
  "104": 1,
  "105": 0,
  "106": 0,
  "107": 4294967295,
  "108": 0,
  "109": 0,
  "110": 0,
  "111": 0,
  "112": 0,
  "113": 0,
  "114": 0,
  "115": 0,
  "116": 1
}
2024-12-22 16:18:12,917 - root - INFO - 
Camera 172.20.160.51 state:
- Recording: False
- Busy: False
- Encoding: False
- Battery: 3%

2024-12-22 16:18:12,919 - root - INFO - Camera 172.20.160.51 is ready for settings
2024-12-22 16:18:12,922 - urllib3.connectionpool - DEBUG - Starting new HTTP connection (1): 172.20.160.51:8080
2024-12-22 16:18:12,952 - urllib3.connectionpool - DEBUG - http://172.20.160.51:8080 "GET /gp/gpControl/setting/59/0 HTTP/11" 200 3
2024-12-22 16:18:12,953 - root - INFO - Setting auto_power_down (ID: 59) successfully set to 0 on camera 172.20.160.51
2024-12-22 16:18:13,156 - urllib3.connectionpool - DEBUG - Starting new HTTP connection (1): 172.20.160.51:8080
2024-12-22 16:18:13,212 - urllib3.connectionpool - DEBUG - http://172.20.160.51:8080 "GET /gp/gpControl/status HTTP/11" 200 1410
2024-12-22 16:18:13,213 - root - DEBUG - Camera 172.20.160.51 full status: {
  "1": 1,
  "2": 3,
  "3": 0,
  "4": 255,
  "6": 0,
  "8": 0,
  "9": 0,
  "10": 0,
  "11": 0,
  "13": 0,
  "14": 0,
  "17": 1,
  "19": 0,
  "20": 0,
  "21": 0,
  "22": 0,
  "23": 0,
  "24": 0,
  "26": 0,
  "27": 0,
  "28": 82,
  "29": "",
  "30": "GP25908060",
  "31": 0,
  "32": 0,
  "33": 0,
  "34": 4277,
  "35": 6805,
  "36": 0,
  "37": 3,
  "38": 0,
  "39": 3,
  "41": 0,
  "42": 0,
  "45": 0,
  "49": 0,
  "54": 60431488,
  "55": 1,
  "56": 4,
  "58": 0,
  "59": 0,
  "60": 500,
  "61": 2,
  "62": 0,
  "63": 0,
  "64": 2138,
  "65": 0,
  "66": 100,
  "67": 100,
  "68": 0,
  "69": 0,
  "70": 100,
  "74": 0,
  "75": 0,
  "76": 1,
  "77": 1,
  "78": 0,
  "79": 0,
  "81": 1,
  "82": 1,
  "83": 1,
  "85": 0,
  "86": 0,
  "88": 0,
  "89": 12,
  "90": 1,
  "91": 0,
  "93": 5,
  "94": 65536,
  "95": 131072,
  "96": 1000,
  "97": 5,
  "98": 16777221,
  "99": 2268,
  "100": 0,
  "101": 0,
  "102": 0,
  "103": 0,
  "104": 1,
  "105": 0,
  "106": 0,
  "107": 4294967295,
  "108": 0,
  "109": 0,
  "110": 0,
  "111": 0,
  "112": 0,
  "113": 0,
  "114": 0,
  "115": 0,
  "116": 1
}
2024-12-22 16:18:13,214 - root - INFO - 
Camera 172.20.160.51 state:
- Recording: False
- Busy: False
- Encoding: False
- Battery: 3%

2024-12-22 16:18:13,215 - root - INFO - Camera 172.20.160.51 is ready for settings
2024-12-22 16:18:13,245 - urllib3.connectionpool - DEBUG - http://172.20.160.51:8080 "GET /gp/gpControl/setting/87/100 HTTP/11" 500 182
2024-12-22 16:18:13,246 - root - ERROR - Failed to set beep_volume (ID: 87) on camera 172.20.160.51: 500 Server Error: Internal Server Error for url: http://172.20.160.51:8080/gp/gpControl/setting/87/100
2024-12-22 16:18:13,250 - urllib3.connectionpool - DEBUG - Starting new HTTP connection (1): 172.20.160.51:8080
2024-12-22 16:18:13,304 - urllib3.connectionpool - DEBUG - http://172.20.160.51:8080 "GET /gp/gpControl/status HTTP/11" 200 1410
2024-12-22 16:18:13,305 - root - DEBUG - Camera 172.20.160.51 full status: {
  "1": 1,
  "2": 3,
  "3": 0,
  "4": 255,
  "6": 0,
  "8": 0,
  "9": 0,
  "10": 0,
  "11": 0,
  "13": 0,
  "14": 0,
  "17": 1,
  "19": 0,
  "20": 0,
  "21": 0,
  "22": 0,
  "23": 0,
  "24": 0,
  "26": 0,
  "27": 0,
  "28": 82,
  "29": "",
  "30": "GP25908060",
  "31": 0,
  "32": 0,
  "33": 0,
  "34": 4277,
  "35": 6805,
  "36": 0,
  "37": 3,
  "38": 0,
  "39": 3,
  "41": 0,
  "42": 0,
  "45": 0,
  "49": 0,
  "54": 60431488,
  "55": 1,
  "56": 4,
  "58": 0,
  "59": 0,
  "60": 500,
  "61": 2,
  "62": 0,
  "63": 0,
  "64": 2138,
  "65": 0,
  "66": 100,
  "67": 100,
  "68": 0,
  "69": 0,
  "70": 100,
  "74": 0,
  "75": 0,
  "76": 1,
  "77": 1,
  "78": 0,
  "79": 0,
  "81": 1,
  "82": 1,
  "83": 1,
  "85": 0,
  "86": 0,
  "88": 0,
  "89": 12,
  "90": 1,
  "91": 0,
  "93": 5,
  "94": 65536,
  "95": 131072,
  "96": 1000,
  "97": 5,
  "98": 16777221,
  "99": 2268,
  "100": 0,
  "101": 0,
  "102": 0,
  "103": 0,
  "104": 1,
  "105": 0,
  "106": 0,
  "107": 4294967295,
  "108": 0,
  "109": 0,
  "110": 0,
  "111": 0,
  "112": 0,
  "113": 0,
  "114": 0,
  "115": 0,
  "116": 1
}
2024-12-22 16:18:13,306 - root - INFO - 
Camera 172.20.160.51 state:
- Recording: False
- Busy: False
- Encoding: False
- Battery: 3%

2024-12-22 16:18:13,308 - root - INFO - Camera 172.20.160.51 is ready for settings
2024-12-22 16:18:13,311 - urllib3.connectionpool - DEBUG - Starting new HTTP connection (1): 172.20.160.51:8080
2024-12-22 16:18:13,355 - urllib3.connectionpool - DEBUG - http://172.20.160.51:8080 "GET /gp/gpControl/status HTTP/11" 200 1410
2024-12-22 16:18:13,356 - root - DEBUG - Camera 172.20.160.51 full status: {
  "1": 1,
  "2": 3,
  "3": 0,
  "4": 255,
  "6": 0,
  "8": 0,
  "9": 0,
  "10": 0,
  "11": 0,
  "13": 0,
  "14": 0,
  "17": 1,
  "19": 0,
  "20": 0,
  "21": 0,
  "22": 0,
  "23": 0,
  "24": 0,
  "26": 0,
  "27": 0,
  "28": 82,
  "29": "",
  "30": "GP25908060",
  "31": 0,
  "32": 0,
  "33": 0,
  "34": 4277,
  "35": 6805,
  "36": 0,
  "37": 3,
  "38": 0,
  "39": 3,
  "41": 0,
  "42": 0,
  "45": 0,
  "49": 0,
  "54": 60431488,
  "55": 1,
  "56": 4,
  "58": 0,
  "59": 0,
  "60": 500,
  "61": 2,
  "62": 0,
  "63": 0,
  "64": 2138,
  "65": 0,
  "66": 100,
  "67": 100,
  "68": 0,
  "69": 0,
  "70": 100,
  "74": 0,
  "75": 0,
  "76": 1,
  "77": 1,
  "78": 0,
  "79": 0,
  "81": 1,
  "82": 1,
  "83": 1,
  "85": 0,
  "86": 0,
  "88": 0,
  "89": 12,
  "90": 1,
  "91": 0,
  "93": 5,
  "94": 65536,
  "95": 131072,
  "96": 1000,
  "97": 5,
  "98": 16777221,
  "99": 2268,
  "100": 0,
  "101": 0,
  "102": 0,
  "103": 0,
  "104": 1,
  "105": 0,
  "106": 0,
  "107": 4294967295,
  "108": 0,
  "109": 0,
  "110": 0,
  "111": 0,
  "112": 0,
  "113": 0,
  "114": 0,
  "115": 0,
  "116": 1
}
2024-12-22 16:18:13,357 - root - INFO - 
Camera 172.20.160.51 state:
- Recording: False
- Busy: False
- Encoding: False
- Battery: 3%

2024-12-22 16:18:13,359 - root - INFO - Camera 172.20.160.51 is ready for settings
2024-12-22 16:18:13,360 - root - WARNING - Value 100 not supported for setting video_resolution (ID: 2) on HERO10
2024-12-22 16:18:13,363 - urllib3.connectionpool - DEBUG - Starting new HTTP connection (1): 172.20.160.51:8080
2024-12-22 16:18:13,415 - urllib3.connectionpool - DEBUG - http://172.20.160.51:8080 "GET /gp/gpControl/status HTTP/11" 200 1410
2024-12-22 16:18:13,415 - root - DEBUG - Camera 172.20.160.51 full status: {
  "1": 1,
  "2": 3,
  "3": 0,
  "4": 255,
  "6": 0,
  "8": 0,
  "9": 0,
  "10": 0,
  "11": 0,
  "13": 0,
  "14": 0,
  "17": 1,
  "19": 0,
  "20": 0,
  "21": 0,
  "22": 0,
  "23": 0,
  "24": 0,
  "26": 0,
  "27": 0,
  "28": 82,
  "29": "",
  "30": "GP25908060",
  "31": 0,
  "32": 0,
  "33": 0,
  "34": 4277,
  "35": 6805,
  "36": 0,
  "37": 3,
  "38": 0,
  "39": 3,
  "41": 0,
  "42": 0,
  "45": 0,
  "49": 0,
  "54": 60431488,
  "55": 1,
  "56": 4,
  "58": 0,
  "59": 0,
  "60": 500,
  "61": 2,
  "62": 0,
  "63": 0,
  "64": 2138,
  "65": 0,
  "66": 100,
  "67": 100,
  "68": 0,
  "69": 0,
  "70": 100,
  "74": 0,
  "75": 0,
  "76": 1,
  "77": 1,
  "78": 0,
  "79": 0,
  "81": 1,
  "82": 1,
  "83": 1,
  "85": 0,
  "86": 0,
  "88": 0,
  "89": 12,
  "90": 1,
  "91": 0,
  "93": 5,
  "94": 65536,
  "95": 131072,
  "96": 1000,
  "97": 5,
  "98": 16777221,
  "99": 2268,
  "100": 0,
  "101": 0,
  "102": 0,
  "103": 0,
  "104": 1,
  "105": 0,
  "106": 0,
  "107": 4294967295,
  "108": 0,
  "109": 0,
  "110": 0,
  "111": 0,
  "112": 0,
  "113": 0,
  "114": 0,
  "115": 0,
  "116": 1
}
2024-12-22 16:18:13,415 - root - INFO - 
Camera 172.20.160.51 state:
- Recording: False
- Busy: False
- Encoding: False
- Battery: 3%

2024-12-22 16:18:13,416 - root - INFO - Camera 172.20.160.51 is ready for settings
2024-12-22 16:18:13,780 - urllib3.connectionpool - DEBUG - http://172.20.160.51:8080 "GET /gp/gpControl/setting/3/10 HTTP/11" 200 3
2024-12-22 16:18:13,780 - root - INFO - Setting fps (ID: 3) successfully set to 10 on camera 172.20.160.51
2024-12-22 16:18:13,985 - urllib3.connectionpool - DEBUG - Starting new HTTP connection (1): 172.20.160.51:8080
2024-12-22 16:18:14,040 - urllib3.connectionpool - DEBUG - http://172.20.160.51:8080 "GET /gp/gpControl/status HTTP/11" 200 1411
2024-12-22 16:18:14,041 - root - DEBUG - Camera 172.20.160.51 full status: {
  "1": 1,
  "2": 3,
  "3": 0,
  "4": 255,
  "6": 0,
  "8": 0,
  "9": 0,
  "10": 0,
  "11": 0,
  "13": 0,
  "14": 0,
  "17": 1,
  "19": 0,
  "20": 0,
  "21": 0,
  "22": 0,
  "23": 0,
  "24": 0,
  "26": 0,
  "27": 0,
  "28": 82,
  "29": "",
  "30": "GP25908060",
  "31": 0,
  "32": 0,
  "33": 0,
  "34": 4277,
  "35": 9123,
  "36": 0,
  "37": 3,
  "38": 0,
  "39": 3,
  "41": 0,
  "42": 0,
  "45": 0,
  "49": 0,
  "54": 60431488,
  "55": 1,
  "56": 4,
  "58": 0,
  "59": 0,
  "60": 500,
  "61": 2,
  "62": 0,
  "63": 0,
  "64": 2138,
  "65": 0,
  "66": 100,
  "67": 100,
  "68": 0,
  "69": 0,
  "70": 100,
  "74": 0,
  "75": 0,
  "76": 1,
  "77": 1,
  "78": 0,
  "79": 0,
  "81": 1,
  "82": 1,
  "83": 1,
  "85": 0,
  "86": 0,
  "88": 0,
  "89": 12,
  "90": 1,
  "91": 0,
  "93": 5,
  "94": 65536,
  "95": 131072,
  "96": 1000,
  "97": 5,
  "98": 16777221,
  "99": 3041,
  "100": 0,
  "101": 0,
  "102": 0,
  "103": 0,
  "104": 1,
  "105": 0,
  "106": 0,
  "107": 4294967295,
  "108": 0,
  "109": 0,
  "110": 0,
  "111": 0,
  "112": 0,
  "113": 0,
  "114": 0,
  "115": 0,
  "116": 1
}
2024-12-22 16:18:14,041 - root - INFO - 
Camera 172.20.160.51 state:
- Recording: False
- Busy: False
- Encoding: False
- Battery: 3%

2024-12-22 16:18:14,043 - root - INFO - Camera 172.20.160.51 is ready for settings
2024-12-22 16:18:14,362 - urllib3.connectionpool - DEBUG - http://172.20.160.51:8080 "GET /gp/gpControl/setting/121/4 HTTP/11" 200 3
2024-12-22 16:18:14,363 - root - INFO - Setting lens (ID: 121) successfully set to 4 on camera 172.20.160.51
2024-12-22 16:18:14,566 - urllib3.connectionpool - DEBUG - Starting new HTTP connection (1): 172.20.160.51:8080
2024-12-22 16:18:14,620 - urllib3.connectionpool - DEBUG - http://172.20.160.51:8080 "GET /gp/gpControl/status HTTP/11" 200 1411
2024-12-22 16:18:14,621 - root - DEBUG - Camera 172.20.160.51 full status: {
  "1": 1,
  "2": 3,
  "3": 0,
  "4": 255,
  "6": 0,
  "8": 0,
  "9": 0,
  "10": 0,
  "11": 0,
  "13": 0,
  "14": 0,
  "17": 1,
  "19": 0,
  "20": 0,
  "21": 0,
  "22": 0,
  "23": 0,
  "24": 0,
  "26": 0,
  "27": 0,
  "28": 82,
  "29": "",
  "30": "GP25908060",
  "31": 0,
  "32": 0,
  "33": 0,
  "34": 4277,
  "35": 9123,
  "36": 0,
  "37": 3,
  "38": 0,
  "39": 3,
  "41": 0,
  "42": 0,
  "45": 0,
  "49": 0,
  "54": 60431488,
  "55": 1,
  "56": 4,
  "58": 0,
  "59": 0,
  "60": 500,
  "61": 2,
  "62": 0,
  "63": 0,
  "64": 2138,
  "65": 0,
  "66": 100,
  "67": 100,
  "68": 0,
  "69": 0,
  "70": 100,
  "74": 0,
  "75": 0,
  "76": 1,
  "77": 1,
  "78": 0,
  "79": 0,
  "81": 1,
  "82": 1,
  "83": 1,
  "85": 0,
  "86": 0,
  "88": 0,
  "89": 12,
  "90": 1,
  "91": 0,
  "93": 5,
  "94": 65536,
  "95": 131072,
  "96": 1000,
  "97": 5,
  "98": 16777221,
  "99": 3041,
  "100": 0,
  "101": 0,
  "102": 0,
  "103": 0,
  "104": 1,
  "105": 0,
  "106": 0,
  "107": 4294967295,
  "108": 0,
  "109": 0,
  "110": 0,
  "111": 0,
  "112": 0,
  "113": 0,
  "114": 0,
  "115": 0,
  "116": 1
}
2024-12-22 16:18:14,621 - root - INFO - 
Camera 172.20.160.51 state:
- Recording: False
- Busy: False
- Encoding: False
- Battery: 3%

2024-12-22 16:18:14,624 - root - INFO - Camera 172.20.160.51 is ready for settings
2024-12-22 16:18:14,848 - urllib3.connectionpool - DEBUG - http://172.20.160.51:8080 "GET /gp/gpControl/setting/135/0 HTTP/11" 200 3
2024-12-22 16:18:14,849 - root - INFO - Setting hypersmooth (ID: 135) successfully set to 0 on camera 172.20.160.51
2024-12-22 16:18:15,053 - urllib3.connectionpool - DEBUG - Starting new HTTP connection (1): 172.20.160.51:8080
2024-12-22 16:18:15,104 - urllib3.connectionpool - DEBUG - http://172.20.160.51:8080 "GET /gp/gpControl/status HTTP/11" 200 1411
2024-12-22 16:18:15,105 - root - DEBUG - Camera 172.20.160.51 full status: {
  "1": 1,
  "2": 3,
  "3": 0,
  "4": 255,
  "6": 0,
  "8": 0,
  "9": 0,
  "10": 0,
  "11": 0,
  "13": 0,
  "14": 0,
  "17": 1,
  "19": 0,
  "20": 0,
  "21": 0,
  "22": 0,
  "23": 0,
  "24": 0,
  "26": 0,
  "27": 0,
  "28": 82,
  "29": "",
  "30": "GP25908060",
  "31": 0,
  "32": 0,
  "33": 0,
  "34": 4277,
  "35": 9123,
  "36": 0,
  "37": 3,
  "38": 0,
  "39": 3,
  "41": 0,
  "42": 0,
  "45": 0,
  "49": 0,
  "54": 60431488,
  "55": 1,
  "56": 4,
  "58": 0,
  "59": 0,
  "60": 500,
  "61": 2,
  "62": 0,
  "63": 0,
  "64": 2138,
  "65": 0,
  "66": 100,
  "67": 100,
  "68": 0,
  "69": 0,
  "70": 100,
  "74": 0,
  "75": 0,
  "76": 1,
  "77": 1,
  "78": 0,
  "79": 0,
  "81": 1,
  "82": 1,
  "83": 1,
  "85": 0,
  "86": 0,
  "88": 0,
  "89": 12,
  "90": 1,
  "91": 0,
  "93": 5,
  "94": 65536,
  "95": 131072,
  "96": 1000,
  "97": 5,
  "98": 16777221,
  "99": 3041,
  "100": 0,
  "101": 0,
  "102": 0,
  "103": 0,
  "104": 1,
  "105": 0,
  "106": 0,
  "107": 4294967295,
  "108": 0,
  "109": 0,
  "110": 0,
  "111": 0,
  "112": 0,
  "113": 0,
  "114": 0,
  "115": 0,
  "116": 1
}
2024-12-22 16:18:15,105 - root - INFO - 
Camera 172.20.160.51 state:
- Recording: False
- Busy: False
- Encoding: False
- Battery: 3%

2024-12-22 16:18:15,106 - root - INFO - Camera 172.20.160.51 is ready for settings
2024-12-22 16:18:15,110 - urllib3.connectionpool - DEBUG - Starting new HTTP connection (1): 172.20.160.51:8080
2024-12-22 16:18:15,156 - urllib3.connectionpool - DEBUG - http://172.20.160.51:8080 "GET /gp/gpControl/status HTTP/11" 200 1411
2024-12-22 16:18:15,157 - root - DEBUG - Camera 172.20.160.51 full status: {
  "1": 1,
  "2": 3,
  "3": 0,
  "4": 255,
  "6": 0,
  "8": 0,
  "9": 0,
  "10": 0,
  "11": 0,
  "13": 0,
  "14": 0,
  "17": 1,
  "19": 0,
  "20": 0,
  "21": 0,
  "22": 0,
  "23": 0,
  "24": 0,
  "26": 0,
  "27": 0,
  "28": 82,
  "29": "",
  "30": "GP25908060",
  "31": 0,
  "32": 0,
  "33": 0,
  "34": 4277,
  "35": 9123,
  "36": 0,
  "37": 3,
  "38": 0,
  "39": 3,
  "41": 0,
  "42": 0,
  "45": 0,
  "49": 0,
  "54": 60431488,
  "55": 1,
  "56": 4,
  "58": 0,
  "59": 0,
  "60": 500,
  "61": 2,
  "62": 0,
  "63": 0,
  "64": 2138,
  "65": 0,
  "66": 100,
  "67": 100,
  "68": 0,
  "69": 0,
  "70": 100,
  "74": 0,
  "75": 0,
  "76": 1,
  "77": 1,
  "78": 0,
  "79": 0,
  "81": 1,
  "82": 1,
  "83": 1,
  "85": 0,
  "86": 0,
  "88": 0,
  "89": 12,
  "90": 1,
  "91": 0,
  "93": 5,
  "94": 65536,
  "95": 131072,
  "96": 1000,
  "97": 5,
  "98": 16777221,
  "99": 3041,
  "100": 0,
  "101": 0,
  "102": 0,
  "103": 0,
  "104": 1,
  "105": 0,
  "106": 0,
  "107": 4294967295,
  "108": 0,
  "109": 0,
  "110": 0,
  "111": 0,
  "112": 0,
  "113": 0,
  "114": 0,
  "115": 0,
  "116": 1
}
2024-12-22 16:18:15,157 - root - INFO - 
Camera 172.20.160.51 state:
- Recording: False
- Busy: False
- Encoding: False
- Battery: 3%

2024-12-22 16:18:15,160 - root - INFO - Camera 172.20.160.51 is ready for settings
2024-12-22 16:18:15,223 - urllib3.connectionpool - DEBUG - http://172.20.160.51:8080 "GET /gp/gpControl/setting/13/2 HTTP/11" 200 3
2024-12-22 16:18:15,224 - root - INFO - Setting iso_max (ID: 13) successfully set to 2 on camera 172.20.160.51
2024-12-22 16:18:15,427 - urllib3.connectionpool - DEBUG - Starting new HTTP connection (1): 172.20.160.51:8080
2024-12-22 16:18:15,480 - urllib3.connectionpool - DEBUG - http://172.20.160.51:8080 "GET /gp/gpControl/status HTTP/11" 200 1411
2024-12-22 16:18:15,481 - root - DEBUG - Camera 172.20.160.51 full status: {
  "1": 1,
  "2": 3,
  "3": 0,
  "4": 255,
  "6": 0,
  "8": 0,
  "9": 0,
  "10": 0,
  "11": 0,
  "13": 0,
  "14": 0,
  "17": 1,
  "19": 0,
  "20": 0,
  "21": 0,
  "22": 0,
  "23": 0,
  "24": 0,
  "26": 0,
  "27": 0,
  "28": 82,
  "29": "",
  "30": "GP25908060",
  "31": 0,
  "32": 0,
  "33": 0,
  "34": 4277,
  "35": 9123,
  "36": 0,
  "37": 3,
  "38": 0,
  "39": 3,
  "41": 0,
  "42": 0,
  "45": 0,
  "49": 0,
  "54": 60431488,
  "55": 1,
  "56": 4,
  "58": 0,
  "59": 0,
  "60": 500,
  "61": 2,
  "62": 0,
  "63": 0,
  "64": 2138,
  "65": 0,
  "66": 100,
  "67": 100,
  "68": 0,
  "69": 0,
  "70": 100,
  "74": 0,
  "75": 0,
  "76": 1,
  "77": 1,
  "78": 0,
  "79": 0,
  "81": 1,
  "82": 1,
  "83": 1,
  "85": 0,
  "86": 0,
  "88": 0,
  "89": 12,
  "90": 0,
  "91": 0,
  "93": 5,
  "94": 65536,
  "95": 131072,
  "96": 1000,
  "97": 5,
  "98": 16777221,
  "99": 3041,
  "100": 0,
  "101": 0,
  "102": 0,
  "103": 0,
  "104": 1,
  "105": 0,
  "106": 0,
  "107": 4294967295,
  "108": 0,
  "109": 0,
  "110": 0,
  "111": 0,
  "112": 0,
  "113": 0,
  "114": 0,
  "115": 0,
  "116": 1
}
2024-12-22 16:18:15,481 - root - INFO - 
Camera 172.20.160.51 state:
- Recording: False
- Busy: False
- Encoding: False
- Battery: 3%

2024-12-22 16:18:15,484 - root - INFO - Camera 172.20.160.51 is ready for settings
2024-12-22 16:18:15,674 - urllib3.connectionpool - DEBUG - http://172.20.160.51:8080 "GET /gp/gpControl/setting/102/2 HTTP/11" 200 3
2024-12-22 16:18:15,675 - root - INFO - Setting iso_min (ID: 102) successfully set to 2 on camera 172.20.160.51
2024-12-22 16:18:15,878 - urllib3.connectionpool - DEBUG - Starting new HTTP connection (1): 172.20.160.51:8080
2024-12-22 16:18:15,928 - urllib3.connectionpool - DEBUG - http://172.20.160.51:8080 "GET /gp/gpControl/status HTTP/11" 200 1411
2024-12-22 16:18:15,929 - root - DEBUG - Camera 172.20.160.51 full status: {
  "1": 1,
  "2": 3,
  "3": 0,
  "4": 255,
  "6": 0,
  "8": 0,
  "9": 0,
  "10": 0,
  "11": 0,
  "13": 0,
  "14": 0,
  "17": 1,
  "19": 0,
  "20": 0,
  "21": 0,
  "22": 0,
  "23": 0,
  "24": 0,
  "26": 0,
  "27": 0,
  "28": 82,
  "29": "",
  "30": "GP25908060",
  "31": 0,
  "32": 0,
  "33": 0,
  "34": 4277,
  "35": 9123,
  "36": 0,
  "37": 3,
  "38": 0,
  "39": 3,
  "41": 0,
  "42": 0,
  "45": 0,
  "49": 0,
  "54": 60431488,
  "55": 1,
  "56": 4,
  "58": 0,
  "59": 0,
  "60": 500,
  "61": 2,
  "62": 0,
  "63": 0,
  "64": 2138,
  "65": 0,
  "66": 100,
  "67": 100,
  "68": 0,
  "69": 0,
  "70": 100,
  "74": 0,
  "75": 0,
  "76": 1,
  "77": 1,
  "78": 0,
  "79": 0,
  "81": 1,
  "82": 1,
  "83": 1,
  "85": 0,
  "86": 0,
  "88": 0,
  "89": 12,
  "90": 0,
  "91": 0,
  "93": 5,
  "94": 65536,
  "95": 131072,
  "96": 1000,
  "97": 5,
  "98": 16777221,
  "99": 3041,
  "100": 0,
  "101": 0,
  "102": 0,
  "103": 0,
  "104": 1,
  "105": 0,
  "106": 0,
  "107": 4294967295,
  "108": 0,
  "109": 0,
  "110": 0,
  "111": 0,
  "112": 0,
  "113": 0,
  "114": 0,
  "115": 0,
  "116": 1
}
2024-12-22 16:18:15,929 - root - INFO - 
Camera 172.20.160.51 state:
- Recording: False
- Busy: False
- Encoding: False
- Battery: 3%

2024-12-22 16:18:15,932 - root - INFO - Camera 172.20.160.51 is ready for settings
2024-12-22 16:18:15,935 - urllib3.connectionpool - DEBUG - Starting new HTTP connection (1): 172.20.160.51:8080
2024-12-22 16:18:15,976 - urllib3.connectionpool - DEBUG - http://172.20.160.51:8080 "GET /gp/gpControl/status HTTP/11" 200 1411
2024-12-22 16:18:15,977 - root - DEBUG - Camera 172.20.160.51 full status: {
  "1": 1,
  "2": 3,
  "3": 0,
  "4": 255,
  "6": 0,
  "8": 0,
  "9": 0,
  "10": 0,
  "11": 0,
  "13": 0,
  "14": 0,
  "17": 1,
  "19": 0,
  "20": 0,
  "21": 0,
  "22": 0,
  "23": 0,
  "24": 0,
  "26": 0,
  "27": 0,
  "28": 82,
  "29": "",
  "30": "GP25908060",
  "31": 0,
  "32": 0,
  "33": 0,
  "34": 4277,
  "35": 9123,
  "36": 0,
  "37": 3,
  "38": 0,
  "39": 3,
  "41": 0,
  "42": 0,
  "45": 0,
  "49": 0,
  "54": 60431488,
  "55": 1,
  "56": 4,
  "58": 0,
  "59": 0,
  "60": 500,
  "61": 2,
  "62": 0,
  "63": 0,
  "64": 2138,
  "65": 0,
  "66": 100,
  "67": 100,
  "68": 0,
  "69": 0,
  "70": 100,
  "74": 0,
  "75": 0,
  "76": 1,
  "77": 1,
  "78": 0,
  "79": 0,
  "81": 1,
  "82": 1,
  "83": 1,
  "85": 0,
  "86": 0,
  "88": 0,
  "89": 12,
  "90": 0,
  "91": 0,
  "93": 5,
  "94": 65536,
  "95": 131072,
  "96": 1000,
  "97": 5,
  "98": 16777221,
  "99": 3041,
  "100": 0,
  "101": 0,
  "102": 0,
  "103": 0,
  "104": 1,
  "105": 0,
  "106": 0,
  "107": 4294967295,
  "108": 0,
  "109": 0,
  "110": 0,
  "111": 0,
  "112": 0,
  "113": 0,
  "114": 0,
  "115": 0,
  "116": 1
}
2024-12-22 16:18:15,977 - root - INFO - 
Camera 172.20.160.51 state:
- Recording: False
- Busy: False
- Encoding: False
- Battery: 3%

2024-12-22 16:18:15,979 - root - INFO - Camera 172.20.160.51 is ready for settings
2024-12-22 16:18:15,982 - urllib3.connectionpool - DEBUG - Starting new HTTP connection (1): 172.20.160.51:8080
2024-12-22 16:18:16,040 - urllib3.connectionpool - DEBUG - http://172.20.160.51:8080 "GET /gp/gpControl/status HTTP/11" 200 1411
2024-12-22 16:18:16,041 - root - DEBUG - Camera 172.20.160.51 full status: {
  "1": 1,
  "2": 3,
  "3": 0,
  "4": 255,
  "6": 0,
  "8": 0,
  "9": 0,
  "10": 0,
  "11": 0,
  "13": 0,
  "14": 0,
  "17": 1,
  "19": 0,
  "20": 0,
  "21": 0,
  "22": 0,
  "23": 0,
  "24": 0,
  "26": 0,
  "27": 0,
  "28": 82,
  "29": "",
  "30": "GP25908060",
  "31": 0,
  "32": 0,
  "33": 0,
  "34": 4277,
  "35": 9123,
  "36": 0,
  "37": 3,
  "38": 0,
  "39": 3,
  "41": 0,
  "42": 0,
  "45": 0,
  "49": 0,
  "54": 60431488,
  "55": 1,
  "56": 4,
  "58": 0,
  "59": 0,
  "60": 500,
  "61": 2,
  "62": 0,
  "63": 0,
  "64": 2138,
  "65": 0,
  "66": 100,
  "67": 100,
  "68": 0,
  "69": 0,
  "70": 100,
  "74": 0,
  "75": 0,
  "76": 1,
  "77": 1,
  "78": 0,
  "79": 0,
  "81": 1,
  "82": 1,
  "83": 1,
  "85": 0,
  "86": 0,
  "88": 0,
  "89": 12,
  "90": 0,
  "91": 0,
  "93": 5,
  "94": 65536,
  "95": 131072,
  "96": 1000,
  "97": 5,
  "98": 16777221,
  "99": 3041,
  "100": 0,
  "101": 0,
  "102": 0,
  "103": 0,
  "104": 1,
  "105": 0,
  "106": 0,
  "107": 4294967295,
  "108": 0,
  "109": 0,
  "110": 0,
  "111": 0,
  "112": 0,
  "113": 0,
  "114": 0,
  "115": 0,
  "116": 1
}
2024-12-22 16:18:16,041 - root - INFO - 
Camera 172.20.160.51 state:
- Recording: False
- Busy: False
- Encoding: False
- Battery: 3%

2024-12-22 16:18:16,043 - root - INFO - Camera 172.20.160.51 is ready for settings
2024-12-22 16:18:16,046 - urllib3.connectionpool - DEBUG - Starting new HTTP connection (1): 172.20.160.51:8080
2024-12-22 16:18:16,100 - urllib3.connectionpool - DEBUG - http://172.20.160.51:8080 "GET /gp/gpControl/status HTTP/11" 200 1411
2024-12-22 16:18:16,100 - root - DEBUG - Camera 172.20.160.51 full status: {
  "1": 1,
  "2": 3,
  "3": 0,
  "4": 255,
  "6": 0,
  "8": 0,
  "9": 0,
  "10": 0,
  "11": 0,
  "13": 0,
  "14": 0,
  "17": 1,
  "19": 0,
  "20": 0,
  "21": 0,
  "22": 0,
  "23": 0,
  "24": 0,
  "26": 0,
  "27": 0,
  "28": 82,
  "29": "",
  "30": "GP25908060",
  "31": 0,
  "32": 0,
  "33": 0,
  "34": 4277,
  "35": 9123,
  "36": 0,
  "37": 3,
  "38": 0,
  "39": 3,
  "41": 0,
  "42": 0,
  "45": 0,
  "49": 0,
  "54": 60431488,
  "55": 1,
  "56": 4,
  "58": 0,
  "59": 0,
  "60": 500,
  "61": 2,
  "62": 0,
  "63": 0,
  "64": 2138,
  "65": 0,
  "66": 100,
  "67": 100,
  "68": 0,
  "69": 0,
  "70": 100,
  "74": 0,
  "75": 0,
  "76": 1,
  "77": 1,
  "78": 0,
  "79": 0,
  "81": 1,
  "82": 1,
  "83": 1,
  "85": 0,
  "86": 0,
  "88": 0,
  "89": 12,
  "90": 0,
  "91": 0,
  "93": 5,
  "94": 65536,
  "95": 131072,
  "96": 1000,
  "97": 5,
  "98": 16777221,
  "99": 3041,
  "100": 0,
  "101": 0,
  "102": 0,
  "103": 0,
  "104": 1,
  "105": 0,
  "106": 0,
  "107": 4294967295,
  "108": 0,
  "109": 0,
  "110": 0,
  "111": 0,
  "112": 0,
  "113": 0,
  "114": 0,
  "115": 0,
  "116": 1
}
2024-12-22 16:18:16,100 - root - INFO - 
Camera 172.20.160.51 state:
- Recording: False
- Busy: False
- Encoding: False
- Battery: 3%

2024-12-22 16:18:16,102 - root - INFO - Camera 172.20.160.51 is ready for settings
2024-12-22 16:18:16,103 - urllib3.connectionpool - DEBUG - Starting new HTTP connection (1): 172.20.160.51:8080
2024-12-22 16:18:16,147 - urllib3.connectionpool - DEBUG - http://172.20.160.51:8080 "GET /gp/gpControl/status HTTP/11" 200 1411
2024-12-22 16:18:16,148 - root - DEBUG - Camera 172.20.160.51 full status: {
  "1": 1,
  "2": 3,
  "3": 0,
  "4": 255,
  "6": 0,
  "8": 0,
  "9": 0,
  "10": 0,
  "11": 0,
  "13": 0,
  "14": 0,
  "17": 1,
  "19": 0,
  "20": 0,
  "21": 0,
  "22": 0,
  "23": 0,
  "24": 0,
  "26": 0,
  "27": 0,
  "28": 82,
  "29": "",
  "30": "GP25908060",
  "31": 0,
  "32": 0,
  "33": 0,
  "34": 4277,
  "35": 9123,
  "36": 0,
  "37": 3,
  "38": 0,
  "39": 3,
  "41": 0,
  "42": 0,
  "45": 0,
  "49": 0,
  "54": 60431488,
  "55": 1,
  "56": 4,
  "58": 0,
  "59": 0,
  "60": 500,
  "61": 2,
  "62": 0,
  "63": 0,
  "64": 2138,
  "65": 0,
  "66": 100,
  "67": 100,
  "68": 0,
  "69": 0,
  "70": 100,
  "74": 0,
  "75": 0,
  "76": 1,
  "77": 1,
  "78": 0,
  "79": 0,
  "81": 1,
  "82": 1,
  "83": 1,
  "85": 0,
  "86": 0,
  "88": 0,
  "89": 12,
  "90": 0,
  "91": 0,
  "93": 5,
  "94": 65536,
  "95": 131072,
  "96": 1000,
  "97": 5,
  "98": 16777221,
  "99": 3041,
  "100": 0,
  "101": 0,
  "102": 0,
  "103": 0,
  "104": 1,
  "105": 0,
  "106": 0,
  "107": 4294967295,
  "108": 0,
  "109": 0,
  "110": 0,
  "111": 0,
  "112": 0,
  "113": 0,
  "114": 0,
  "115": 0,
  "116": 1
}
2024-12-22 16:18:16,149 - root - INFO - 
Camera 172.20.160.51 state:
- Recording: False
- Busy: False
- Encoding: False
- Battery: 3%

2024-12-22 16:18:16,151 - root - INFO - Camera 172.20.160.51 is ready for settings
2024-12-22 16:18:16,152 - root - WARNING - Value 12 not supported for setting media_format (ID: 128) on HERO10
2024-12-22 16:18:16,155 - urllib3.connectionpool - DEBUG - Starting new HTTP connection (1): 172.20.160.51:8080
2024-12-22 16:18:16,187 - urllib3.connectionpool - DEBUG - http://172.20.160.51:8080 "GET /gp/gpControl/status HTTP/11" 200 1411
2024-12-22 16:18:16,188 - root - DEBUG - Camera 172.20.160.51 full status: {
  "1": 1,
  "2": 3,
  "3": 0,
  "4": 255,
  "6": 0,
  "8": 0,
  "9": 0,
  "10": 0,
  "11": 0,
  "13": 0,
  "14": 0,
  "17": 1,
  "19": 0,
  "20": 0,
  "21": 0,
  "22": 0,
  "23": 0,
  "24": 0,
  "26": 0,
  "27": 0,
  "28": 82,
  "29": "",
  "30": "GP25908060",
  "31": 0,
  "32": 0,
  "33": 0,
  "34": 4277,
  "35": 9123,
  "36": 0,
  "37": 3,
  "38": 0,
  "39": 3,
  "41": 0,
  "42": 0,
  "45": 0,
  "49": 0,
  "54": 60431488,
  "55": 1,
  "56": 4,
  "58": 0,
  "59": 0,
  "60": 500,
  "61": 2,
  "62": 0,
  "63": 0,
  "64": 2138,
  "65": 0,
  "66": 100,
  "67": 100,
  "68": 0,
  "69": 0,
  "70": 100,
  "74": 0,
  "75": 0,
  "76": 1,
  "77": 1,
  "78": 0,
  "79": 0,
  "81": 1,
  "82": 1,
  "83": 1,
  "85": 0,
  "86": 0,
  "88": 0,
  "89": 12,
  "90": 0,
  "91": 0,
  "93": 5,
  "94": 65536,
  "95": 131072,
  "96": 1000,
  "97": 5,
  "98": 16777221,
  "99": 3041,
  "100": 0,
  "101": 0,
  "102": 0,
  "103": 0,
  "104": 1,
  "105": 0,
  "106": 0,
  "107": 4294967295,
  "108": 0,
  "109": 0,
  "110": 0,
  "111": 0,
  "112": 0,
  "113": 0,
  "114": 0,
  "115": 0,
  "116": 1
}
2024-12-22 16:18:16,188 - root - INFO - 
Camera 172.20.160.51 state:
- Recording: False
- Busy: False
- Encoding: False
- Battery: 3%

2024-12-22 16:18:16,191 - root - INFO - Camera 172.20.160.51 is ready for settings
2024-12-22 16:18:16,194 - urllib3.connectionpool - DEBUG - Starting new HTTP connection (1): 172.20.160.51:8080
2024-12-22 16:18:16,240 - urllib3.connectionpool - DEBUG - http://172.20.160.51:8080 "GET /gp/gpControl/status HTTP/11" 200 1411
2024-12-22 16:18:16,242 - root - DEBUG - Camera 172.20.160.51 full status: {
  "1": 1,
  "2": 3,
  "3": 0,
  "4": 255,
  "6": 0,
  "8": 0,
  "9": 0,
  "10": 0,
  "11": 0,
  "13": 0,
  "14": 0,
  "17": 1,
  "19": 0,
  "20": 0,
  "21": 0,
  "22": 0,
  "23": 0,
  "24": 0,
  "26": 0,
  "27": 0,
  "28": 82,
  "29": "",
  "30": "GP25908060",
  "31": 0,
  "32": 0,
  "33": 0,
  "34": 4277,
  "35": 9123,
  "36": 0,
  "37": 3,
  "38": 0,
  "39": 3,
  "41": 0,
  "42": 0,
  "45": 0,
  "49": 0,
  "54": 60431488,
  "55": 1,
  "56": 4,
  "58": 0,
  "59": 0,
  "60": 500,
  "61": 2,
  "62": 0,
  "63": 0,
  "64": 2138,
  "65": 0,
  "66": 100,
  "67": 100,
  "68": 0,
  "69": 0,
  "70": 100,
  "74": 0,
  "75": 0,
  "76": 1,
  "77": 1,
  "78": 0,
  "79": 0,
  "81": 1,
  "82": 1,
  "83": 1,
  "85": 0,
  "86": 0,
  "88": 0,
  "89": 12,
  "90": 0,
  "91": 0,
  "93": 5,
  "94": 65536,
  "95": 131072,
  "96": 1000,
  "97": 5,
  "98": 16777221,
  "99": 3041,
  "100": 0,
  "101": 0,
  "102": 0,
  "103": 0,
  "104": 1,
  "105": 0,
  "106": 0,
  "107": 4294967295,
  "108": 0,
  "109": 0,
  "110": 0,
  "111": 0,
  "112": 0,
  "113": 0,
  "114": 0,
  "115": 0,
  "116": 1
}
2024-12-22 16:18:16,242 - root - INFO - 
Camera 172.20.160.51 state:
- Recording: False
- Busy: False
- Encoding: False
- Battery: 3%

2024-12-22 16:18:16,244 - root - INFO - Camera 172.20.160.51 is ready for settings
2024-12-22 16:18:16,275 - urllib3.connectionpool - DEBUG - http://172.20.160.51:8080 "GET /gp/gpControl/setting/54/1 HTTP/11" 200 3
2024-12-22 16:18:16,276 - root - INFO - Setting quick_capture (ID: 54) successfully set to 1 on camera 172.20.160.51
2024-12-22 16:18:16,480 - urllib3.connectionpool - DEBUG - Starting new HTTP connection (1): 172.20.160.51:8080
2024-12-22 16:18:16,512 - urllib3.connectionpool - DEBUG - http://172.20.160.51:8080 "GET /gp/gpControl/status HTTP/11" 200 1411
2024-12-22 16:18:16,513 - root - DEBUG - Camera 172.20.160.51 full status: {
  "1": 1,
  "2": 3,
  "3": 0,
  "4": 255,
  "6": 0,
  "8": 0,
  "9": 0,
  "10": 0,
  "11": 0,
  "13": 0,
  "14": 0,
  "17": 1,
  "19": 0,
  "20": 0,
  "21": 0,
  "22": 0,
  "23": 0,
  "24": 0,
  "26": 0,
  "27": 0,
  "28": 82,
  "29": "",
  "30": "GP25908060",
  "31": 0,
  "32": 0,
  "33": 0,
  "34": 4277,
  "35": 9123,
  "36": 0,
  "37": 3,
  "38": 0,
  "39": 3,
  "41": 0,
  "42": 0,
  "45": 0,
  "49": 0,
  "54": 60431488,
  "55": 1,
  "56": 4,
  "58": 0,
  "59": 0,
  "60": 500,
  "61": 2,
  "62": 0,
  "63": 0,
  "64": 2138,
  "65": 0,
  "66": 100,
  "67": 100,
  "68": 0,
  "69": 0,
  "70": 100,
  "74": 0,
  "75": 0,
  "76": 1,
  "77": 1,
  "78": 0,
  "79": 0,
  "81": 1,
  "82": 1,
  "83": 1,
  "85": 0,
  "86": 0,
  "88": 0,
  "89": 12,
  "90": 0,
  "91": 0,
  "93": 5,
  "94": 65536,
  "95": 131072,
  "96": 1000,
  "97": 5,
  "98": 16777221,
  "99": 3041,
  "100": 0,
  "101": 0,
  "102": 0,
  "103": 0,
  "104": 1,
  "105": 0,
  "106": 0,
  "107": 4294967295,
  "108": 0,
  "109": 0,
  "110": 0,
  "111": 0,
  "112": 0,
  "113": 0,
  "114": 0,
  "115": 0,
  "116": 1
}
2024-12-22 16:18:16,513 - root - INFO - 
Camera 172.20.160.51 state:
- Recording: False
- Busy: False
- Encoding: False
- Battery: 3%

2024-12-22 16:18:16,516 - root - INFO - Camera 172.20.160.51 is ready for settings
2024-12-22 16:18:16,518 - urllib3.connectionpool - DEBUG - Starting new HTTP connection (1): 172.20.160.51:8080
2024-12-22 16:18:16,575 - urllib3.connectionpool - DEBUG - http://172.20.160.51:8080 "GET /gp/gpControl/status HTTP/11" 200 1411
2024-12-22 16:18:16,576 - root - DEBUG - Camera 172.20.160.51 full status: {
  "1": 1,
  "2": 3,
  "3": 0,
  "4": 255,
  "6": 0,
  "8": 0,
  "9": 0,
  "10": 0,
  "11": 0,
  "13": 0,
  "14": 0,
  "17": 1,
  "19": 0,
  "20": 0,
  "21": 0,
  "22": 0,
  "23": 0,
  "24": 0,
  "26": 0,
  "27": 0,
  "28": 82,
  "29": "",
  "30": "GP25908060",
  "31": 0,
  "32": 0,
  "33": 0,
  "34": 4277,
  "35": 9123,
  "36": 0,
  "37": 3,
  "38": 0,
  "39": 3,
  "41": 0,
  "42": 0,
  "45": 0,
  "49": 0,
  "54": 60431488,
  "55": 1,
  "56": 4,
  "58": 0,
  "59": 0,
  "60": 500,
  "61": 2,
  "62": 0,
  "63": 0,
  "64": 2138,
  "65": 0,
  "66": 100,
  "67": 100,
  "68": 0,
  "69": 0,
  "70": 100,
  "74": 0,
  "75": 0,
  "76": 1,
  "77": 1,
  "78": 0,
  "79": 0,
  "81": 1,
  "82": 1,
  "83": 1,
  "85": 0,
  "86": 0,
  "88": 0,
  "89": 12,
  "90": 0,
  "91": 0,
  "93": 5,
  "94": 65536,
  "95": 131072,
  "96": 1000,
  "97": 5,
  "98": 16777221,
  "99": 3041,
  "100": 0,
  "101": 0,
  "102": 0,
  "103": 0,
  "104": 1,
  "105": 0,
  "106": 0,
  "107": 4294967295,
  "108": 0,
  "109": 0,
  "110": 0,
  "111": 0,
  "112": 0,
  "113": 0,
  "114": 0,
  "115": 0,
  "116": 1
}
2024-12-22 16:18:16,577 - root - INFO - 
Camera 172.20.160.51 state:
- Recording: False
- Busy: False
- Encoding: False
- Battery: 3%

2024-12-22 16:18:16,580 - root - INFO - Camera 172.20.160.51 is ready for settings
2024-12-22 16:18:16,613 - urllib3.connectionpool - DEBUG - http://172.20.160.51:8080 "GET /gp/gpControl/setting/60/0 HTTP/11" 200 3
2024-12-22 16:18:16,614 - root - INFO - Setting video_compression (ID: 60) successfully set to 0 on camera 172.20.160.51
2024-12-22 16:18:16,817 - urllib3.connectionpool - DEBUG - Starting new HTTP connection (1): 172.20.160.51:8080
2024-12-22 16:18:16,868 - urllib3.connectionpool - DEBUG - http://172.20.160.51:8080 "GET /gp/gpControl/status HTTP/11" 200 1411
2024-12-22 16:18:16,869 - root - DEBUG - Camera 172.20.160.51 full status: {
  "1": 1,
  "2": 3,
  "3": 0,
  "4": 255,
  "6": 0,
  "8": 0,
  "9": 0,
  "10": 0,
  "11": 0,
  "13": 0,
  "14": 0,
  "17": 1,
  "19": 0,
  "20": 0,
  "21": 0,
  "22": 0,
  "23": 0,
  "24": 0,
  "26": 0,
  "27": 0,
  "28": 82,
  "29": "",
  "30": "GP25908060",
  "31": 0,
  "32": 0,
  "33": 0,
  "34": 4277,
  "35": 9123,
  "36": 0,
  "37": 3,
  "38": 0,
  "39": 3,
  "41": 0,
  "42": 0,
  "45": 0,
  "49": 0,
  "54": 60431488,
  "55": 1,
  "56": 4,
  "58": 0,
  "59": 0,
  "60": 500,
  "61": 2,
  "62": 0,
  "63": 0,
  "64": 2138,
  "65": 0,
  "66": 100,
  "67": 100,
  "68": 0,
  "69": 0,
  "70": 100,
  "74": 0,
  "75": 0,
  "76": 1,
  "77": 1,
  "78": 0,
  "79": 0,
  "81": 1,
  "82": 1,
  "83": 1,
  "85": 0,
  "86": 0,
  "88": 0,
  "89": 12,
  "90": 0,
  "91": 0,
  "93": 5,
  "94": 65536,
  "95": 131072,
  "96": 1000,
  "97": 5,
  "98": 16777221,
  "99": 3041,
  "100": 0,
  "101": 0,
  "102": 0,
  "103": 0,
  "104": 1,
  "105": 0,
  "106": 0,
  "107": 4294967295,
  "108": 0,
  "109": 0,
  "110": 0,
  "111": 0,
  "112": 0,
  "113": 0,
  "114": 0,
  "115": 0,
  "116": 1
}
2024-12-22 16:18:16,869 - root - INFO - 
Camera 172.20.160.51 state:
- Recording: False
- Busy: False
- Encoding: False
- Battery: 3%

2024-12-22 16:18:16,871 - root - INFO - Camera 172.20.160.51 is ready for settings
2024-12-22 16:18:16,901 - urllib3.connectionpool - DEBUG - http://172.20.160.51:8080 "GET /gp/gpControl/setting/83/0 HTTP/11" 200 3
2024-12-22 16:18:16,902 - root - INFO - Setting gps_status (ID: 83) successfully set to 0 on camera 172.20.160.51
2024-12-22 16:18:17,105 - urllib3.connectionpool - DEBUG - Starting new HTTP connection (1): 172.20.160.51:8080
2024-12-22 16:18:17,160 - urllib3.connectionpool - DEBUG - http://172.20.160.51:8080 "GET /gp/gpControl/status HTTP/11" 200 1411
2024-12-22 16:18:17,162 - root - DEBUG - Camera 172.20.160.51 full status: {
  "1": 1,
  "2": 3,
  "3": 0,
  "4": 255,
  "6": 0,
  "8": 0,
  "9": 0,
  "10": 0,
  "11": 0,
  "13": 0,
  "14": 0,
  "17": 1,
  "19": 0,
  "20": 0,
  "21": 0,
  "22": 0,
  "23": 0,
  "24": 0,
  "26": 0,
  "27": 0,
  "28": 82,
  "29": "",
  "30": "GP25908060",
  "31": 0,
  "32": 0,
  "33": 0,
  "34": 4277,
  "35": 9123,
  "36": 0,
  "37": 3,
  "38": 0,
  "39": 3,
  "41": 0,
  "42": 0,
  "45": 0,
  "49": 0,
  "54": 60431488,
  "55": 1,
  "56": 4,
  "58": 0,
  "59": 0,
  "60": 500,
  "61": 2,
  "62": 0,
  "63": 0,
  "64": 2138,
  "65": 0,
  "66": 100,
  "67": 100,
  "68": 0,
  "69": 0,
  "70": 100,
  "74": 0,
  "75": 0,
  "76": 1,
  "77": 1,
  "78": 0,
  "79": 0,
  "81": 1,
  "82": 1,
  "83": 1,
  "85": 0,
  "86": 0,
  "88": 0,
  "89": 12,
  "90": 0,
  "91": 0,
  "93": 5,
  "94": 65536,
  "95": 131072,
  "96": 1000,
  "97": 5,
  "98": 16777221,
  "99": 3041,
  "100": 0,
  "101": 0,
  "102": 0,
  "103": 0,
  "104": 1,
  "105": 0,
  "106": 0,
  "107": 4294967295,
  "108": 0,
  "109": 0,
  "110": 0,
  "111": 0,
  "112": 0,
  "113": 0,
  "114": 0,
  "115": 0,
  "116": 1
}
2024-12-22 16:18:17,162 - root - INFO - 
Camera 172.20.160.51 state:
- Recording: False
- Busy: False
- Encoding: False
- Battery: 3%

2024-12-22 16:18:17,163 - root - INFO - Camera 172.20.160.51 is ready for settings
2024-12-22 16:18:17,194 - urllib3.connectionpool - DEBUG - http://172.20.160.51:8080 "GET /gp/gpControl/setting/86/0 HTTP/11" 200 3
2024-12-22 16:18:17,194 - root - INFO - Setting voice_control (ID: 86) successfully set to 0 on camera 172.20.160.51
2024-12-22 16:18:17,397 - urllib3.connectionpool - DEBUG - Starting new HTTP connection (1): 172.20.160.51:8080
2024-12-22 16:18:17,440 - urllib3.connectionpool - DEBUG - http://172.20.160.51:8080 "GET /gp/gpControl/status HTTP/11" 200 1411
2024-12-22 16:18:17,442 - root - DEBUG - Camera 172.20.160.51 full status: {
  "1": 1,
  "2": 3,
  "3": 0,
  "4": 255,
  "6": 0,
  "8": 0,
  "9": 0,
  "10": 0,
  "11": 0,
  "13": 0,
  "14": 0,
  "17": 1,
  "19": 0,
  "20": 0,
  "21": 0,
  "22": 0,
  "23": 0,
  "24": 0,
  "26": 0,
  "27": 0,
  "28": 82,
  "29": "",
  "30": "GP25908060",
  "31": 0,
  "32": 0,
  "33": 0,
  "34": 4277,
  "35": 9123,
  "36": 0,
  "37": 3,
  "38": 0,
  "39": 3,
  "41": 0,
  "42": 0,
  "45": 0,
  "49": 0,
  "54": 60431488,
  "55": 1,
  "56": 4,
  "58": 0,
  "59": 0,
  "60": 500,
  "61": 2,
  "62": 0,
  "63": 0,
  "64": 2138,
  "65": 0,
  "66": 100,
  "67": 100,
  "68": 0,
  "69": 0,
  "70": 100,
  "74": 0,
  "75": 0,
  "76": 1,
  "77": 1,
  "78": 0,
  "79": 0,
  "81": 1,
  "82": 1,
  "83": 1,
  "85": 0,
  "86": 0,
  "88": 0,
  "89": 12,
  "90": 0,
  "91": 0,
  "93": 5,
  "94": 65536,
  "95": 131072,
  "96": 1000,
  "97": 5,
  "98": 16777221,
  "99": 3041,
  "100": 0,
  "101": 0,
  "102": 0,
  "103": 0,
  "104": 1,
  "105": 0,
  "106": 0,
  "107": 4294967295,
  "108": 0,
  "109": 0,
  "110": 0,
  "111": 0,
  "112": 0,
  "113": 0,
  "114": 0,
  "115": 0,
  "116": 1
}
2024-12-22 16:18:17,442 - root - INFO - 
Camera 172.20.160.51 state:
- Recording: False
- Busy: False
- Encoding: False
- Battery: 3%

2024-12-22 16:18:17,444 - root - INFO - Camera 172.20.160.51 is ready for settings
2024-12-22 16:18:17,447 - urllib3.connectionpool - DEBUG - Starting new HTTP connection (1): 172.20.160.51:8080
2024-12-22 16:18:17,500 - urllib3.connectionpool - DEBUG - http://172.20.160.51:8080 "GET /gp/gpControl/status HTTP/11" 200 1411
2024-12-22 16:18:17,501 - root - DEBUG - Camera 172.20.160.51 full status: {
  "1": 1,
  "2": 3,
  "3": 0,
  "4": 255,
  "6": 0,
  "8": 0,
  "9": 0,
  "10": 0,
  "11": 0,
  "13": 0,
  "14": 0,
  "17": 1,
  "19": 0,
  "20": 0,
  "21": 0,
  "22": 0,
  "23": 0,
  "24": 0,
  "26": 0,
  "27": 0,
  "28": 82,
  "29": "",
  "30": "GP25908060",
  "31": 0,
  "32": 0,
  "33": 0,
  "34": 4277,
  "35": 9123,
  "36": 0,
  "37": 3,
  "38": 0,
  "39": 3,
  "41": 0,
  "42": 0,
  "45": 0,
  "49": 0,
  "54": 60431488,
  "55": 1,
  "56": 4,
  "58": 0,
  "59": 0,
  "60": 500,
  "61": 2,
  "62": 0,
  "63": 0,
  "64": 2138,
  "65": 0,
  "66": 100,
  "67": 100,
  "68": 0,
  "69": 0,
  "70": 100,
  "74": 0,
  "75": 0,
  "76": 1,
  "77": 1,
  "78": 0,
  "79": 0,
  "81": 1,
  "82": 1,
  "83": 1,
  "85": 0,
  "86": 0,
  "88": 0,
  "89": 12,
  "90": 0,
  "91": 0,
  "93": 5,
  "94": 65536,
  "95": 131072,
  "96": 1000,
  "97": 5,
  "98": 16777221,
  "99": 3041,
  "100": 0,
  "101": 0,
  "102": 0,
  "103": 0,
  "104": 1,
  "105": 0,
  "106": 0,
  "107": 4294967295,
  "108": 0,
  "109": 0,
  "110": 0,
  "111": 0,
  "112": 0,
  "113": 0,
  "114": 0,
  "115": 0,
  "116": 1
}
2024-12-22 16:18:17,501 - root - INFO - 
Camera 172.20.160.51 state:
- Recording: False
- Busy: False
- Encoding: False
- Battery: 3%

2024-12-22 16:18:17,503 - root - INFO - Camera 172.20.160.51 is ready for settings
2024-12-22 16:18:17,565 - urllib3.connectionpool - DEBUG - http://172.20.160.51:8080 "GET /gp/gpControl/setting/105/0 HTTP/11" 200 3
2024-12-22 16:18:17,566 - root - INFO - Setting wifi_band (ID: 105) successfully set to 0 on camera 172.20.160.51
2024-12-22 16:18:17,770 - urllib3.connectionpool - DEBUG - Starting new HTTP connection (1): 172.20.160.51:8080
2024-12-22 16:18:17,816 - urllib3.connectionpool - DEBUG - http://172.20.160.51:8080 "GET /gp/gpControl/status HTTP/11" 200 1411
2024-12-22 16:18:17,817 - root - DEBUG - Camera 172.20.160.51 full status: {
  "1": 1,
  "2": 3,
  "3": 0,
  "4": 255,
  "6": 0,
  "8": 0,
  "9": 0,
  "10": 0,
  "11": 0,
  "13": 0,
  "14": 0,
  "17": 1,
  "19": 0,
  "20": 0,
  "21": 0,
  "22": 0,
  "23": 0,
  "24": 0,
  "26": 0,
  "27": 0,
  "28": 82,
  "29": "",
  "30": "GP25908060",
  "31": 0,
  "32": 0,
  "33": 0,
  "34": 4277,
  "35": 9123,
  "36": 0,
  "37": 3,
  "38": 0,
  "39": 3,
  "41": 0,
  "42": 0,
  "45": 0,
  "49": 0,
  "54": 60431488,
  "55": 1,
  "56": 4,
  "58": 0,
  "59": 0,
  "60": 500,
  "61": 2,
  "62": 0,
  "63": 0,
  "64": 2138,
  "65": 0,
  "66": 100,
  "67": 100,
  "68": 0,
  "69": 0,
  "70": 100,
  "74": 0,
  "75": 0,
  "76": 1,
  "77": 1,
  "78": 0,
  "79": 0,
  "81": 1,
  "82": 1,
  "83": 1,
  "85": 0,
  "86": 0,
  "88": 0,
  "89": 12,
  "90": 0,
  "91": 0,
  "93": 5,
  "94": 65536,
  "95": 131072,
  "96": 1000,
  "97": 5,
  "98": 16777221,
  "99": 3041,
  "100": 0,
  "101": 0,
  "102": 0,
  "103": 0,
  "104": 1,
  "105": 0,
  "106": 0,
  "107": 4294967295,
  "108": 0,
  "109": 0,
  "110": 0,
  "111": 0,
  "112": 0,
  "113": 0,
  "114": 0,
  "115": 0,
  "116": 1
}
2024-12-22 16:18:17,817 - root - INFO - 
Camera 172.20.160.51 state:
- Recording: False
- Busy: False
- Encoding: False
- Battery: 3%

2024-12-22 16:18:17,819 - root - INFO - Camera 172.20.160.51 is ready for settings
