2024-12-22 16:17:09,712 - asyncio - DEBUG - Using proactor: IocpProactor
2024-12-22 16:17:09,713 - root - INFO - Searching for GoPro cameras...
2024-12-22 16:17:09,823 - root - INFO - Discovered GoPro: C3461325908060._gopro-web._tcp.local. at 172.20.160.51
2024-12-22 16:17:09,832 - root - INFO - Discovered GoPro: C3461326043977._gopro-web._tcp.local. at 172.29.177.51
2024-12-22 16:17:14,719 - root - INFO - Found the following GoPro devices:
2024-12-22 16:17:14,720 - root - INFO - Name: C3461325908060._gopro-web._tcp.local., IP: 172.20.160.51
2024-12-22 16:17:14,721 - root - INFO - Name: C3461326043977._gopro-web._tcp.local., IP: 172.29.177.51
2024-12-22 16:17:14,725 - root - INFO - Cache updated successfully with newly discovered devices.
2024-12-22 16:17:14,727 - root - INFO - Resetting USB control on camera 172.20.160.51.
2024-12-22 16:17:14,728 - root - INFO - Resetting USB control on camera 172.29.177.51.
2024-12-22 16:17:14,737 - urllib3.connectionpool - DEBUG - Starting new HTTP connection (1): 172.29.177.51:8080
2024-12-22 16:17:14,740 - urllib3.connectionpool - DEBUG - Starting new HTTP connection (1): 172.20.160.51:8080
2024-12-22 16:17:14,806 - urllib3.connectionpool - DEBUG - http://172.29.177.51:8080 "GET /gopro/camera/control/wired_usb?p=0 HTTP/11" 200 3
2024-12-22 16:17:14,807 - root - INFO - USB control disabled on camera 172.29.177.51.
2024-12-22 16:17:14,821 - urllib3.connectionpool - DEBUG - http://172.20.160.51:8080 "GET /gopro/camera/control/wired_usb?p=0 HTTP/11" 200 3
2024-12-22 16:17:14,822 - root - INFO - USB control disabled on camera 172.20.160.51.
2024-12-22 16:17:16,812 - urllib3.connectionpool - DEBUG - Starting new HTTP connection (1): 172.29.177.51:8080
2024-12-22 16:17:16,826 - urllib3.connectionpool - DEBUG - Starting new HTTP connection (1): 172.20.160.51:8080
2024-12-22 16:17:16,895 - urllib3.connectionpool - DEBUG - http://172.29.177.51:8080 "GET /gopro/camera/control/wired_usb?p=1 HTTP/11" 200 3
2024-12-22 16:17:16,896 - root - INFO - USB control enabled on camera 172.29.177.51.
2024-12-22 16:17:16,912 - urllib3.connectionpool - DEBUG - http://172.20.160.51:8080 "GET /gopro/camera/control/wired_usb?p=1 HTTP/11" 200 3
2024-12-22 16:17:16,912 - root - INFO - USB control enabled on camera 172.20.160.51.
2024-12-22 16:17:18,924 - asyncio - DEBUG - Using proactor: IocpProactor
2024-12-22 16:17:18,927 - root - INFO - Searching for GoPro cameras...
2024-12-22 16:17:19,091 - root - INFO - Discovered GoPro: C3461325908060._gopro-web._tcp.local. at 172.20.160.51
2024-12-22 16:17:19,099 - root - INFO - Discovered GoPro: C3461326043977._gopro-web._tcp.local. at 172.29.177.51
2024-12-22 16:17:23,936 - urllib3.connectionpool - DEBUG - Starting new HTTP connection (1): 172.29.177.51:8080
2024-12-22 16:17:23,955 - urllib3.connectionpool - DEBUG - http://172.29.177.51:8080 "GET /gp/gpControl/info HTTP/11" 200 339
2024-12-22 16:17:23,955 - root - INFO - Camera info: Model=HERO10 BLACK, Firmware=H21.01.01.62.70
2024-12-22 16:17:23,959 - urllib3.connectionpool - DEBUG - Starting new HTTP connection (1): 172.29.177.51:8080
2024-12-22 16:17:24,033 - urllib3.connectionpool - DEBUG - http://172.29.177.51:8080 "GET /gp/gpControl/status HTTP/11" 200 1424
2024-12-22 16:17:24,034 - root - INFO - Got settings from primary camera: {
  "2": 1,
  "3": 6,
  "5": 0,
  "6": 1,
  "13": 1,
  "19": 0,
  "24": 0,
  "30": 110,
  "31": 0,
  "32": 10,
  "37": 0,
  "41": 9,
  "42": 6,
  "43": 0,
  "44": 9,
  "45": 5,
  "47": 4,
  "48": 3,
  "54": 1,
  "59": 0,
  "60": 0,
  "61": 0,
  "62": 0,
  "64": 4,
  "65": 0,
  "66": 0,
  "67": 0,
  "75": 0,
  "76": 0,
  "83": 0,
  "84": 0,
  "85": 0,
  "86": 0,
  "87": 100,
  "88": 50,
  "91": 3,
  "102": 8,
  "103": 3,
  "105": 0,
  "106": 1,
  "111": 10,
  "112": 255,
  "114": 1,
  "115": 0,
  "116": 2,
  "117": 1,
  "118": 4,
  "121": 3,
  "122": 0,
  "123": 0,
  "124": 100,
  "125": 0,
  "126": 0,
  "128": 12,
  "129": 2,
  "130": 105,
  "131": 3,
  "132": 12,
  "134": 3,
  "135": 100,
  "139": 3,
  "144": 12,
  "145": 0,
  "146": 0,
  "147": 0,
  "148": 2,
  "149": 2,
  "153": 100,
  "154": 3,
  "155": 0,
  "156": 100,
  "157": 100,
  "158": 1,
  "159": 0,
  "160": 0,
  "161": 100,
  "162": 0,
  "163": 1,
  "164": 100,
  "165": 0,
  "166": 0,
  "167": 4,
  "168": 0,
  "169": 1,
  "173": 0
}
2024-12-22 16:17:24,047 - root - INFO - Copying settings to all target cameras...
2024-12-22 16:17:24,049 - urllib3.connectionpool - DEBUG - Starting new HTTP connection (1): 172.20.160.51:8080
2024-12-22 16:17:24,055 - urllib3.connectionpool - DEBUG - http://172.20.160.51:8080 "GET /gp/gpControl/info HTTP/11" 200 327
2024-12-22 16:17:24,056 - root - INFO - Camera info: Model=HERO10 BLACK, Firmware=H21.01.01.62.70
2024-12-22 16:17:24,058 - urllib3.connectionpool - DEBUG - Starting new HTTP connection (1): 172.20.160.51:8080
2024-12-22 16:17:24,088 - urllib3.connectionpool - DEBUG - http://172.20.160.51:8080 "GET /gp/gpControl/status HTTP/11" 200 1410
2024-12-22 16:17:24,090 - root - DEBUG - Camera 172.20.160.51 full status: {
  "1": 1,
  "2": 3,
  "3": 0,
  "4": 255,
  "6": 0,
  "8": 0,
  "9": 0,
  "10": 0,
  "11": 0,
  "13": 0,
  "14": 0,
  "17": 1,
  "19": 0,
  "20": 0,
  "21": 0,
  "22": 0,
  "23": 0,
  "24": 0,
  "26": 0,
  "27": 0,
  "28": 82,
  "29": "",
  "30": "GP25908060",
  "31": 0,
  "32": 0,
  "33": 0,
  "34": 4277,
  "35": 8849,
  "36": 0,
  "37": 3,
  "38": 0,
  "39": 3,
  "41": 0,
  "42": 0,
  "45": 0,
  "49": 0,
  "54": 60431488,
  "55": 1,
  "56": 4,
  "58": 0,
  "59": 0,
  "60": 500,
  "61": 2,
  "62": 0,
  "63": 0,
  "64": 2138,
  "65": 0,
  "66": 100,
  "67": 100,
  "68": 0,
  "69": 0,
  "70": 100,
  "74": 0,
  "75": 0,
  "76": 1,
  "77": 1,
  "78": 0,
  "79": 0,
  "81": 1,
  "82": 1,
  "83": 1,
  "85": 0,
  "86": 0,
  "88": 0,
  "89": 12,
  "90": 1,
  "91": 0,
  "93": 5,
  "94": 65536,
  "95": 131072,
  "96": 1000,
  "97": 5,
  "98": 16777216,
  "99": 2949,
  "100": 0,
  "101": 0,
  "102": 0,
  "103": 0,
  "104": 1,
  "105": 0,
  "106": 0,
  "107": 4294967295,
  "108": 0,
  "109": 0,
  "110": 0,
  "111": 0,
  "112": 0,
  "113": 0,
  "114": 0,
  "115": 0,
  "116": 1
}
2024-12-22 16:17:24,090 - root - INFO - 
Camera 172.20.160.51 state:
- Recording: False
- Busy: False
- Encoding: False
- Battery: 3%

2024-12-22 16:17:24,092 - root - INFO - Camera 172.20.160.51 is ready for settings
2024-12-22 16:17:24,093 - root - INFO - Applying settings to HERO10 camera at 172.20.160.51
2024-12-22 16:17:24,094 - root - WARNING - Value 3 not supported for setting anti_flicker (ID: 134) on HERO10
2024-12-22 16:17:24,097 - urllib3.connectionpool - DEBUG - Starting new HTTP connection (1): 172.20.160.51:8080
2024-12-22 16:17:24,132 - urllib3.connectionpool - DEBUG - http://172.20.160.51:8080 "GET /gp/gpControl/status HTTP/11" 200 1410
2024-12-22 16:17:24,133 - root - DEBUG - Camera 172.20.160.51 full status: {
  "1": 1,
  "2": 3,
  "3": 0,
  "4": 255,
  "6": 0,
  "8": 0,
  "9": 0,
  "10": 0,
  "11": 0,
  "13": 0,
  "14": 0,
  "17": 1,
  "19": 0,
  "20": 0,
  "21": 0,
  "22": 0,
  "23": 0,
  "24": 0,
  "26": 0,
  "27": 0,
  "28": 82,
  "29": "",
  "30": "GP25908060",
  "31": 0,
  "32": 0,
  "33": 0,
  "34": 4277,
  "35": 8849,
  "36": 0,
  "37": 3,
  "38": 0,
  "39": 3,
  "41": 0,
  "42": 0,
  "45": 0,
  "49": 0,
  "54": 60431488,
  "55": 1,
  "56": 4,
  "58": 0,
  "59": 0,
  "60": 500,
  "61": 2,
  "62": 0,
  "63": 0,
  "64": 2138,
  "65": 0,
  "66": 100,
  "67": 100,
  "68": 0,
  "69": 0,
  "70": 100,
  "74": 0,
  "75": 0,
  "76": 1,
  "77": 1,
  "78": 0,
  "79": 0,
  "81": 1,
  "82": 1,
  "83": 1,
  "85": 0,
  "86": 0,
  "88": 0,
  "89": 12,
  "90": 1,
  "91": 0,
  "93": 5,
  "94": 65536,
  "95": 131072,
  "96": 1000,
  "97": 5,
  "98": 16777216,
  "99": 2949,
  "100": 0,
  "101": 0,
  "102": 0,
  "103": 0,
  "104": 1,
  "105": 0,
  "106": 0,
  "107": 4294967295,
  "108": 0,
  "109": 0,
  "110": 0,
  "111": 0,
  "112": 0,
  "113": 0,
  "114": 0,
  "115": 0,
  "116": 1
}
2024-12-22 16:17:24,133 - root - INFO - 
Camera 172.20.160.51 state:
- Recording: False
- Busy: False
- Encoding: False
- Battery: 3%

2024-12-22 16:17:24,136 - root - INFO - Camera 172.20.160.51 is ready for settings
2024-12-22 16:17:24,139 - urllib3.connectionpool - DEBUG - Starting new HTTP connection (1): 172.20.160.51:8080
2024-12-22 16:17:24,168 - urllib3.connectionpool - DEBUG - http://172.20.160.51:8080 "GET /gp/gpControl/setting/59/0 HTTP/11" 200 3
2024-12-22 16:17:24,169 - root - INFO - Setting auto_power_down (ID: 59) successfully set to 0 on camera 172.20.160.51
2024-12-22 16:17:24,371 - urllib3.connectionpool - DEBUG - Starting new HTTP connection (1): 172.20.160.51:8080
2024-12-22 16:17:24,413 - urllib3.connectionpool - DEBUG - http://172.20.160.51:8080 "GET /gp/gpControl/status HTTP/11" 200 1410
2024-12-22 16:17:24,415 - root - DEBUG - Camera 172.20.160.51 full status: {
  "1": 1,
  "2": 3,
  "3": 0,
  "4": 255,
  "6": 0,
  "8": 0,
  "9": 0,
  "10": 0,
  "11": 0,
  "13": 0,
  "14": 0,
  "17": 1,
  "19": 0,
  "20": 0,
  "21": 0,
  "22": 0,
  "23": 0,
  "24": 0,
  "26": 0,
  "27": 0,
  "28": 82,
  "29": "",
  "30": "GP25908060",
  "31": 0,
  "32": 0,
  "33": 0,
  "34": 4277,
  "35": 8849,
  "36": 0,
  "37": 3,
  "38": 0,
  "39": 3,
  "41": 0,
  "42": 0,
  "45": 0,
  "49": 0,
  "54": 60431488,
  "55": 1,
  "56": 4,
  "58": 0,
  "59": 0,
  "60": 500,
  "61": 2,
  "62": 0,
  "63": 0,
  "64": 2138,
  "65": 0,
  "66": 100,
  "67": 100,
  "68": 0,
  "69": 0,
  "70": 100,
  "74": 0,
  "75": 0,
  "76": 1,
  "77": 1,
  "78": 0,
  "79": 0,
  "81": 1,
  "82": 1,
  "83": 1,
  "85": 0,
  "86": 0,
  "88": 0,
  "89": 12,
  "90": 1,
  "91": 0,
  "93": 5,
  "94": 65536,
  "95": 131072,
  "96": 1000,
  "97": 5,
  "98": 16777216,
  "99": 2949,
  "100": 0,
  "101": 0,
  "102": 0,
  "103": 0,
  "104": 1,
  "105": 0,
  "106": 0,
  "107": 4294967295,
  "108": 0,
  "109": 0,
  "110": 0,
  "111": 0,
  "112": 0,
  "113": 0,
  "114": 0,
  "115": 0,
  "116": 1
}
2024-12-22 16:17:24,415 - root - INFO - 
Camera 172.20.160.51 state:
- Recording: False
- Busy: False
- Encoding: False
- Battery: 3%

2024-12-22 16:17:24,417 - root - INFO - Camera 172.20.160.51 is ready for settings
2024-12-22 16:17:24,445 - urllib3.connectionpool - DEBUG - http://172.20.160.51:8080 "GET /gp/gpControl/setting/87/100 HTTP/11" 500 182
2024-12-22 16:17:24,446 - root - ERROR - Failed to set beep_volume (ID: 87) on camera 172.20.160.51: 500 Server Error: Internal Server Error for url: http://172.20.160.51:8080/gp/gpControl/setting/87/100
2024-12-22 16:17:24,449 - urllib3.connectionpool - DEBUG - Starting new HTTP connection (1): 172.20.160.51:8080
2024-12-22 16:17:24,492 - urllib3.connectionpool - DEBUG - http://172.20.160.51:8080 "GET /gp/gpControl/status HTTP/11" 200 1410
2024-12-22 16:17:24,493 - root - DEBUG - Camera 172.20.160.51 full status: {
  "1": 1,
  "2": 3,
  "3": 0,
  "4": 255,
  "6": 0,
  "8": 0,
  "9": 0,
  "10": 0,
  "11": 0,
  "13": 0,
  "14": 0,
  "17": 1,
  "19": 0,
  "20": 0,
  "21": 0,
  "22": 0,
  "23": 0,
  "24": 0,
  "26": 0,
  "27": 0,
  "28": 82,
  "29": "",
  "30": "GP25908060",
  "31": 0,
  "32": 0,
  "33": 0,
  "34": 4277,
  "35": 8849,
  "36": 0,
  "37": 3,
  "38": 0,
  "39": 3,
  "41": 0,
  "42": 0,
  "45": 0,
  "49": 0,
  "54": 60431488,
  "55": 1,
  "56": 4,
  "58": 0,
  "59": 0,
  "60": 500,
  "61": 2,
  "62": 0,
  "63": 0,
  "64": 2138,
  "65": 0,
  "66": 100,
  "67": 100,
  "68": 0,
  "69": 0,
  "70": 100,
  "74": 0,
  "75": 0,
  "76": 1,
  "77": 1,
  "78": 0,
  "79": 0,
  "81": 1,
  "82": 1,
  "83": 1,
  "85": 0,
  "86": 0,
  "88": 0,
  "89": 12,
  "90": 1,
  "91": 0,
  "93": 5,
  "94": 65536,
  "95": 131072,
  "96": 1000,
  "97": 5,
  "98": 16777216,
  "99": 2949,
  "100": 0,
  "101": 0,
  "102": 0,
  "103": 0,
  "104": 1,
  "105": 0,
  "106": 0,
  "107": 4294967295,
  "108": 0,
  "109": 0,
  "110": 0,
  "111": 0,
  "112": 0,
  "113": 0,
  "114": 0,
  "115": 0,
  "116": 1
}
2024-12-22 16:17:24,494 - root - INFO - 
Camera 172.20.160.51 state:
- Recording: False
- Busy: False
- Encoding: False
- Battery: 3%

2024-12-22 16:17:24,495 - root - INFO - Camera 172.20.160.51 is ready for settings
2024-12-22 16:17:24,498 - urllib3.connectionpool - DEBUG - Starting new HTTP connection (1): 172.20.160.51:8080
2024-12-22 16:17:24,552 - urllib3.connectionpool - DEBUG - http://172.20.160.51:8080 "GET /gp/gpControl/status HTTP/11" 200 1410
2024-12-22 16:17:24,553 - root - DEBUG - Camera 172.20.160.51 full status: {
  "1": 1,
  "2": 3,
  "3": 0,
  "4": 255,
  "6": 0,
  "8": 0,
  "9": 0,
  "10": 0,
  "11": 0,
  "13": 0,
  "14": 0,
  "17": 1,
  "19": 0,
  "20": 0,
  "21": 0,
  "22": 0,
  "23": 0,
  "24": 0,
  "26": 0,
  "27": 0,
  "28": 82,
  "29": "",
  "30": "GP25908060",
  "31": 0,
  "32": 0,
  "33": 0,
  "34": 4277,
  "35": 8849,
  "36": 0,
  "37": 3,
  "38": 0,
  "39": 3,
  "41": 0,
  "42": 0,
  "45": 0,
  "49": 0,
  "54": 60431488,
  "55": 1,
  "56": 4,
  "58": 0,
  "59": 0,
  "60": 500,
  "61": 2,
  "62": 0,
  "63": 0,
  "64": 2138,
  "65": 0,
  "66": 100,
  "67": 100,
  "68": 0,
  "69": 0,
  "70": 100,
  "74": 0,
  "75": 0,
  "76": 1,
  "77": 1,
  "78": 0,
  "79": 0,
  "81": 1,
  "82": 1,
  "83": 1,
  "85": 0,
  "86": 0,
  "88": 0,
  "89": 12,
  "90": 1,
  "91": 0,
  "93": 5,
  "94": 65536,
  "95": 131072,
  "96": 1000,
  "97": 5,
  "98": 16777216,
  "99": 2949,
  "100": 0,
  "101": 0,
  "102": 0,
  "103": 0,
  "104": 1,
  "105": 0,
  "106": 0,
  "107": 4294967295,
  "108": 0,
  "109": 0,
  "110": 0,
  "111": 0,
  "112": 0,
  "113": 0,
  "114": 0,
  "115": 0,
  "116": 1
}
2024-12-22 16:17:24,553 - root - INFO - 
Camera 172.20.160.51 state:
- Recording: False
- Busy: False
- Encoding: False
- Battery: 3%

2024-12-22 16:17:24,556 - root - INFO - Camera 172.20.160.51 is ready for settings
2024-12-22 16:17:24,900 - urllib3.connectionpool - DEBUG - http://172.20.160.51:8080 "GET /gp/gpControl/setting/2/1 HTTP/11" 200 3
2024-12-22 16:17:24,900 - root - INFO - Setting video_resolution (ID: 2) successfully set to 1 on camera 172.20.160.51
2024-12-22 16:17:25,104 - urllib3.connectionpool - DEBUG - Starting new HTTP connection (1): 172.20.160.51:8080
2024-12-22 16:17:25,156 - urllib3.connectionpool - DEBUG - http://172.20.160.51:8080 "GET /gp/gpControl/status HTTP/11" 200 1410
2024-12-22 16:17:25,157 - root - DEBUG - Camera 172.20.160.51 full status: {
  "1": 1,
  "2": 3,
  "3": 0,
  "4": 255,
  "6": 0,
  "8": 0,
  "9": 0,
  "10": 0,
  "11": 0,
  "13": 0,
  "14": 0,
  "17": 1,
  "19": 0,
  "20": 0,
  "21": 0,
  "22": 0,
  "23": 0,
  "24": 0,
  "26": 0,
  "27": 0,
  "28": 82,
  "29": "",
  "30": "GP25908060",
  "31": 0,
  "32": 0,
  "33": 0,
  "34": 4277,
  "35": 6805,
  "36": 0,
  "37": 3,
  "38": 0,
  "39": 3,
  "41": 0,
  "42": 0,
  "45": 0,
  "49": 0,
  "54": 60431488,
  "55": 1,
  "56": 4,
  "58": 0,
  "59": 0,
  "60": 500,
  "61": 2,
  "62": 0,
  "63": 0,
  "64": 2138,
  "65": 0,
  "66": 100,
  "67": 100,
  "68": 0,
  "69": 0,
  "70": 100,
  "74": 0,
  "75": 0,
  "76": 1,
  "77": 1,
  "78": 0,
  "79": 0,
  "81": 1,
  "82": 1,
  "83": 1,
  "85": 0,
  "86": 0,
  "88": 0,
  "89": 12,
  "90": 1,
  "91": 0,
  "93": 5,
  "94": 65536,
  "95": 131072,
  "96": 1000,
  "97": 5,
  "98": 16777221,
  "99": 2268,
  "100": 0,
  "101": 0,
  "102": 0,
  "103": 0,
  "104": 1,
  "105": 0,
  "106": 0,
  "107": 4294967295,
  "108": 0,
  "109": 0,
  "110": 0,
  "111": 0,
  "112": 0,
  "113": 0,
  "114": 0,
  "115": 0,
  "116": 1
}
2024-12-22 16:17:25,158 - root - INFO - 
Camera 172.20.160.51 state:
- Recording: False
- Busy: False
- Encoding: False
- Battery: 3%

2024-12-22 16:17:25,160 - root - INFO - Camera 172.20.160.51 is ready for settings
2024-12-22 16:17:25,224 - urllib3.connectionpool - DEBUG - http://172.20.160.51:8080 "GET /gp/gpControl/setting/3/6 HTTP/11" 200 3
2024-12-22 16:17:25,224 - root - INFO - Setting fps (ID: 3) successfully set to 6 on camera 172.20.160.51
2024-12-22 16:17:25,428 - urllib3.connectionpool - DEBUG - Starting new HTTP connection (1): 172.20.160.51:8080
2024-12-22 16:17:25,473 - urllib3.connectionpool - DEBUG - http://172.20.160.51:8080 "GET /gp/gpControl/status HTTP/11" 200 1410
2024-12-22 16:17:25,473 - root - DEBUG - Camera 172.20.160.51 full status: {
  "1": 1,
  "2": 3,
  "3": 0,
  "4": 255,
  "6": 0,
  "8": 0,
  "9": 0,
  "10": 0,
  "11": 0,
  "13": 0,
  "14": 0,
  "17": 1,
  "19": 0,
  "20": 0,
  "21": 0,
  "22": 0,
  "23": 0,
  "24": 0,
  "26": 0,
  "27": 0,
  "28": 82,
  "29": "",
  "30": "GP25908060",
  "31": 0,
  "32": 0,
  "33": 0,
  "34": 4277,
  "35": 6805,
  "36": 0,
  "37": 3,
  "38": 0,
  "39": 3,
  "41": 0,
  "42": 0,
  "45": 0,
  "49": 0,
  "54": 60431488,
  "55": 1,
  "56": 4,
  "58": 0,
  "59": 0,
  "60": 500,
  "61": 2,
  "62": 0,
  "63": 0,
  "64": 2138,
  "65": 0,
  "66": 100,
  "67": 100,
  "68": 0,
  "69": 0,
  "70": 100,
  "74": 0,
  "75": 0,
  "76": 1,
  "77": 1,
  "78": 0,
  "79": 0,
  "81": 1,
  "82": 1,
  "83": 1,
  "85": 0,
  "86": 0,
  "88": 0,
  "89": 12,
  "90": 1,
  "91": 0,
  "93": 5,
  "94": 65536,
  "95": 131072,
  "96": 1000,
  "97": 5,
  "98": 16777221,
  "99": 2268,
  "100": 0,
  "101": 0,
  "102": 0,
  "103": 0,
  "104": 1,
  "105": 0,
  "106": 0,
  "107": 4294967295,
  "108": 0,
  "109": 0,
  "110": 0,
  "111": 0,
  "112": 0,
  "113": 0,
  "114": 0,
  "115": 0,
  "116": 1
}
2024-12-22 16:17:25,475 - root - INFO - 
Camera 172.20.160.51 state:
- Recording: False
- Busy: False
- Encoding: False
- Battery: 3%

2024-12-22 16:17:25,476 - root - INFO - Camera 172.20.160.51 is ready for settings
2024-12-22 16:17:25,477 - root - WARNING - Value 3 not supported for setting lens (ID: 121) on HERO10
2024-12-22 16:17:25,481 - urllib3.connectionpool - DEBUG - Starting new HTTP connection (1): 172.20.160.51:8080
2024-12-22 16:17:25,509 - urllib3.connectionpool - DEBUG - http://172.20.160.51:8080 "GET /gp/gpControl/status HTTP/11" 200 1410
2024-12-22 16:17:25,510 - root - DEBUG - Camera 172.20.160.51 full status: {
  "1": 1,
  "2": 3,
  "3": 0,
  "4": 255,
  "6": 0,
  "8": 0,
  "9": 0,
  "10": 0,
  "11": 0,
  "13": 0,
  "14": 0,
  "17": 1,
  "19": 0,
  "20": 0,
  "21": 0,
  "22": 0,
  "23": 0,
  "24": 0,
  "26": 0,
  "27": 0,
  "28": 82,
  "29": "",
  "30": "GP25908060",
  "31": 0,
  "32": 0,
  "33": 0,
  "34": 4277,
  "35": 6805,
  "36": 0,
  "37": 3,
  "38": 0,
  "39": 3,
  "41": 0,
  "42": 0,
  "45": 0,
  "49": 0,
  "54": 60431488,
  "55": 1,
  "56": 4,
  "58": 0,
  "59": 0,
  "60": 500,
  "61": 2,
  "62": 0,
  "63": 0,
  "64": 2138,
  "65": 0,
  "66": 100,
  "67": 100,
  "68": 0,
  "69": 0,
  "70": 100,
  "74": 0,
  "75": 0,
  "76": 1,
  "77": 1,
  "78": 0,
  "79": 0,
  "81": 1,
  "82": 1,
  "83": 1,
  "85": 0,
  "86": 0,
  "88": 0,
  "89": 12,
  "90": 1,
  "91": 0,
  "93": 5,
  "94": 65536,
  "95": 131072,
  "96": 1000,
  "97": 5,
  "98": 16777221,
  "99": 2268,
  "100": 0,
  "101": 0,
  "102": 0,
  "103": 0,
  "104": 1,
  "105": 0,
  "106": 0,
  "107": 4294967295,
  "108": 0,
  "109": 0,
  "110": 0,
  "111": 0,
  "112": 0,
  "113": 0,
  "114": 0,
  "115": 0,
  "116": 1
}
2024-12-22 16:17:25,510 - root - INFO - 
Camera 172.20.160.51 state:
- Recording: False
- Busy: False
- Encoding: False
- Battery: 3%

2024-12-22 16:17:25,512 - root - INFO - Camera 172.20.160.51 is ready for settings
2024-12-22 16:17:25,514 - root - WARNING - Value 100 not supported for setting hypersmooth (ID: 135) on HERO10
2024-12-22 16:17:25,516 - urllib3.connectionpool - DEBUG - Starting new HTTP connection (1): 172.20.160.51:8080
2024-12-22 16:17:25,569 - urllib3.connectionpool - DEBUG - http://172.20.160.51:8080 "GET /gp/gpControl/status HTTP/11" 200 1410
2024-12-22 16:17:25,570 - root - DEBUG - Camera 172.20.160.51 full status: {
  "1": 1,
  "2": 3,
  "3": 0,
  "4": 255,
  "6": 0,
  "8": 0,
  "9": 0,
  "10": 0,
  "11": 0,
  "13": 0,
  "14": 0,
  "17": 1,
  "19": 0,
  "20": 0,
  "21": 0,
  "22": 0,
  "23": 0,
  "24": 0,
  "26": 0,
  "27": 0,
  "28": 82,
  "29": "",
  "30": "GP25908060",
  "31": 0,
  "32": 0,
  "33": 0,
  "34": 4277,
  "35": 6805,
  "36": 0,
  "37": 3,
  "38": 0,
  "39": 3,
  "41": 0,
  "42": 0,
  "45": 0,
  "49": 0,
  "54": 60431488,
  "55": 1,
  "56": 4,
  "58": 0,
  "59": 0,
  "60": 500,
  "61": 2,
  "62": 0,
  "63": 0,
  "64": 2138,
  "65": 0,
  "66": 100,
  "67": 100,
  "68": 0,
  "69": 0,
  "70": 100,
  "74": 0,
  "75": 0,
  "76": 1,
  "77": 1,
  "78": 0,
  "79": 0,
  "81": 1,
  "82": 1,
  "83": 1,
  "85": 0,
  "86": 0,
  "88": 0,
  "89": 12,
  "90": 1,
  "91": 0,
  "93": 5,
  "94": 65536,
  "95": 131072,
  "96": 1000,
  "97": 5,
  "98": 16777221,
  "99": 2268,
  "100": 0,
  "101": 0,
  "102": 0,
  "103": 0,
  "104": 1,
  "105": 0,
  "106": 0,
  "107": 4294967295,
  "108": 0,
  "109": 0,
  "110": 0,
  "111": 0,
  "112": 0,
  "113": 0,
  "114": 0,
  "115": 0,
  "116": 1
}
2024-12-22 16:17:25,570 - root - INFO - 
Camera 172.20.160.51 state:
- Recording: False
- Busy: False
- Encoding: False
- Battery: 3%

2024-12-22 16:17:25,572 - root - INFO - Camera 172.20.160.51 is ready for settings
2024-12-22 16:17:25,576 - urllib3.connectionpool - DEBUG - Starting new HTTP connection (1): 172.20.160.51:8080
2024-12-22 16:17:25,628 - urllib3.connectionpool - DEBUG - http://172.20.160.51:8080 "GET /gp/gpControl/status HTTP/11" 200 1410
2024-12-22 16:17:25,629 - root - DEBUG - Camera 172.20.160.51 full status: {
  "1": 1,
  "2": 3,
  "3": 0,
  "4": 255,
  "6": 0,
  "8": 0,
  "9": 0,
  "10": 0,
  "11": 0,
  "13": 0,
  "14": 0,
  "17": 1,
  "19": 0,
  "20": 0,
  "21": 0,
  "22": 0,
  "23": 0,
  "24": 0,
  "26": 0,
  "27": 0,
  "28": 82,
  "29": "",
  "30": "GP25908060",
  "31": 0,
  "32": 0,
  "33": 0,
  "34": 4277,
  "35": 6805,
  "36": 0,
  "37": 3,
  "38": 0,
  "39": 3,
  "41": 0,
  "42": 0,
  "45": 0,
  "49": 0,
  "54": 60431488,
  "55": 1,
  "56": 4,
  "58": 0,
  "59": 0,
  "60": 500,
  "61": 2,
  "62": 0,
  "63": 0,
  "64": 2138,
  "65": 0,
  "66": 100,
  "67": 100,
  "68": 0,
  "69": 0,
  "70": 100,
  "74": 0,
  "75": 0,
  "76": 1,
  "77": 1,
  "78": 0,
  "79": 0,
  "81": 1,
  "82": 1,
  "83": 1,
  "85": 0,
  "86": 0,
  "88": 0,
  "89": 12,
  "90": 1,
  "91": 0,
  "93": 5,
  "94": 65536,
  "95": 131072,
  "96": 1000,
  "97": 5,
  "98": 16777221,
  "99": 2268,
  "100": 0,
  "101": 0,
  "102": 0,
  "103": 0,
  "104": 1,
  "105": 0,
  "106": 0,
  "107": 4294967295,
  "108": 0,
  "109": 0,
  "110": 0,
  "111": 0,
  "112": 0,
  "113": 0,
  "114": 0,
  "115": 0,
  "116": 1
}
2024-12-22 16:17:25,629 - root - INFO - 
Camera 172.20.160.51 state:
- Recording: False
- Busy: False
- Encoding: False
- Battery: 3%

2024-12-22 16:17:25,632 - root - INFO - Camera 172.20.160.51 is ready for settings
2024-12-22 16:17:25,696 - urllib3.connectionpool - DEBUG - http://172.20.160.51:8080 "GET /gp/gpControl/setting/13/1 HTTP/11" 200 3
2024-12-22 16:17:25,697 - root - INFO - Setting iso_max (ID: 13) successfully set to 1 on camera 172.20.160.51
2024-12-22 16:17:25,900 - urllib3.connectionpool - DEBUG - Starting new HTTP connection (1): 172.20.160.51:8080
2024-12-22 16:17:25,945 - urllib3.connectionpool - DEBUG - http://172.20.160.51:8080 "GET /gp/gpControl/status HTTP/11" 200 1410
2024-12-22 16:17:25,946 - root - DEBUG - Camera 172.20.160.51 full status: {
  "1": 1,
  "2": 3,
  "3": 0,
  "4": 255,
  "6": 0,
  "8": 0,
  "9": 0,
  "10": 0,
  "11": 0,
  "13": 0,
  "14": 0,
  "17": 1,
  "19": 0,
  "20": 0,
  "21": 0,
  "22": 0,
  "23": 0,
  "24": 0,
  "26": 0,
  "27": 0,
  "28": 82,
  "29": "",
  "30": "GP25908060",
  "31": 0,
  "32": 0,
  "33": 0,
  "34": 4277,
  "35": 6805,
  "36": 0,
  "37": 3,
  "38": 0,
  "39": 3,
  "41": 0,
  "42": 0,
  "45": 0,
  "49": 0,
  "54": 60431488,
  "55": 1,
  "56": 4,
  "58": 0,
  "59": 0,
  "60": 500,
  "61": 2,
  "62": 0,
  "63": 0,
  "64": 2138,
  "65": 0,
  "66": 100,
  "67": 100,
  "68": 0,
  "69": 0,
  "70": 100,
  "74": 0,
  "75": 0,
  "76": 1,
  "77": 1,
  "78": 0,
  "79": 0,
  "81": 1,
  "82": 1,
  "83": 1,
  "85": 0,
  "86": 0,
  "88": 0,
  "89": 12,
  "90": 1,
  "91": 0,
  "93": 5,
  "94": 65536,
  "95": 131072,
  "96": 1000,
  "97": 5,
  "98": 16777221,
  "99": 2268,
  "100": 0,
  "101": 0,
  "102": 0,
  "103": 0,
  "104": 1,
  "105": 0,
  "106": 0,
  "107": 4294967295,
  "108": 0,
  "109": 0,
  "110": 0,
  "111": 0,
  "112": 0,
  "113": 0,
  "114": 0,
  "115": 0,
  "116": 1
}
2024-12-22 16:17:25,946 - root - INFO - 
Camera 172.20.160.51 state:
- Recording: False
- Busy: False
- Encoding: False
- Battery: 3%

2024-12-22 16:17:25,949 - root - INFO - Camera 172.20.160.51 is ready for settings
2024-12-22 16:17:25,950 - root - WARNING - Value 8 not supported for setting iso_min (ID: 102) on HERO10
2024-12-22 16:17:25,952 - urllib3.connectionpool - DEBUG - Starting new HTTP connection (1): 172.20.160.51:8080
2024-12-22 16:17:25,981 - urllib3.connectionpool - DEBUG - http://172.20.160.51:8080 "GET /gp/gpControl/status HTTP/11" 200 1410
2024-12-22 16:17:25,982 - root - DEBUG - Camera 172.20.160.51 full status: {
  "1": 1,
  "2": 3,
  "3": 0,
  "4": 255,
  "6": 0,
  "8": 0,
  "9": 0,
  "10": 0,
  "11": 0,
  "13": 0,
  "14": 0,
  "17": 1,
  "19": 0,
  "20": 0,
  "21": 0,
  "22": 0,
  "23": 0,
  "24": 0,
  "26": 0,
  "27": 0,
  "28": 82,
  "29": "",
  "30": "GP25908060",
  "31": 0,
  "32": 0,
  "33": 0,
  "34": 4277,
  "35": 6805,
  "36": 0,
  "37": 3,
  "38": 0,
  "39": 3,
  "41": 0,
  "42": 0,
  "45": 0,
  "49": 0,
  "54": 60431488,
  "55": 1,
  "56": 4,
  "58": 0,
  "59": 0,
  "60": 500,
  "61": 2,
  "62": 0,
  "63": 0,
  "64": 2138,
  "65": 0,
  "66": 100,
  "67": 100,
  "68": 0,
  "69": 0,
  "70": 100,
  "74": 0,
  "75": 0,
  "76": 1,
  "77": 1,
  "78": 0,
  "79": 0,
  "81": 1,
  "82": 1,
  "83": 1,
  "85": 0,
  "86": 0,
  "88": 0,
  "89": 12,
  "90": 1,
  "91": 0,
  "93": 5,
  "94": 65536,
  "95": 131072,
  "96": 1000,
  "97": 5,
  "98": 16777221,
  "99": 2268,
  "100": 0,
  "101": 0,
  "102": 0,
  "103": 0,
  "104": 1,
  "105": 0,
  "106": 0,
  "107": 4294967295,
  "108": 0,
  "109": 0,
  "110": 0,
  "111": 0,
  "112": 0,
  "113": 0,
  "114": 0,
  "115": 0,
  "116": 1
}
2024-12-22 16:17:25,982 - root - INFO - 
Camera 172.20.160.51 state:
- Recording: False
- Busy: False
- Encoding: False
- Battery: 3%

2024-12-22 16:17:25,984 - root - INFO - Camera 172.20.160.51 is ready for settings
2024-12-22 16:17:25,987 - urllib3.connectionpool - DEBUG - Starting new HTTP connection (1): 172.20.160.51:8080
2024-12-22 16:17:26,036 - urllib3.connectionpool - DEBUG - http://172.20.160.51:8080 "GET /gp/gpControl/status HTTP/11" 200 1410
2024-12-22 16:17:26,038 - root - DEBUG - Camera 172.20.160.51 full status: {
  "1": 1,
  "2": 3,
  "3": 0,
  "4": 255,
  "6": 0,
  "8": 0,
  "9": 0,
  "10": 0,
  "11": 0,
  "13": 0,
  "14": 0,
  "17": 1,
  "19": 0,
  "20": 0,
  "21": 0,
  "22": 0,
  "23": 0,
  "24": 0,
  "26": 0,
  "27": 0,
  "28": 82,
  "29": "",
  "30": "GP25908060",
  "31": 0,
  "32": 0,
  "33": 0,
  "34": 4277,
  "35": 6805,
  "36": 0,
  "37": 3,
  "38": 0,
  "39": 3,
  "41": 0,
  "42": 0,
  "45": 0,
  "49": 0,
  "54": 60431488,
  "55": 1,
  "56": 4,
  "58": 0,
  "59": 0,
  "60": 500,
  "61": 2,
  "62": 0,
  "63": 0,
  "64": 2138,
  "65": 0,
  "66": 100,
  "67": 100,
  "68": 0,
  "69": 0,
  "70": 100,
  "74": 0,
  "75": 0,
  "76": 1,
  "77": 1,
  "78": 0,
  "79": 0,
  "81": 1,
  "82": 1,
  "83": 1,
  "85": 0,
  "86": 0,
  "88": 0,
  "89": 12,
  "90": 1,
  "91": 0,
  "93": 5,
  "94": 65536,
  "95": 131072,
  "96": 1000,
  "97": 5,
  "98": 16777221,
  "99": 2268,
  "100": 0,
  "101": 0,
  "102": 0,
  "103": 0,
  "104": 1,
  "105": 0,
  "106": 0,
  "107": 4294967295,
  "108": 0,
  "109": 0,
  "110": 0,
  "111": 0,
  "112": 0,
  "113": 0,
  "114": 0,
  "115": 0,
  "116": 1
}
2024-12-22 16:17:26,038 - root - INFO - 
Camera 172.20.160.51 state:
- Recording: False
- Busy: False
- Encoding: False
- Battery: 3%

2024-12-22 16:17:26,041 - root - INFO - Camera 172.20.160.51 is ready for settings
2024-12-22 16:17:26,044 - urllib3.connectionpool - DEBUG - Starting new HTTP connection (1): 172.20.160.51:8080
2024-12-22 16:17:26,080 - urllib3.connectionpool - DEBUG - http://172.20.160.51:8080 "GET /gp/gpControl/status HTTP/11" 200 1410
2024-12-22 16:17:26,081 - root - DEBUG - Camera 172.20.160.51 full status: {
  "1": 1,
  "2": 3,
  "3": 0,
  "4": 255,
  "6": 0,
  "8": 0,
  "9": 0,
  "10": 0,
  "11": 0,
  "13": 0,
  "14": 0,
  "17": 1,
  "19": 0,
  "20": 0,
  "21": 0,
  "22": 0,
  "23": 0,
  "24": 0,
  "26": 0,
  "27": 0,
  "28": 82,
  "29": "",
  "30": "GP25908060",
  "31": 0,
  "32": 0,
  "33": 0,
  "34": 4277,
  "35": 6805,
  "36": 0,
  "37": 3,
  "38": 0,
  "39": 3,
  "41": 0,
  "42": 0,
  "45": 0,
  "49": 0,
  "54": 60431488,
  "55": 1,
  "56": 4,
  "58": 0,
  "59": 0,
  "60": 500,
  "61": 2,
  "62": 0,
  "63": 0,
  "64": 2138,
  "65": 0,
  "66": 100,
  "67": 100,
  "68": 0,
  "69": 0,
  "70": 100,
  "74": 0,
  "75": 0,
  "76": 1,
  "77": 1,
  "78": 0,
  "79": 0,
  "81": 1,
  "82": 1,
  "83": 1,
  "85": 0,
  "86": 0,
  "88": 0,
  "89": 12,
  "90": 1,
  "91": 0,
  "93": 5,
  "94": 65536,
  "95": 131072,
  "96": 1000,
  "97": 5,
  "98": 16777221,
  "99": 2268,
  "100": 0,
  "101": 0,
  "102": 0,
  "103": 0,
  "104": 1,
  "105": 0,
  "106": 0,
  "107": 4294967295,
  "108": 0,
  "109": 0,
  "110": 0,
  "111": 0,
  "112": 0,
  "113": 0,
  "114": 0,
  "115": 0,
  "116": 1
}
2024-12-22 16:17:26,082 - root - INFO - 
Camera 172.20.160.51 state:
- Recording: False
- Busy: False
- Encoding: False
- Battery: 3%

2024-12-22 16:17:26,084 - root - INFO - Camera 172.20.160.51 is ready for settings
2024-12-22 16:17:26,087 - urllib3.connectionpool - DEBUG - Starting new HTTP connection (1): 172.20.160.51:8080
2024-12-22 16:17:26,129 - urllib3.connectionpool - DEBUG - http://172.20.160.51:8080 "GET /gp/gpControl/status HTTP/11" 200 1410
2024-12-22 16:17:26,130 - root - DEBUG - Camera 172.20.160.51 full status: {
  "1": 1,
  "2": 3,
  "3": 0,
  "4": 255,
  "6": 0,
  "8": 0,
  "9": 0,
  "10": 0,
  "11": 0,
  "13": 0,
  "14": 0,
  "17": 1,
  "19": 0,
  "20": 0,
  "21": 0,
  "22": 0,
  "23": 0,
  "24": 0,
  "26": 0,
  "27": 0,
  "28": 82,
  "29": "",
  "30": "GP25908060",
  "31": 0,
  "32": 0,
  "33": 0,
  "34": 4277,
  "35": 6805,
  "36": 0,
  "37": 3,
  "38": 0,
  "39": 3,
  "41": 0,
  "42": 0,
  "45": 0,
  "49": 0,
  "54": 60431488,
  "55": 1,
  "56": 4,
  "58": 0,
  "59": 0,
  "60": 500,
  "61": 2,
  "62": 0,
  "63": 0,
  "64": 2138,
  "65": 0,
  "66": 100,
  "67": 100,
  "68": 0,
  "69": 0,
  "70": 100,
  "74": 0,
  "75": 0,
  "76": 1,
  "77": 1,
  "78": 0,
  "79": 0,
  "81": 1,
  "82": 1,
  "83": 1,
  "85": 0,
  "86": 0,
  "88": 0,
  "89": 12,
  "90": 1,
  "91": 0,
  "93": 5,
  "94": 65536,
  "95": 131072,
  "96": 1000,
  "97": 5,
  "98": 16777221,
  "99": 2268,
  "100": 0,
  "101": 0,
  "102": 0,
  "103": 0,
  "104": 1,
  "105": 0,
  "106": 0,
  "107": 4294967295,
  "108": 0,
  "109": 0,
  "110": 0,
  "111": 0,
  "112": 0,
  "113": 0,
  "114": 0,
  "115": 0,
  "116": 1
}
2024-12-22 16:17:26,130 - root - INFO - 
Camera 172.20.160.51 state:
- Recording: False
- Busy: False
- Encoding: False
- Battery: 3%

2024-12-22 16:17:26,132 - root - INFO - Camera 172.20.160.51 is ready for settings
2024-12-22 16:17:26,136 - urllib3.connectionpool - DEBUG - Starting new HTTP connection (1): 172.20.160.51:8080
2024-12-22 16:17:26,184 - urllib3.connectionpool - DEBUG - http://172.20.160.51:8080 "GET /gp/gpControl/status HTTP/11" 200 1410
2024-12-22 16:17:26,185 - root - DEBUG - Camera 172.20.160.51 full status: {
  "1": 1,
  "2": 3,
  "3": 0,
  "4": 255,
  "6": 0,
  "8": 0,
  "9": 0,
  "10": 0,
  "11": 0,
  "13": 0,
  "14": 0,
  "17": 1,
  "19": 0,
  "20": 0,
  "21": 0,
  "22": 0,
  "23": 0,
  "24": 0,
  "26": 0,
  "27": 0,
  "28": 82,
  "29": "",
  "30": "GP25908060",
  "31": 0,
  "32": 0,
  "33": 0,
  "34": 4277,
  "35": 6805,
  "36": 0,
  "37": 3,
  "38": 0,
  "39": 3,
  "41": 0,
  "42": 0,
  "45": 0,
  "49": 0,
  "54": 60431488,
  "55": 1,
  "56": 4,
  "58": 0,
  "59": 0,
  "60": 500,
  "61": 2,
  "62": 0,
  "63": 0,
  "64": 2138,
  "65": 0,
  "66": 100,
  "67": 100,
  "68": 0,
  "69": 0,
  "70": 100,
  "74": 0,
  "75": 0,
  "76": 1,
  "77": 1,
  "78": 0,
  "79": 0,
  "81": 1,
  "82": 1,
  "83": 1,
  "85": 0,
  "86": 0,
  "88": 0,
  "89": 12,
  "90": 1,
  "91": 0,
  "93": 5,
  "94": 65536,
  "95": 131072,
  "96": 1000,
  "97": 5,
  "98": 16777221,
  "99": 2268,
  "100": 0,
  "101": 0,
  "102": 0,
  "103": 0,
  "104": 1,
  "105": 0,
  "106": 0,
  "107": 4294967295,
  "108": 0,
  "109": 0,
  "110": 0,
  "111": 0,
  "112": 0,
  "113": 0,
  "114": 0,
  "115": 0,
  "116": 1
}
2024-12-22 16:17:26,185 - root - INFO - 
Camera 172.20.160.51 state:
- Recording: False
- Busy: False
- Encoding: False
- Battery: 3%

2024-12-22 16:17:26,187 - root - INFO - Camera 172.20.160.51 is ready for settings
2024-12-22 16:17:26,189 - root - WARNING - Value 12 not supported for setting media_format (ID: 128) on HERO10
2024-12-22 16:17:26,191 - urllib3.connectionpool - DEBUG - Starting new HTTP connection (1): 172.20.160.51:8080
2024-12-22 16:17:26,240 - urllib3.connectionpool - DEBUG - http://172.20.160.51:8080 "GET /gp/gpControl/status HTTP/11" 200 1410
2024-12-22 16:17:26,241 - root - DEBUG - Camera 172.20.160.51 full status: {
  "1": 1,
  "2": 3,
  "3": 0,
  "4": 255,
  "6": 0,
  "8": 0,
  "9": 0,
  "10": 0,
  "11": 0,
  "13": 0,
  "14": 0,
  "17": 1,
  "19": 0,
  "20": 0,
  "21": 0,
  "22": 0,
  "23": 0,
  "24": 0,
  "26": 0,
  "27": 0,
  "28": 82,
  "29": "",
  "30": "GP25908060",
  "31": 0,
  "32": 0,
  "33": 0,
  "34": 4277,
  "35": 6805,
  "36": 0,
  "37": 3,
  "38": 0,
  "39": 3,
  "41": 0,
  "42": 0,
  "45": 0,
  "49": 0,
  "54": 60431488,
  "55": 1,
  "56": 4,
  "58": 0,
  "59": 0,
  "60": 500,
  "61": 2,
  "62": 0,
  "63": 0,
  "64": 2138,
  "65": 0,
  "66": 100,
  "67": 100,
  "68": 0,
  "69": 0,
  "70": 100,
  "74": 0,
  "75": 0,
  "76": 1,
  "77": 1,
  "78": 0,
  "79": 0,
  "81": 1,
  "82": 1,
  "83": 1,
  "85": 0,
  "86": 0,
  "88": 0,
  "89": 12,
  "90": 1,
  "91": 0,
  "93": 5,
  "94": 65536,
  "95": 131072,
  "96": 1000,
  "97": 5,
  "98": 16777221,
  "99": 2268,
  "100": 0,
  "101": 0,
  "102": 0,
  "103": 0,
  "104": 1,
  "105": 0,
  "106": 0,
  "107": 4294967295,
  "108": 0,
  "109": 0,
  "110": 0,
  "111": 0,
  "112": 0,
  "113": 0,
  "114": 0,
  "115": 0,
  "116": 1
}
2024-12-22 16:17:26,242 - root - INFO - 
Camera 172.20.160.51 state:
- Recording: False
- Busy: False
- Encoding: False
- Battery: 3%

2024-12-22 16:17:26,244 - root - INFO - Camera 172.20.160.51 is ready for settings
2024-12-22 16:17:26,247 - urllib3.connectionpool - DEBUG - Starting new HTTP connection (1): 172.20.160.51:8080
2024-12-22 16:17:26,300 - urllib3.connectionpool - DEBUG - http://172.20.160.51:8080 "GET /gp/gpControl/status HTTP/11" 200 1410
2024-12-22 16:17:26,301 - root - DEBUG - Camera 172.20.160.51 full status: {
  "1": 1,
  "2": 3,
  "3": 0,
  "4": 255,
  "6": 0,
  "8": 0,
  "9": 0,
  "10": 0,
  "11": 0,
  "13": 0,
  "14": 0,
  "17": 1,
  "19": 0,
  "20": 0,
  "21": 0,
  "22": 0,
  "23": 0,
  "24": 0,
  "26": 0,
  "27": 0,
  "28": 82,
  "29": "",
  "30": "GP25908060",
  "31": 0,
  "32": 0,
  "33": 0,
  "34": 4277,
  "35": 6805,
  "36": 0,
  "37": 3,
  "38": 0,
  "39": 3,
  "41": 0,
  "42": 0,
  "45": 0,
  "49": 0,
  "54": 60431488,
  "55": 1,
  "56": 4,
  "58": 0,
  "59": 0,
  "60": 500,
  "61": 2,
  "62": 0,
  "63": 0,
  "64": 2138,
  "65": 0,
  "66": 100,
  "67": 100,
  "68": 0,
  "69": 0,
  "70": 100,
  "74": 0,
  "75": 0,
  "76": 1,
  "77": 1,
  "78": 0,
  "79": 0,
  "81": 1,
  "82": 1,
  "83": 1,
  "85": 0,
  "86": 0,
  "88": 0,
  "89": 12,
  "90": 1,
  "91": 0,
  "93": 5,
  "94": 65536,
  "95": 131072,
  "96": 1000,
  "97": 5,
  "98": 16777221,
  "99": 2268,
  "100": 0,
  "101": 0,
  "102": 0,
  "103": 0,
  "104": 1,
  "105": 0,
  "106": 0,
  "107": 4294967295,
  "108": 0,
  "109": 0,
  "110": 0,
  "111": 0,
  "112": 0,
  "113": 0,
  "114": 0,
  "115": 0,
  "116": 1
}
2024-12-22 16:17:26,301 - root - INFO - 
Camera 172.20.160.51 state:
- Recording: False
- Busy: False
- Encoding: False
- Battery: 3%

2024-12-22 16:17:26,304 - root - INFO - Camera 172.20.160.51 is ready for settings
2024-12-22 16:17:26,332 - urllib3.connectionpool - DEBUG - http://172.20.160.51:8080 "GET /gp/gpControl/setting/54/1 HTTP/11" 200 3
2024-12-22 16:17:26,333 - root - INFO - Setting quick_capture (ID: 54) successfully set to 1 on camera 172.20.160.51
2024-12-22 16:17:26,536 - urllib3.connectionpool - DEBUG - Starting new HTTP connection (1): 172.20.160.51:8080
2024-12-22 16:17:26,581 - urllib3.connectionpool - DEBUG - http://172.20.160.51:8080 "GET /gp/gpControl/status HTTP/11" 200 1410
2024-12-22 16:17:26,582 - root - DEBUG - Camera 172.20.160.51 full status: {
  "1": 1,
  "2": 3,
  "3": 0,
  "4": 255,
  "6": 0,
  "8": 0,
  "9": 0,
  "10": 0,
  "11": 0,
  "13": 0,
  "14": 0,
  "17": 1,
  "19": 0,
  "20": 0,
  "21": 0,
  "22": 0,
  "23": 0,
  "24": 0,
  "26": 0,
  "27": 0,
  "28": 82,
  "29": "",
  "30": "GP25908060",
  "31": 0,
  "32": 0,
  "33": 0,
  "34": 4277,
  "35": 6805,
  "36": 0,
  "37": 3,
  "38": 0,
  "39": 3,
  "41": 0,
  "42": 0,
  "45": 0,
  "49": 0,
  "54": 60431488,
  "55": 1,
  "56": 4,
  "58": 0,
  "59": 0,
  "60": 500,
  "61": 2,
  "62": 0,
  "63": 0,
  "64": 2138,
  "65": 0,
  "66": 100,
  "67": 100,
  "68": 0,
  "69": 0,
  "70": 100,
  "74": 0,
  "75": 0,
  "76": 1,
  "77": 1,
  "78": 0,
  "79": 0,
  "81": 1,
  "82": 1,
  "83": 1,
  "85": 0,
  "86": 0,
  "88": 0,
  "89": 12,
  "90": 1,
  "91": 0,
  "93": 5,
  "94": 65536,
  "95": 131072,
  "96": 1000,
  "97": 5,
  "98": 16777221,
  "99": 2268,
  "100": 0,
  "101": 0,
  "102": 0,
  "103": 0,
  "104": 1,
  "105": 0,
  "106": 0,
  "107": 4294967295,
  "108": 0,
  "109": 0,
  "110": 0,
  "111": 0,
  "112": 0,
  "113": 0,
  "114": 0,
  "115": 0,
  "116": 1
}
2024-12-22 16:17:26,582 - root - INFO - 
Camera 172.20.160.51 state:
- Recording: False
- Busy: False
- Encoding: False
- Battery: 3%

2024-12-22 16:17:26,585 - root - INFO - Camera 172.20.160.51 is ready for settings
2024-12-22 16:17:26,587 - urllib3.connectionpool - DEBUG - Starting new HTTP connection (1): 172.20.160.51:8080
2024-12-22 16:17:26,629 - urllib3.connectionpool - DEBUG - http://172.20.160.51:8080 "GET /gp/gpControl/status HTTP/11" 200 1410
2024-12-22 16:17:26,629 - root - DEBUG - Camera 172.20.160.51 full status: {
  "1": 1,
  "2": 3,
  "3": 0,
  "4": 255,
  "6": 0,
  "8": 0,
  "9": 0,
  "10": 0,
  "11": 0,
  "13": 0,
  "14": 0,
  "17": 1,
  "19": 0,
  "20": 0,
  "21": 0,
  "22": 0,
  "23": 0,
  "24": 0,
  "26": 0,
  "27": 0,
  "28": 82,
  "29": "",
  "30": "GP25908060",
  "31": 0,
  "32": 0,
  "33": 0,
  "34": 4277,
  "35": 6805,
  "36": 0,
  "37": 3,
  "38": 0,
  "39": 3,
  "41": 0,
  "42": 0,
  "45": 0,
  "49": 0,
  "54": 60431488,
  "55": 1,
  "56": 4,
  "58": 0,
  "59": 0,
  "60": 500,
  "61": 2,
  "62": 0,
  "63": 0,
  "64": 2138,
  "65": 0,
  "66": 100,
  "67": 100,
  "68": 0,
  "69": 0,
  "70": 100,
  "74": 0,
  "75": 0,
  "76": 1,
  "77": 1,
  "78": 0,
  "79": 0,
  "81": 1,
  "82": 1,
  "83": 1,
  "85": 0,
  "86": 0,
  "88": 0,
  "89": 12,
  "90": 1,
  "91": 0,
  "93": 5,
  "94": 65536,
  "95": 131072,
  "96": 1000,
  "97": 5,
  "98": 16777221,
  "99": 2268,
  "100": 0,
  "101": 0,
  "102": 0,
  "103": 0,
  "104": 1,
  "105": 0,
  "106": 0,
  "107": 4294967295,
  "108": 0,
  "109": 0,
  "110": 0,
  "111": 0,
  "112": 0,
  "113": 0,
  "114": 0,
  "115": 0,
  "116": 1
}
2024-12-22 16:17:26,630 - root - INFO - 
Camera 172.20.160.51 state:
- Recording: False
- Busy: False
- Encoding: False
- Battery: 3%

2024-12-22 16:17:26,632 - root - INFO - Camera 172.20.160.51 is ready for settings
2024-12-22 16:17:26,662 - urllib3.connectionpool - DEBUG - http://172.20.160.51:8080 "GET /gp/gpControl/setting/60/0 HTTP/11" 200 3
2024-12-22 16:17:26,663 - root - INFO - Setting video_compression (ID: 60) successfully set to 0 on camera 172.20.160.51
2024-12-22 16:17:26,866 - urllib3.connectionpool - DEBUG - Starting new HTTP connection (1): 172.20.160.51:8080
2024-12-22 16:17:26,917 - urllib3.connectionpool - DEBUG - http://172.20.160.51:8080 "GET /gp/gpControl/status HTTP/11" 200 1410
2024-12-22 16:17:26,918 - root - DEBUG - Camera 172.20.160.51 full status: {
  "1": 1,
  "2": 3,
  "3": 0,
  "4": 255,
  "6": 0,
  "8": 0,
  "9": 0,
  "10": 0,
  "11": 0,
  "13": 0,
  "14": 0,
  "17": 1,
  "19": 0,
  "20": 0,
  "21": 0,
  "22": 0,
  "23": 0,
  "24": 0,
  "26": 0,
  "27": 0,
  "28": 82,
  "29": "",
  "30": "GP25908060",
  "31": 0,
  "32": 0,
  "33": 0,
  "34": 4277,
  "35": 6805,
  "36": 0,
  "37": 3,
  "38": 0,
  "39": 3,
  "41": 0,
  "42": 0,
  "45": 0,
  "49": 0,
  "54": 60431488,
  "55": 1,
  "56": 4,
  "58": 0,
  "59": 0,
  "60": 500,
  "61": 2,
  "62": 0,
  "63": 0,
  "64": 2138,
  "65": 0,
  "66": 100,
  "67": 100,
  "68": 0,
  "69": 0,
  "70": 100,
  "74": 0,
  "75": 0,
  "76": 1,
  "77": 1,
  "78": 0,
  "79": 0,
  "81": 1,
  "82": 1,
  "83": 1,
  "85": 0,
  "86": 0,
  "88": 0,
  "89": 12,
  "90": 1,
  "91": 0,
  "93": 5,
  "94": 65536,
  "95": 131072,
  "96": 1000,
  "97": 5,
  "98": 16777221,
  "99": 2268,
  "100": 0,
  "101": 0,
  "102": 0,
  "103": 0,
  "104": 1,
  "105": 0,
  "106": 0,
  "107": 4294967295,
  "108": 0,
  "109": 0,
  "110": 0,
  "111": 0,
  "112": 0,
  "113": 0,
  "114": 0,
  "115": 0,
  "116": 1
}
2024-12-22 16:17:26,918 - root - INFO - 
Camera 172.20.160.51 state:
- Recording: False
- Busy: False
- Encoding: False
- Battery: 3%

2024-12-22 16:17:26,920 - root - INFO - Camera 172.20.160.51 is ready for settings
2024-12-22 16:17:26,948 - urllib3.connectionpool - DEBUG - http://172.20.160.51:8080 "GET /gp/gpControl/setting/83/0 HTTP/11" 200 3
2024-12-22 16:17:26,948 - root - INFO - Setting gps_status (ID: 83) successfully set to 0 on camera 172.20.160.51
2024-12-22 16:17:27,152 - urllib3.connectionpool - DEBUG - Starting new HTTP connection (1): 172.20.160.51:8080
2024-12-22 16:17:27,197 - urllib3.connectionpool - DEBUG - http://172.20.160.51:8080 "GET /gp/gpControl/status HTTP/11" 200 1410
2024-12-22 16:17:27,198 - root - DEBUG - Camera 172.20.160.51 full status: {
  "1": 1,
  "2": 3,
  "3": 0,
  "4": 255,
  "6": 0,
  "8": 0,
  "9": 0,
  "10": 0,
  "11": 0,
  "13": 0,
  "14": 0,
  "17": 1,
  "19": 0,
  "20": 0,
  "21": 0,
  "22": 0,
  "23": 0,
  "24": 0,
  "26": 0,
  "27": 0,
  "28": 82,
  "29": "",
  "30": "GP25908060",
  "31": 0,
  "32": 0,
  "33": 0,
  "34": 4277,
  "35": 6805,
  "36": 0,
  "37": 3,
  "38": 0,
  "39": 3,
  "41": 0,
  "42": 0,
  "45": 0,
  "49": 0,
  "54": 60431488,
  "55": 1,
  "56": 4,
  "58": 0,
  "59": 0,
  "60": 500,
  "61": 2,
  "62": 0,
  "63": 0,
  "64": 2138,
  "65": 0,
  "66": 100,
  "67": 100,
  "68": 0,
  "69": 0,
  "70": 100,
  "74": 0,
  "75": 0,
  "76": 1,
  "77": 1,
  "78": 0,
  "79": 0,
  "81": 1,
  "82": 1,
  "83": 1,
  "85": 0,
  "86": 0,
  "88": 0,
  "89": 12,
  "90": 1,
  "91": 0,
  "93": 5,
  "94": 65536,
  "95": 131072,
  "96": 1000,
  "97": 5,
  "98": 16777221,
  "99": 2268,
  "100": 0,
  "101": 0,
  "102": 0,
  "103": 0,
  "104": 1,
  "105": 0,
  "106": 0,
  "107": 4294967295,
  "108": 0,
  "109": 0,
  "110": 0,
  "111": 0,
  "112": 0,
  "113": 0,
  "114": 0,
  "115": 0,
  "116": 1
}
2024-12-22 16:17:27,199 - root - INFO - 
Camera 172.20.160.51 state:
- Recording: False
- Busy: False
- Encoding: False
- Battery: 3%

2024-12-22 16:17:27,201 - root - INFO - Camera 172.20.160.51 is ready for settings
2024-12-22 16:17:27,231 - urllib3.connectionpool - DEBUG - http://172.20.160.51:8080 "GET /gp/gpControl/setting/86/0 HTTP/11" 200 3
2024-12-22 16:17:27,232 - root - INFO - Setting voice_control (ID: 86) successfully set to 0 on camera 172.20.160.51
2024-12-22 16:17:27,436 - urllib3.connectionpool - DEBUG - Starting new HTTP connection (1): 172.20.160.51:8080
2024-12-22 16:17:27,481 - urllib3.connectionpool - DEBUG - http://172.20.160.51:8080 "GET /gp/gpControl/status HTTP/11" 200 1410
2024-12-22 16:17:27,481 - root - DEBUG - Camera 172.20.160.51 full status: {
  "1": 1,
  "2": 3,
  "3": 0,
  "4": 255,
  "6": 0,
  "8": 0,
  "9": 0,
  "10": 0,
  "11": 0,
  "13": 0,
  "14": 0,
  "17": 1,
  "19": 0,
  "20": 0,
  "21": 0,
  "22": 0,
  "23": 0,
  "24": 0,
  "26": 0,
  "27": 0,
  "28": 82,
  "29": "",
  "30": "GP25908060",
  "31": 0,
  "32": 0,
  "33": 0,
  "34": 4277,
  "35": 6805,
  "36": 0,
  "37": 3,
  "38": 0,
  "39": 3,
  "41": 0,
  "42": 0,
  "45": 0,
  "49": 0,
  "54": 60431488,
  "55": 1,
  "56": 4,
  "58": 0,
  "59": 0,
  "60": 500,
  "61": 2,
  "62": 0,
  "63": 0,
  "64": 2138,
  "65": 0,
  "66": 100,
  "67": 100,
  "68": 0,
  "69": 0,
  "70": 100,
  "74": 0,
  "75": 0,
  "76": 1,
  "77": 1,
  "78": 0,
  "79": 0,
  "81": 1,
  "82": 1,
  "83": 1,
  "85": 0,
  "86": 0,
  "88": 0,
  "89": 12,
  "90": 1,
  "91": 0,
  "93": 5,
  "94": 65536,
  "95": 131072,
  "96": 1000,
  "97": 5,
  "98": 16777221,
  "99": 2268,
  "100": 0,
  "101": 0,
  "102": 0,
  "103": 0,
  "104": 1,
  "105": 0,
  "106": 0,
  "107": 4294967295,
  "108": 0,
  "109": 0,
  "110": 0,
  "111": 0,
  "112": 0,
  "113": 0,
  "114": 0,
  "115": 0,
  "116": 1
}
2024-12-22 16:17:27,481 - root - INFO - 
Camera 172.20.160.51 state:
- Recording: False
- Busy: False
- Encoding: False
- Battery: 3%

2024-12-22 16:17:27,485 - root - INFO - Camera 172.20.160.51 is ready for settings
2024-12-22 16:17:27,488 - urllib3.connectionpool - DEBUG - Starting new HTTP connection (1): 172.20.160.51:8080
2024-12-22 16:17:27,541 - urllib3.connectionpool - DEBUG - http://172.20.160.51:8080 "GET /gp/gpControl/status HTTP/11" 200 1410
2024-12-22 16:17:27,542 - root - DEBUG - Camera 172.20.160.51 full status: {
  "1": 1,
  "2": 3,
  "3": 0,
  "4": 255,
  "6": 0,
  "8": 0,
  "9": 0,
  "10": 0,
  "11": 0,
  "13": 0,
  "14": 0,
  "17": 1,
  "19": 0,
  "20": 0,
  "21": 0,
  "22": 0,
  "23": 0,
  "24": 0,
  "26": 0,
  "27": 0,
  "28": 82,
  "29": "",
  "30": "GP25908060",
  "31": 0,
  "32": 0,
  "33": 0,
  "34": 4277,
  "35": 6805,
  "36": 0,
  "37": 3,
  "38": 0,
  "39": 3,
  "41": 0,
  "42": 0,
  "45": 0,
  "49": 0,
  "54": 60431488,
  "55": 1,
  "56": 4,
  "58": 0,
  "59": 0,
  "60": 500,
  "61": 2,
  "62": 0,
  "63": 0,
  "64": 2138,
  "65": 0,
  "66": 100,
  "67": 100,
  "68": 0,
  "69": 0,
  "70": 100,
  "74": 0,
  "75": 0,
  "76": 1,
  "77": 1,
  "78": 0,
  "79": 0,
  "81": 1,
  "82": 1,
  "83": 1,
  "85": 0,
  "86": 0,
  "88": 0,
  "89": 12,
  "90": 1,
  "91": 0,
  "93": 5,
  "94": 65536,
  "95": 131072,
  "96": 1000,
  "97": 5,
  "98": 16777221,
  "99": 2268,
  "100": 0,
  "101": 0,
  "102": 0,
  "103": 0,
  "104": 1,
  "105": 0,
  "106": 0,
  "107": 4294967295,
  "108": 0,
  "109": 0,
  "110": 0,
  "111": 0,
  "112": 0,
  "113": 0,
  "114": 0,
  "115": 0,
  "116": 1
}
2024-12-22 16:17:27,542 - root - INFO - 
Camera 172.20.160.51 state:
- Recording: False
- Busy: False
- Encoding: False
- Battery: 3%

2024-12-22 16:17:27,544 - root - INFO - Camera 172.20.160.51 is ready for settings
2024-12-22 16:17:27,611 - urllib3.connectionpool - DEBUG - http://172.20.160.51:8080 "GET /gp/gpControl/setting/105/0 HTTP/11" 200 3
2024-12-22 16:17:27,611 - root - INFO - Setting wifi_band (ID: 105) successfully set to 0 on camera 172.20.160.51
2024-12-22 16:17:27,816 - urllib3.connectionpool - DEBUG - Starting new HTTP connection (1): 172.20.160.51:8080
2024-12-22 16:17:27,848 - urllib3.connectionpool - DEBUG - http://172.20.160.51:8080 "GET /gp/gpControl/status HTTP/11" 200 1410
2024-12-22 16:17:27,849 - root - DEBUG - Camera 172.20.160.51 full status: {
  "1": 1,
  "2": 3,
  "3": 0,
  "4": 255,
  "6": 0,
  "8": 0,
  "9": 0,
  "10": 0,
  "11": 0,
  "13": 0,
  "14": 0,
  "17": 1,
  "19": 0,
  "20": 0,
  "21": 0,
  "22": 0,
  "23": 0,
  "24": 0,
  "26": 0,
  "27": 0,
  "28": 82,
  "29": "",
  "30": "GP25908060",
  "31": 0,
  "32": 0,
  "33": 0,
  "34": 4277,
  "35": 6805,
  "36": 0,
  "37": 3,
  "38": 0,
  "39": 3,
  "41": 0,
  "42": 0,
  "45": 0,
  "49": 0,
  "54": 60431488,
  "55": 1,
  "56": 4,
  "58": 0,
  "59": 0,
  "60": 500,
  "61": 2,
  "62": 0,
  "63": 0,
  "64": 2138,
  "65": 0,
  "66": 100,
  "67": 100,
  "68": 0,
  "69": 0,
  "70": 100,
  "74": 0,
  "75": 0,
  "76": 1,
  "77": 1,
  "78": 0,
  "79": 0,
  "81": 1,
  "82": 1,
  "83": 1,
  "85": 0,
  "86": 0,
  "88": 0,
  "89": 12,
  "90": 1,
  "91": 0,
  "93": 5,
  "94": 65536,
  "95": 131072,
  "96": 1000,
  "97": 5,
  "98": 16777221,
  "99": 2268,
  "100": 0,
  "101": 0,
  "102": 0,
  "103": 0,
  "104": 1,
  "105": 0,
  "106": 0,
  "107": 4294967295,
  "108": 0,
  "109": 0,
  "110": 0,
  "111": 0,
  "112": 0,
  "113": 0,
  "114": 0,
  "115": 0,
  "116": 1
}
2024-12-22 16:17:27,850 - root - INFO - 
Camera 172.20.160.51 state:
- Recording: False
- Busy: False
- Encoding: False
- Battery: 3%

2024-12-22 16:17:27,852 - root - INFO - Camera 172.20.160.51 is ready for settings
