2024-12-22 04:23:38,095 - goprolist_usb_activate_time_sync_record - INFO - Searching for GoPro cameras...
2024-12-22 04:23:38,213 - goprolist_usb_activate_time_sync_record - INFO - Discovered GoPro: C3461325908060._gopro-web._tcp.local. at 172.20.160.51
2024-12-22 04:23:43,106 - goprolist_usb_activate_time_sync_record - INFO - Found the following GoPro devices:
2024-12-22 04:23:43,107 - goprolist_usb_activate_time_sync_record - INFO - Name: C3461325908060, IP: 172.20.160.51
2024-12-22 04:23:43,114 - goprolist_usb_activate_time_sync_record - INFO - Successfully saved 1 devices to cache
2024-12-22 04:23:43,136 - goprolist_usb_activate_time_sync_record - INFO - Created backup cache file
2024-12-22 04:23:43,136 - goprolist_usb_activate_time_sync_record - INFO - Enabling USB control on all cameras...
2024-12-22 04:23:43,139 - goprolist_usb_activate_time_sync_record - INFO - Resetting USB control on camera 172.20.160.51.
2024-12-22 04:23:43,208 - goprolist_usb_activate_time_sync_record - INFO - USB control disabled on camera 172.20.160.51.
2024-12-22 04:23:45,278 - goprolist_usb_activate_time_sync_record - INFO - USB control enabled on camera 172.20.160.51.
2024-12-22 04:23:45,282 - goprolist_usb_activate_time_sync_record - INFO - Synchronizing time on all cameras...
2024-12-22 04:23:50,390 - goprolist_usb_activate_time_sync_record - INFO - Time synchronization completed successfully
2024-12-22 04:23:51,392 - goprolist_usb_activate_time_sync_record - INFO - Starting recording on all cameras...
2024-12-22 04:23:51,738 - goprolist_usb_activate_time_sync_record - INFO - Recording started successfully on camera 172.20.160.51.
2024-12-22 04:24:38,856 - goprolist_usb_activate_time_sync_record - INFO - Searching for GoPro cameras...
2024-12-22 04:24:39,026 - goprolist_usb_activate_time_sync_record - INFO - Discovered GoPro: C3461325908060._gopro-web._tcp.local. at 172.20.160.51
2024-12-22 04:24:43,864 - goprolist_usb_activate_time_sync_record - INFO - Found the following GoPro devices:
2024-12-22 04:24:43,865 - goprolist_usb_activate_time_sync_record - INFO - Name: C3461325908060, IP: 172.20.160.51
2024-12-22 04:24:43,870 - goprolist_usb_activate_time_sync_record - INFO - Successfully saved 1 devices to cache
2024-12-22 04:24:43,874 - goprolist_usb_activate_time_sync_record - INFO - Created backup cache file
2024-12-22 04:24:43,877 - goprolist_usb_activate_time_sync_record - INFO - Enabling USB control on all cameras...
2024-12-22 04:24:43,878 - goprolist_usb_activate_time_sync_record - INFO - Resetting USB control on camera 172.20.160.51.
2024-12-22 04:24:43,956 - goprolist_usb_activate_time_sync_record - INFO - USB control disabled on camera 172.20.160.51.
2024-12-22 04:24:46,021 - goprolist_usb_activate_time_sync_record - INFO - USB control enabled on camera 172.20.160.51.
2024-12-22 04:24:46,026 - goprolist_usb_activate_time_sync_record - INFO - Synchronizing time on all cameras...
2024-12-22 04:24:51,128 - goprolist_usb_activate_time_sync_record - INFO - Time synchronization completed successfully
2024-12-22 04:24:52,130 - goprolist_usb_activate_time_sync_record - INFO - Starting recording on all cameras...
2024-12-22 04:24:52,467 - goprolist_usb_activate_time_sync_record - INFO - Recording started successfully on camera 172.20.160.51.
