2024-12-22 16:46:13,209 - goprolist_usb_activate_time_sync_record - INFO - Searching for GoPro cameras...
2024-12-22 16:46:13,294 - goprolist_usb_activate_time_sync_record - INFO - Discovered GoPro: C3461325908060._gopro-web._tcp.local. at 172.20.160.51
2024-12-22 16:46:13,311 - goprolist_usb_activate_time_sync_record - INFO - Discovered GoPro: C3461326043977._gopro-web._tcp.local. at 172.29.177.51
2024-12-22 16:46:18,218 - goprolist_usb_activate_time_sync_record - INFO - Found the following GoPro devices:
2024-12-22 16:46:18,220 - goprolist_usb_activate_time_sync_record - INFO - Name: C3461325908060, IP: 172.20.160.51
2024-12-22 16:46:18,224 - goprolist_usb_activate_time_sync_record - INFO - Name: C3461326043977, IP: 172.29.177.51
2024-12-22 16:46:18,231 - goprolist_usb_activate_time_sync_record - INFO - Successfully saved 2 devices to cache
2024-12-22 16:46:18,235 - goprolist_usb_activate_time_sync_record - INFO - Created backup cache file
2024-12-22 16:46:18,237 - goprolist_usb_activate_time_sync_record - INFO - Enabling USB control on all cameras...
2024-12-22 16:46:18,241 - goprolist_usb_activate_time_sync_record - INFO - Resetting USB control on camera 172.20.160.51.
2024-12-22 16:46:18,243 - goprolist_usb_activate_time_sync_record - INFO - Resetting USB control on camera 172.29.177.51.
2024-12-22 16:46:18,309 - goprolist_usb_activate_time_sync_record - INFO - USB control disabled on camera 172.20.160.51.
2024-12-22 16:46:18,310 - goprolist_usb_activate_time_sync_record - ERROR - Failed to disable USB control on camera 172.29.177.51. Status Code: 500. Response: {}

2024-12-22 16:46:20,374 - goprolist_usb_activate_time_sync_record - ERROR - Failed to enable USB control on camera 172.29.177.51. Status Code: 500. Response: {}

2024-12-22 16:46:20,390 - goprolist_usb_activate_time_sync_record - INFO - USB control enabled on camera 172.20.160.51.
2024-12-22 16:46:20,395 - goprolist_usb_activate_time_sync_record - INFO - Synchronizing time on all cameras...
2024-12-22 16:46:25,521 - goprolist_usb_activate_time_sync_record - INFO - Time synchronization completed successfully
2024-12-22 16:46:26,523 - goprolist_usb_activate_time_sync_record - INFO - Starting recording on all cameras...
2024-12-22 16:46:26,953 - goprolist_usb_activate_time_sync_record - INFO - Recording started successfully on camera 172.20.160.51.
2024-12-22 16:46:26,966 - goprolist_usb_activate_time_sync_record - INFO - Recording started successfully on camera 172.29.177.51.
