2024-12-22 16:07:49,244 - asyncio - DEBUG - Using proactor: IocpProactor
2024-12-22 16:07:49,245 - root - INFO - Searching for GoPro cameras...
2024-12-22 16:07:49,373 - root - INFO - Discovered GoPro: C3461325908060._gopro-web._tcp.local. at 172.20.160.51
2024-12-22 16:07:49,401 - root - INFO - Discovered GoPro: C3461326043977._gopro-web._tcp.local. at 172.29.177.51
2024-12-22 16:07:54,250 - root - INFO - Found the following GoPro devices:
2024-12-22 16:07:54,252 - root - INFO - Name: C3461325908060._gopro-web._tcp.local., IP: 172.20.160.51
2024-12-22 16:07:54,253 - root - INFO - Name: C3461326043977._gopro-web._tcp.local., IP: 172.29.177.51
2024-12-22 16:07:54,257 - root - INFO - Cache updated successfully with newly discovered devices.
2024-12-22 16:07:54,259 - root - INFO - Resetting USB control on camera 172.20.160.51.
2024-12-22 16:07:54,261 - root - INFO - Resetting USB control on camera 172.29.177.51.
2024-12-22 16:07:54,269 - urllib3.connectionpool - DEBUG - Starting new HTTP connection (1): 172.29.177.51:8080
2024-12-22 16:07:54,274 - urllib3.connectionpool - DEBUG - Starting new HTTP connection (1): 172.20.160.51:8080
2024-12-22 16:07:54,331 - urllib3.connectionpool - DEBUG - http://172.29.177.51:8080 "GET /gopro/camera/control/wired_usb?p=0 HTTP/11" 200 3
2024-12-22 16:07:54,332 - root - INFO - USB control disabled on camera 172.29.177.51.
2024-12-22 16:07:54,347 - urllib3.connectionpool - DEBUG - http://172.20.160.51:8080 "GET /gopro/camera/control/wired_usb?p=0 HTTP/11" 200 3
2024-12-22 16:07:54,347 - root - INFO - USB control disabled on camera 172.20.160.51.
2024-12-22 16:07:56,336 - urllib3.connectionpool - DEBUG - Starting new HTTP connection (1): 172.29.177.51:8080
2024-12-22 16:07:56,351 - urllib3.connectionpool - DEBUG - Starting new HTTP connection (1): 172.20.160.51:8080
2024-12-22 16:07:56,424 - urllib3.connectionpool - DEBUG - http://172.29.177.51:8080 "GET /gopro/camera/control/wired_usb?p=1 HTTP/11" 200 3
2024-12-22 16:07:56,425 - root - INFO - USB control enabled on camera 172.29.177.51.
2024-12-22 16:07:56,439 - urllib3.connectionpool - DEBUG - http://172.20.160.51:8080 "GET /gopro/camera/control/wired_usb?p=1 HTTP/11" 200 3
2024-12-22 16:07:56,440 - root - INFO - USB control enabled on camera 172.20.160.51.
2024-12-22 16:07:58,452 - asyncio - DEBUG - Using proactor: IocpProactor
2024-12-22 16:07:58,455 - root - INFO - Searching for GoPro cameras...
2024-12-22 16:07:58,609 - root - INFO - Discovered GoPro: C3461325908060._gopro-web._tcp.local. at 172.20.160.51
2024-12-22 16:07:58,636 - root - INFO - Discovered GoPro: C3461326043977._gopro-web._tcp.local. at 172.29.177.51
2024-12-22 16:08:03,464 - urllib3.connectionpool - DEBUG - Starting new HTTP connection (1): 172.29.177.51:8080
2024-12-22 16:08:03,494 - urllib3.connectionpool - DEBUG - http://172.29.177.51:8080 "GET /gp/gpControl/info HTTP/11" 200 339
2024-12-22 16:08:03,494 - root - INFO - Camera info: Model=HERO10 BLACK, Firmware=H21.01.01.62.70
2024-12-22 16:08:03,497 - urllib3.connectionpool - DEBUG - Starting new HTTP connection (1): 172.29.177.51:8080
2024-12-22 16:08:03,564 - urllib3.connectionpool - DEBUG - http://172.29.177.51:8080 "GET /gp/gpControl/status HTTP/11" 200 1422
2024-12-22 16:08:03,566 - root - INFO - Copying settings to all target cameras...
2024-12-22 16:08:03,567 - urllib3.connectionpool - DEBUG - Starting new HTTP connection (1): 172.20.160.51:8080
2024-12-22 16:08:03,587 - urllib3.connectionpool - DEBUG - http://172.20.160.51:8080 "GET /gp/gpControl/info HTTP/11" 200 327
2024-12-22 16:08:03,588 - root - INFO - Camera info: Model=HERO10 BLACK, Firmware=H21.01.01.62.70
2024-12-22 16:08:03,591 - urllib3.connectionpool - DEBUG - Starting new HTTP connection (1): 172.20.160.51:8080
2024-12-22 16:08:03,752 - urllib3.connectionpool - DEBUG - http://172.20.160.51:8080 "GET /gp/gpControl/status HTTP/11" 200 1413
2024-12-22 16:08:03,753 - root - DEBUG - Camera 172.20.160.51 full status: {
  "1": 1,
  "2": 3,
  "3": 0,
  "4": 255,
  "6": 0,
  "8": 0,
  "9": 0,
  "10": 0,
  "11": 0,
  "13": 0,
  "14": 0,
  "17": 1,
  "19": 0,
  "20": 0,
  "21": 0,
  "22": 0,
  "23": 0,
  "24": 0,
  "26": 0,
  "27": 0,
  "28": 82,
  "29": "",
  "30": "GP25908060",
  "31": 0,
  "32": 0,
  "33": 0,
  "34": 4277,
  "35": 6805,
  "36": 0,
  "37": 3,
  "38": 0,
  "39": 3,
  "41": 0,
  "42": 0,
  "45": 0,
  "49": 0,
  "54": 60431488,
  "55": 1,
  "56": 4,
  "58": 0,
  "59": 0,
  "60": 500,
  "61": 2,
  "62": 0,
  "63": 0,
  "64": 2138,
  "65": 0,
  "66": 100,
  "67": 100,
  "68": 0,
  "69": 0,
  "70": 100,
  "74": 0,
  "75": 0,
  "76": 1,
  "77": 1,
  "78": 0,
  "79": 0,
  "81": 1,
  "82": 1,
  "83": 1,
  "85": 0,
  "86": 0,
  "88": 0,
  "89": 12,
  "90": 0,
  "91": 0,
  "93": 0,
  "94": 65536,
  "95": 131072,
  "96": 1000,
  "97": 0,
  "98": 16777216,
  "99": 2268,
  "100": 0,
  "101": 0,
  "102": 0,
  "103": 0,
  "104": 1,
  "105": 0,
  "106": 0,
  "107": 4294967295,
  "108": 0,
  "109": 0,
  "110": 0,
  "111": 0,
  "112": 0,
  "113": 0,
  "114": 0,
  "115": 0,
  "116": 1
}
2024-12-22 16:08:03,754 - root - INFO - 
Camera 172.20.160.51 state:
- Recording: False
- Busy: False
- Encoding: False
- Battery: 3%

2024-12-22 16:08:03,759 - root - WARNING - Camera 172.20.160.51 has low battery: 3%
2024-12-22 16:08:03,760 - root - ERROR - Camera 172.20.160.51 is not ready for settings
