2024-12-22 16:12:12,306 - asyncio - DEBUG - Using proactor: IocpProactor
2024-12-22 16:12:12,308 - root - INFO - Searching for GoPro cameras...
2024-12-22 16:12:12,453 - root - INFO - Discovered GoPro: C3461325908060._gopro-web._tcp.local. at 172.20.160.51
2024-12-22 16:12:12,496 - root - INFO - Discovered GoPro: C3461326043977._gopro-web._tcp.local. at 172.29.177.51
2024-12-22 16:12:17,312 - root - INFO - Found the following GoPro devices:
2024-12-22 16:12:17,313 - root - INFO - Name: C3461325908060._gopro-web._tcp.local., IP: 172.20.160.51
2024-12-22 16:12:17,313 - root - INFO - Name: C3461326043977._gopro-web._tcp.local., IP: 172.29.177.51
2024-12-22 16:12:17,316 - root - INFO - Cache updated successfully with newly discovered devices.
2024-12-22 16:12:17,317 - root - INFO - Resetting USB control on camera 172.20.160.51.
2024-12-22 16:12:17,317 - root - INFO - Resetting USB control on camera 172.29.177.51.
2024-12-22 16:12:17,321 - urllib3.connectionpool - DEBUG - Starting new HTTP connection (1): 172.20.160.51:8080
2024-12-22 16:12:17,323 - urllib3.connectionpool - DEBUG - Starting new HTTP connection (1): 172.29.177.51:8080
2024-12-22 16:12:17,390 - urllib3.connectionpool - DEBUG - http://172.29.177.51:8080 "GET /gopro/camera/control/wired_usb?p=0 HTTP/11" 200 3
2024-12-22 16:12:17,391 - root - INFO - USB control disabled on camera 172.29.177.51.
2024-12-22 16:12:17,391 - urllib3.connectionpool - DEBUG - http://172.20.160.51:8080 "GET /gopro/camera/control/wired_usb?p=0 HTTP/11" 200 3
2024-12-22 16:12:17,391 - root - INFO - USB control disabled on camera 172.20.160.51.
2024-12-22 16:12:19,394 - urllib3.connectionpool - DEBUG - Starting new HTTP connection (1): 172.29.177.51:8080
2024-12-22 16:12:19,398 - urllib3.connectionpool - DEBUG - Starting new HTTP connection (1): 172.20.160.51:8080
2024-12-22 16:12:19,463 - urllib3.connectionpool - DEBUG - http://172.29.177.51:8080 "GET /gopro/camera/control/wired_usb?p=1 HTTP/11" 200 3
2024-12-22 16:12:19,464 - root - INFO - USB control enabled on camera 172.29.177.51.
2024-12-22 16:12:19,464 - urllib3.connectionpool - DEBUG - http://172.20.160.51:8080 "GET /gopro/camera/control/wired_usb?p=1 HTTP/11" 200 3
2024-12-22 16:12:19,465 - root - INFO - USB control enabled on camera 172.20.160.51.
2024-12-22 16:12:21,476 - asyncio - DEBUG - Using proactor: IocpProactor
2024-12-22 16:12:21,480 - root - INFO - Searching for GoPro cameras...
2024-12-22 16:12:21,632 - root - INFO - Discovered GoPro: C3461325908060._gopro-web._tcp.local. at 172.20.160.51
2024-12-22 16:12:21,674 - root - INFO - Discovered GoPro: C3461326043977._gopro-web._tcp.local. at 172.29.177.51
2024-12-22 16:12:26,484 - urllib3.connectionpool - DEBUG - Starting new HTTP connection (1): 172.29.177.51:8080
2024-12-22 16:12:26,504 - urllib3.connectionpool - DEBUG - http://172.29.177.51:8080 "GET /gp/gpControl/info HTTP/11" 200 339
2024-12-22 16:12:26,505 - root - INFO - Camera info: Model=HERO10 BLACK, Firmware=H21.01.01.62.70
2024-12-22 16:12:26,509 - urllib3.connectionpool - DEBUG - Starting new HTTP connection (1): 172.29.177.51:8080
2024-12-22 16:12:26,577 - urllib3.connectionpool - DEBUG - http://172.29.177.51:8080 "GET /gp/gpControl/status HTTP/11" 200 1422
2024-12-22 16:12:26,580 - root - INFO - Copying settings to all target cameras...
2024-12-22 16:12:26,584 - urllib3.connectionpool - DEBUG - Starting new HTTP connection (1): 172.20.160.51:8080
2024-12-22 16:12:26,614 - urllib3.connectionpool - DEBUG - http://172.20.160.51:8080 "GET /gp/gpControl/info HTTP/11" 200 327
2024-12-22 16:12:26,614 - root - INFO - Camera info: Model=HERO10 BLACK, Firmware=H21.01.01.62.70
2024-12-22 16:12:26,618 - urllib3.connectionpool - DEBUG - Starting new HTTP connection (1): 172.20.160.51:8080
2024-12-22 16:12:26,674 - urllib3.connectionpool - DEBUG - http://172.20.160.51:8080 "GET /gp/gpControl/status HTTP/11" 200 1413
2024-12-22 16:12:26,676 - root - DEBUG - Camera 172.20.160.51 full status: {
  "1": 1,
  "2": 3,
  "3": 0,
  "4": 255,
  "6": 0,
  "8": 0,
  "9": 0,
  "10": 0,
  "11": 0,
  "13": 0,
  "14": 0,
  "17": 1,
  "19": 0,
  "20": 0,
  "21": 0,
  "22": 0,
  "23": 0,
  "24": 0,
  "26": 0,
  "27": 0,
  "28": 82,
  "29": "",
  "30": "GP25908060",
  "31": 0,
  "32": 0,
  "33": 0,
  "34": 4277,
  "35": 9123,
  "36": 0,
  "37": 3,
  "38": 0,
  "39": 3,
  "41": 0,
  "42": 0,
  "45": 0,
  "49": 0,
  "54": 60431488,
  "55": 1,
  "56": 4,
  "58": 0,
  "59": 0,
  "60": 500,
  "61": 2,
  "62": 0,
  "63": 0,
  "64": 2138,
  "65": 0,
  "66": 100,
  "67": 100,
  "68": 0,
  "69": 0,
  "70": 100,
  "74": 0,
  "75": 0,
  "76": 1,
  "77": 1,
  "78": 0,
  "79": 0,
  "81": 1,
  "82": 1,
  "83": 1,
  "85": 0,
  "86": 0,
  "88": 0,
  "89": 12,
  "90": 0,
  "91": 0,
  "93": 0,
  "94": 65536,
  "95": 131072,
  "96": 1000,
  "97": 0,
  "98": 16777216,
  "99": 3041,
  "100": 0,
  "101": 0,
  "102": 0,
  "103": 0,
  "104": 1,
  "105": 0,
  "106": 0,
  "107": 4294967295,
  "108": 0,
  "109": 0,
  "110": 0,
  "111": 0,
  "112": 0,
  "113": 0,
  "114": 0,
  "115": 0,
  "116": 1
}
2024-12-22 16:12:26,676 - root - INFO - 
Camera 172.20.160.51 state:
- Recording: False
- Busy: False
- Encoding: False
- Battery: 3%

2024-12-22 16:12:26,678 - root - INFO - Camera 172.20.160.51 is ready for settings
2024-12-22 16:12:26,678 - root - INFO - Applying settings to HERO10 camera at 172.20.160.51
2024-12-22 16:12:26,680 - root - WARNING - Value 100 not supported for setting video_resolution (ID: 2) on HERO10. Supported values: [1, 4, 9, 12, 18]
2024-12-22 16:12:26,681 - root - WARNING - Setting 2 with value 100 is not supported on HERO10
2024-12-22 16:12:26,686 - urllib3.connectionpool - DEBUG - Starting new HTTP connection (1): 172.20.160.51:8080
2024-12-22 16:12:26,763 - urllib3.connectionpool - DEBUG - http://172.20.160.51:8080 "GET /gp/gpControl/setting/3/9 HTTP/11" 200 3
2024-12-22 16:12:26,763 - root - INFO - Setting 3 successfully set to 9 on camera 172.20.160.51
2024-12-22 16:12:26,966 - urllib3.connectionpool - DEBUG - Starting new HTTP connection (1): 172.20.160.51:8080
2024-12-22 16:12:26,998 - urllib3.connectionpool - DEBUG - http://172.20.160.51:8080 "GET /gp/gpControl/status HTTP/11" 200 1413
2024-12-22 16:12:27,000 - root - DEBUG - Camera 172.20.160.51 full status: {
  "1": 1,
  "2": 3,
  "3": 0,
  "4": 255,
  "6": 0,
  "8": 0,
  "9": 0,
  "10": 0,
  "11": 0,
  "13": 0,
  "14": 0,
  "17": 1,
  "19": 0,
  "20": 0,
  "21": 0,
  "22": 0,
  "23": 0,
  "24": 0,
  "26": 0,
  "27": 0,
  "28": 82,
  "29": "",
  "30": "GP25908060",
  "31": 0,
  "32": 0,
  "33": 0,
  "34": 4277,
  "35": 9123,
  "36": 0,
  "37": 3,
  "38": 0,
  "39": 3,
  "41": 0,
  "42": 0,
  "45": 0,
  "49": 0,
  "54": 60431488,
  "55": 1,
  "56": 4,
  "58": 0,
  "59": 0,
  "60": 500,
  "61": 2,
  "62": 0,
  "63": 0,
  "64": 2138,
  "65": 0,
  "66": 100,
  "67": 100,
  "68": 0,
  "69": 0,
  "70": 100,
  "74": 0,
  "75": 0,
  "76": 1,
  "77": 1,
  "78": 0,
  "79": 0,
  "81": 1,
  "82": 1,
  "83": 1,
  "85": 0,
  "86": 0,
  "88": 0,
  "89": 12,
  "90": 0,
  "91": 0,
  "93": 0,
  "94": 65536,
  "95": 131072,
  "96": 1000,
  "97": 0,
  "98": 16777216,
  "99": 3041,
  "100": 0,
  "101": 0,
  "102": 0,
  "103": 0,
  "104": 1,
  "105": 0,
  "106": 0,
  "107": 4294967295,
  "108": 0,
  "109": 0,
  "110": 0,
  "111": 0,
  "112": 0,
  "113": 0,
  "114": 0,
  "115": 0,
  "116": 1
}
2024-12-22 16:12:27,000 - root - INFO - 
Camera 172.20.160.51 state:
- Recording: False
- Busy: False
- Encoding: False
- Battery: 3%

2024-12-22 16:12:27,001 - root - INFO - Camera 172.20.160.51 is ready for settings
2024-12-22 16:12:27,002 - root - WARNING - Setting ID 5 not found in supported settings for HERO10
2024-12-22 16:12:27,004 - root - WARNING - Setting 5 with value 0 is not supported on HERO10
2024-12-22 16:12:27,005 - root - WARNING - Setting ID 6 not found in supported settings for HERO10
2024-12-22 16:12:27,006 - root - WARNING - Setting 6 with value 1 is not supported on HERO10
2024-12-22 16:12:27,072 - urllib3.connectionpool - DEBUG - http://172.20.160.51:8080 "GET /gp/gpControl/setting/13/1 HTTP/11" 200 3
2024-12-22 16:12:27,073 - root - INFO - Setting 13 successfully set to 1 on camera 172.20.160.51
2024-12-22 16:12:27,276 - urllib3.connectionpool - DEBUG - Starting new HTTP connection (1): 172.20.160.51:8080
2024-12-22 16:12:27,326 - urllib3.connectionpool - DEBUG - http://172.20.160.51:8080 "GET /gp/gpControl/status HTTP/11" 200 1413
2024-12-22 16:12:27,327 - root - DEBUG - Camera 172.20.160.51 full status: {
  "1": 1,
  "2": 3,
  "3": 0,
  "4": 255,
  "6": 0,
  "8": 0,
  "9": 0,
  "10": 0,
  "11": 0,
  "13": 0,
  "14": 0,
  "17": 1,
  "19": 0,
  "20": 0,
  "21": 0,
  "22": 0,
  "23": 0,
  "24": 0,
  "26": 0,
  "27": 0,
  "28": 82,
  "29": "",
  "30": "GP25908060",
  "31": 0,
  "32": 0,
  "33": 0,
  "34": 4277,
  "35": 9123,
  "36": 0,
  "37": 3,
  "38": 0,
  "39": 3,
  "41": 0,
  "42": 0,
  "45": 0,
  "49": 0,
  "54": 60431488,
  "55": 1,
  "56": 4,
  "58": 0,
  "59": 0,
  "60": 500,
  "61": 2,
  "62": 0,
  "63": 0,
  "64": 2138,
  "65": 0,
  "66": 100,
  "67": 100,
  "68": 0,
  "69": 0,
  "70": 100,
  "74": 0,
  "75": 0,
  "76": 1,
  "77": 1,
  "78": 0,
  "79": 0,
  "81": 1,
  "82": 1,
  "83": 1,
  "85": 0,
  "86": 0,
  "88": 0,
  "89": 12,
  "90": 0,
  "91": 0,
  "93": 0,
  "94": 65536,
  "95": 131072,
  "96": 1000,
  "97": 0,
  "98": 16777216,
  "99": 3041,
  "100": 0,
  "101": 0,
  "102": 0,
  "103": 0,
  "104": 1,
  "105": 0,
  "106": 0,
  "107": 4294967295,
  "108": 0,
  "109": 0,
  "110": 0,
  "111": 0,
  "112": 0,
  "113": 0,
  "114": 0,
  "115": 0,
  "116": 1
}
2024-12-22 16:12:27,327 - root - INFO - 
Camera 172.20.160.51 state:
- Recording: False
- Busy: False
- Encoding: False
- Battery: 3%

2024-12-22 16:12:27,330 - root - INFO - Camera 172.20.160.51 is ready for settings
2024-12-22 16:12:27,331 - root - WARNING - Setting ID 19 not found in supported settings for HERO10
2024-12-22 16:12:27,332 - root - WARNING - Setting 19 with value 0 is not supported on HERO10
2024-12-22 16:12:27,334 - root - WARNING - Setting ID 24 not found in supported settings for HERO10
2024-12-22 16:12:27,335 - root - WARNING - Setting 24 with value 0 is not supported on HERO10
2024-12-22 16:12:27,336 - root - WARNING - Setting ID 30 not found in supported settings for HERO10
2024-12-22 16:12:27,337 - root - WARNING - Setting 30 with value 110 is not supported on HERO10
2024-12-22 16:12:27,338 - root - WARNING - Setting ID 31 not found in supported settings for HERO10
2024-12-22 16:12:27,339 - root - WARNING - Setting 31 with value 0 is not supported on HERO10
2024-12-22 16:12:27,340 - root - WARNING - Setting ID 32 not found in supported settings for HERO10
2024-12-22 16:12:27,341 - root - WARNING - Setting 32 with value 10 is not supported on HERO10
2024-12-22 16:12:27,342 - root - WARNING - Setting ID 37 not found in supported settings for HERO10
2024-12-22 16:12:27,343 - root - WARNING - Setting 37 with value 0 is not supported on HERO10
2024-12-22 16:12:27,344 - root - WARNING - Setting ID 41 not found in supported settings for HERO10
2024-12-22 16:12:27,345 - root - WARNING - Setting 41 with value 9 is not supported on HERO10
2024-12-22 16:12:27,346 - root - WARNING - Setting ID 42 not found in supported settings for HERO10
2024-12-22 16:12:27,347 - root - WARNING - Setting 42 with value 6 is not supported on HERO10
2024-12-22 16:12:27,348 - root - WARNING - Setting ID 43 not found in supported settings for HERO10
2024-12-22 16:12:27,350 - root - WARNING - Setting 43 with value 0 is not supported on HERO10
2024-12-22 16:12:27,351 - root - WARNING - Setting ID 44 not found in supported settings for HERO10
2024-12-22 16:12:27,352 - root - WARNING - Setting 44 with value 9 is not supported on HERO10
2024-12-22 16:12:27,353 - root - WARNING - Setting ID 45 not found in supported settings for HERO10
2024-12-22 16:12:27,354 - root - WARNING - Setting 45 with value 5 is not supported on HERO10
2024-12-22 16:12:27,355 - root - WARNING - Setting ID 47 not found in supported settings for HERO10
2024-12-22 16:12:27,356 - root - WARNING - Setting 47 with value 4 is not supported on HERO10
2024-12-22 16:12:27,357 - root - WARNING - Setting ID 48 not found in supported settings for HERO10
2024-12-22 16:12:27,358 - root - WARNING - Setting 48 with value 3 is not supported on HERO10
2024-12-22 16:12:27,391 - urllib3.connectionpool - DEBUG - http://172.20.160.51:8080 "GET /gp/gpControl/setting/54/1 HTTP/11" 200 3
2024-12-22 16:12:27,392 - root - INFO - Setting 54 successfully set to 1 on camera 172.20.160.51
2024-12-22 16:12:27,595 - urllib3.connectionpool - DEBUG - Starting new HTTP connection (1): 172.20.160.51:8080
2024-12-22 16:12:27,646 - urllib3.connectionpool - DEBUG - http://172.20.160.51:8080 "GET /gp/gpControl/status HTTP/11" 200 1413
2024-12-22 16:12:27,647 - root - DEBUG - Camera 172.20.160.51 full status: {
  "1": 1,
  "2": 3,
  "3": 0,
  "4": 255,
  "6": 0,
  "8": 0,
  "9": 0,
  "10": 0,
  "11": 0,
  "13": 0,
  "14": 0,
  "17": 1,
  "19": 0,
  "20": 0,
  "21": 0,
  "22": 0,
  "23": 0,
  "24": 0,
  "26": 0,
  "27": 0,
  "28": 82,
  "29": "",
  "30": "GP25908060",
  "31": 0,
  "32": 0,
  "33": 0,
  "34": 4277,
  "35": 9123,
  "36": 0,
  "37": 3,
  "38": 0,
  "39": 3,
  "41": 0,
  "42": 0,
  "45": 0,
  "49": 0,
  "54": 60431488,
  "55": 1,
  "56": 4,
  "58": 0,
  "59": 0,
  "60": 500,
  "61": 2,
  "62": 0,
  "63": 0,
  "64": 2138,
  "65": 0,
  "66": 100,
  "67": 100,
  "68": 0,
  "69": 0,
  "70": 100,
  "74": 0,
  "75": 0,
  "76": 1,
  "77": 1,
  "78": 0,
  "79": 0,
  "81": 1,
  "82": 1,
  "83": 1,
  "85": 0,
  "86": 0,
  "88": 0,
  "89": 12,
  "90": 0,
  "91": 0,
  "93": 0,
  "94": 65536,
  "95": 131072,
  "96": 1000,
  "97": 0,
  "98": 16777216,
  "99": 3041,
  "100": 0,
  "101": 0,
  "102": 0,
  "103": 0,
  "104": 1,
  "105": 0,
  "106": 0,
  "107": 4294967295,
  "108": 0,
  "109": 0,
  "110": 0,
  "111": 0,
  "112": 0,
  "113": 0,
  "114": 0,
  "115": 0,
  "116": 1
}
2024-12-22 16:12:27,647 - root - INFO - 
Camera 172.20.160.51 state:
- Recording: False
- Busy: False
- Encoding: False
- Battery: 3%

2024-12-22 16:12:27,650 - root - INFO - Camera 172.20.160.51 is ready for settings
2024-12-22 16:12:27,679 - urllib3.connectionpool - DEBUG - http://172.20.160.51:8080 "GET /gp/gpControl/setting/59/0 HTTP/11" 200 3
2024-12-22 16:12:27,679 - root - INFO - Setting 59 successfully set to 0 on camera 172.20.160.51
2024-12-22 16:12:27,883 - urllib3.connectionpool - DEBUG - Starting new HTTP connection (1): 172.20.160.51:8080
2024-12-22 16:12:27,938 - urllib3.connectionpool - DEBUG - http://172.20.160.51:8080 "GET /gp/gpControl/status HTTP/11" 200 1413
2024-12-22 16:12:27,939 - root - DEBUG - Camera 172.20.160.51 full status: {
  "1": 1,
  "2": 3,
  "3": 0,
  "4": 255,
  "6": 0,
  "8": 0,
  "9": 0,
  "10": 0,
  "11": 0,
  "13": 0,
  "14": 0,
  "17": 1,
  "19": 0,
  "20": 0,
  "21": 0,
  "22": 0,
  "23": 0,
  "24": 0,
  "26": 0,
  "27": 0,
  "28": 82,
  "29": "",
  "30": "GP25908060",
  "31": 0,
  "32": 0,
  "33": 0,
  "34": 4277,
  "35": 9123,
  "36": 0,
  "37": 3,
  "38": 0,
  "39": 3,
  "41": 0,
  "42": 0,
  "45": 0,
  "49": 0,
  "54": 60431488,
  "55": 1,
  "56": 4,
  "58": 0,
  "59": 0,
  "60": 500,
  "61": 2,
  "62": 0,
  "63": 0,
  "64": 2138,
  "65": 0,
  "66": 100,
  "67": 100,
  "68": 0,
  "69": 0,
  "70": 100,
  "74": 0,
  "75": 0,
  "76": 1,
  "77": 1,
  "78": 0,
  "79": 0,
  "81": 1,
  "82": 1,
  "83": 1,
  "85": 0,
  "86": 0,
  "88": 0,
  "89": 12,
  "90": 0,
  "91": 0,
  "93": 0,
  "94": 65536,
  "95": 131072,
  "96": 1000,
  "97": 0,
  "98": 16777216,
  "99": 3041,
  "100": 0,
  "101": 0,
  "102": 0,
  "103": 0,
  "104": 1,
  "105": 0,
  "106": 0,
  "107": 4294967295,
  "108": 0,
  "109": 0,
  "110": 0,
  "111": 0,
  "112": 0,
  "113": 0,
  "114": 0,
  "115": 0,
  "116": 1
}
2024-12-22 16:12:27,939 - root - INFO - 
Camera 172.20.160.51 state:
- Recording: False
- Busy: False
- Encoding: False
- Battery: 3%

2024-12-22 16:12:27,941 - root - INFO - Camera 172.20.160.51 is ready for settings
2024-12-22 16:12:27,970 - urllib3.connectionpool - DEBUG - http://172.20.160.51:8080 "GET /gp/gpControl/setting/60/0 HTTP/11" 200 3
2024-12-22 16:12:27,970 - root - INFO - Setting 60 successfully set to 0 on camera 172.20.160.51
2024-12-22 16:12:28,174 - urllib3.connectionpool - DEBUG - Starting new HTTP connection (1): 172.20.160.51:8080
2024-12-22 16:12:28,235 - urllib3.connectionpool - DEBUG - http://172.20.160.51:8080 "GET /gp/gpControl/status HTTP/11" 200 1413
2024-12-22 16:12:28,236 - root - DEBUG - Camera 172.20.160.51 full status: {
  "1": 1,
  "2": 3,
  "3": 0,
  "4": 255,
  "6": 0,
  "8": 0,
  "9": 0,
  "10": 0,
  "11": 0,
  "13": 0,
  "14": 0,
  "17": 1,
  "19": 0,
  "20": 0,
  "21": 0,
  "22": 0,
  "23": 0,
  "24": 0,
  "26": 0,
  "27": 0,
  "28": 82,
  "29": "",
  "30": "GP25908060",
  "31": 0,
  "32": 0,
  "33": 0,
  "34": 4277,
  "35": 9123,
  "36": 0,
  "37": 3,
  "38": 0,
  "39": 3,
  "41": 0,
  "42": 0,
  "45": 0,
  "49": 0,
  "54": 60431488,
  "55": 1,
  "56": 4,
  "58": 0,
  "59": 0,
  "60": 500,
  "61": 2,
  "62": 0,
  "63": 0,
  "64": 2138,
  "65": 0,
  "66": 100,
  "67": 100,
  "68": 0,
  "69": 0,
  "70": 100,
  "74": 0,
  "75": 0,
  "76": 1,
  "77": 1,
  "78": 0,
  "79": 0,
  "81": 1,
  "82": 1,
  "83": 1,
  "85": 0,
  "86": 0,
  "88": 0,
  "89": 12,
  "90": 0,
  "91": 0,
  "93": 0,
  "94": 65536,
  "95": 131072,
  "96": 1000,
  "97": 0,
  "98": 16777216,
  "99": 3041,
  "100": 0,
  "101": 0,
  "102": 0,
  "103": 0,
  "104": 1,
  "105": 0,
  "106": 0,
  "107": 4294967295,
  "108": 0,
  "109": 0,
  "110": 0,
  "111": 0,
  "112": 0,
  "113": 0,
  "114": 0,
  "115": 0,
  "116": 1
}
2024-12-22 16:12:28,236 - root - INFO - 
Camera 172.20.160.51 state:
- Recording: False
- Busy: False
- Encoding: False
- Battery: 3%

2024-12-22 16:12:28,241 - root - INFO - Camera 172.20.160.51 is ready for settings
2024-12-22 16:12:28,242 - root - WARNING - Setting ID 61 not found in supported settings for HERO10
2024-12-22 16:12:28,243 - root - WARNING - Setting 61 with value 0 is not supported on HERO10
2024-12-22 16:12:28,245 - root - WARNING - Setting ID 62 not found in supported settings for HERO10
2024-12-22 16:12:28,246 - root - WARNING - Setting 62 with value 0 is not supported on HERO10
2024-12-22 16:12:28,247 - root - WARNING - Setting ID 64 not found in supported settings for HERO10
2024-12-22 16:12:28,248 - root - WARNING - Setting 64 with value 4 is not supported on HERO10
2024-12-22 16:12:28,249 - root - WARNING - Setting ID 65 not found in supported settings for HERO10
2024-12-22 16:12:28,250 - root - WARNING - Setting 65 with value 0 is not supported on HERO10
2024-12-22 16:12:28,251 - root - WARNING - Setting ID 66 not found in supported settings for HERO10
2024-12-22 16:12:28,253 - root - WARNING - Setting 66 with value 0 is not supported on HERO10
2024-12-22 16:12:28,254 - root - WARNING - Setting ID 67 not found in supported settings for HERO10
2024-12-22 16:12:28,256 - root - WARNING - Setting 67 with value 0 is not supported on HERO10
2024-12-22 16:12:28,257 - root - WARNING - Setting ID 75 not found in supported settings for HERO10
2024-12-22 16:12:28,258 - root - WARNING - Setting 75 with value 0 is not supported on HERO10
2024-12-22 16:12:28,259 - root - WARNING - Setting ID 76 not found in supported settings for HERO10
2024-12-22 16:12:28,260 - root - WARNING - Setting 76 with value 0 is not supported on HERO10
2024-12-22 16:12:28,289 - urllib3.connectionpool - DEBUG - http://172.20.160.51:8080 "GET /gp/gpControl/setting/83/0 HTTP/11" 200 3
2024-12-22 16:12:28,290 - root - INFO - Setting 83 successfully set to 0 on camera 172.20.160.51
2024-12-22 16:12:28,493 - urllib3.connectionpool - DEBUG - Starting new HTTP connection (1): 172.20.160.51:8080
2024-12-22 16:12:28,522 - urllib3.connectionpool - DEBUG - http://172.20.160.51:8080 "GET /gp/gpControl/status HTTP/11" 200 1413
2024-12-22 16:12:28,523 - root - DEBUG - Camera 172.20.160.51 full status: {
  "1": 1,
  "2": 3,
  "3": 0,
  "4": 255,
  "6": 0,
  "8": 0,
  "9": 0,
  "10": 0,
  "11": 0,
  "13": 0,
  "14": 0,
  "17": 1,
  "19": 0,
  "20": 0,
  "21": 0,
  "22": 0,
  "23": 0,
  "24": 0,
  "26": 0,
  "27": 0,
  "28": 82,
  "29": "",
  "30": "GP25908060",
  "31": 0,
  "32": 0,
  "33": 0,
  "34": 4277,
  "35": 9123,
  "36": 0,
  "37": 3,
  "38": 0,
  "39": 3,
  "41": 0,
  "42": 0,
  "45": 0,
  "49": 0,
  "54": 60431488,
  "55": 1,
  "56": 4,
  "58": 0,
  "59": 0,
  "60": 500,
  "61": 2,
  "62": 0,
  "63": 0,
  "64": 2138,
  "65": 0,
  "66": 100,
  "67": 100,
  "68": 0,
  "69": 0,
  "70": 100,
  "74": 0,
  "75": 0,
  "76": 1,
  "77": 1,
  "78": 0,
  "79": 0,
  "81": 1,
  "82": 1,
  "83": 1,
  "85": 0,
  "86": 0,
  "88": 0,
  "89": 12,
  "90": 0,
  "91": 0,
  "93": 0,
  "94": 65536,
  "95": 131072,
  "96": 1000,
  "97": 0,
  "98": 16777216,
  "99": 3041,
  "100": 0,
  "101": 0,
  "102": 0,
  "103": 0,
  "104": 1,
  "105": 0,
  "106": 0,
  "107": 4294967295,
  "108": 0,
  "109": 0,
  "110": 0,
  "111": 0,
  "112": 0,
  "113": 0,
  "114": 0,
  "115": 0,
  "116": 1
}
2024-12-22 16:12:28,523 - root - INFO - 
Camera 172.20.160.51 state:
- Recording: False
- Busy: False
- Encoding: False
- Battery: 3%

2024-12-22 16:12:28,527 - root - INFO - Camera 172.20.160.51 is ready for settings
2024-12-22 16:12:28,528 - root - WARNING - Setting ID 84 not found in supported settings for HERO10
2024-12-22 16:12:28,529 - root - WARNING - Setting 84 with value 0 is not supported on HERO10
2024-12-22 16:12:28,530 - root - WARNING - Setting ID 85 not found in supported settings for HERO10
2024-12-22 16:12:28,531 - root - WARNING - Setting 85 with value 0 is not supported on HERO10
2024-12-22 16:12:28,564 - urllib3.connectionpool - DEBUG - http://172.20.160.51:8080 "GET /gp/gpControl/setting/86/0 HTTP/11" 200 3
2024-12-22 16:12:28,564 - root - INFO - Setting 86 successfully set to 0 on camera 172.20.160.51
2024-12-22 16:12:28,767 - urllib3.connectionpool - DEBUG - Starting new HTTP connection (1): 172.20.160.51:8080
2024-12-22 16:12:28,814 - urllib3.connectionpool - DEBUG - http://172.20.160.51:8080 "GET /gp/gpControl/status HTTP/11" 200 1413
2024-12-22 16:12:28,815 - root - DEBUG - Camera 172.20.160.51 full status: {
  "1": 1,
  "2": 3,
  "3": 0,
  "4": 255,
  "6": 0,
  "8": 0,
  "9": 0,
  "10": 0,
  "11": 0,
  "13": 0,
  "14": 0,
  "17": 1,
  "19": 0,
  "20": 0,
  "21": 0,
  "22": 0,
  "23": 0,
  "24": 0,
  "26": 0,
  "27": 0,
  "28": 82,
  "29": "",
  "30": "GP25908060",
  "31": 0,
  "32": 0,
  "33": 0,
  "34": 4277,
  "35": 9123,
  "36": 0,
  "37": 3,
  "38": 0,
  "39": 3,
  "41": 0,
  "42": 0,
  "45": 0,
  "49": 0,
  "54": 60431488,
  "55": 1,
  "56": 4,
  "58": 0,
  "59": 0,
  "60": 500,
  "61": 2,
  "62": 0,
  "63": 0,
  "64": 2138,
  "65": 0,
  "66": 100,
  "67": 100,
  "68": 0,
  "69": 0,
  "70": 100,
  "74": 0,
  "75": 0,
  "76": 1,
  "77": 1,
  "78": 0,
  "79": 0,
  "81": 1,
  "82": 1,
  "83": 1,
  "85": 0,
  "86": 0,
  "88": 0,
  "89": 12,
  "90": 0,
  "91": 0,
  "93": 0,
  "94": 65536,
  "95": 131072,
  "96": 1000,
  "97": 0,
  "98": 16777216,
  "99": 3041,
  "100": 0,
  "101": 0,
  "102": 0,
  "103": 0,
  "104": 1,
  "105": 0,
  "106": 0,
  "107": 4294967295,
  "108": 0,
  "109": 0,
  "110": 0,
  "111": 0,
  "112": 0,
  "113": 0,
  "114": 0,
  "115": 0,
  "116": 1
}
2024-12-22 16:12:28,815 - root - INFO - 
Camera 172.20.160.51 state:
- Recording: False
- Busy: False
- Encoding: False
- Battery: 3%

2024-12-22 16:12:28,818 - root - INFO - Camera 172.20.160.51 is ready for settings
2024-12-22 16:12:28,847 - urllib3.connectionpool - DEBUG - http://172.20.160.51:8080 "GET /gp/gpControl/setting/87/100 HTTP/11" 500 182
2024-12-22 16:12:28,848 - root - ERROR - Failed to set setting 87 on camera 172.20.160.51: 500 Server Error: Internal Server Error for url: http://172.20.160.51:8080/gp/gpControl/setting/87/100
2024-12-22 16:12:28,851 - urllib3.connectionpool - DEBUG - Starting new HTTP connection (1): 172.20.160.51:8080
2024-12-22 16:12:28,902 - urllib3.connectionpool - DEBUG - http://172.20.160.51:8080 "GET /gp/gpControl/status HTTP/11" 200 1413
2024-12-22 16:12:28,903 - root - DEBUG - Camera 172.20.160.51 full status: {
  "1": 1,
  "2": 3,
  "3": 0,
  "4": 255,
  "6": 0,
  "8": 0,
  "9": 0,
  "10": 0,
  "11": 0,
  "13": 0,
  "14": 0,
  "17": 1,
  "19": 0,
  "20": 0,
  "21": 0,
  "22": 0,
  "23": 0,
  "24": 0,
  "26": 0,
  "27": 0,
  "28": 82,
  "29": "",
  "30": "GP25908060",
  "31": 0,
  "32": 0,
  "33": 0,
  "34": 4277,
  "35": 9123,
  "36": 0,
  "37": 3,
  "38": 0,
  "39": 3,
  "41": 0,
  "42": 0,
  "45": 0,
  "49": 0,
  "54": 60431488,
  "55": 1,
  "56": 4,
  "58": 0,
  "59": 0,
  "60": 500,
  "61": 2,
  "62": 0,
  "63": 0,
  "64": 2138,
  "65": 0,
  "66": 100,
  "67": 100,
  "68": 0,
  "69": 0,
  "70": 100,
  "74": 0,
  "75": 0,
  "76": 1,
  "77": 1,
  "78": 0,
  "79": 0,
  "81": 1,
  "82": 1,
  "83": 1,
  "85": 0,
  "86": 0,
  "88": 0,
  "89": 12,
  "90": 0,
  "91": 0,
  "93": 0,
  "94": 65536,
  "95": 131072,
  "96": 1000,
  "97": 0,
  "98": 16777216,
  "99": 3041,
  "100": 0,
  "101": 0,
  "102": 0,
  "103": 0,
  "104": 1,
  "105": 0,
  "106": 0,
  "107": 4294967295,
  "108": 0,
  "109": 0,
  "110": 0,
  "111": 0,
  "112": 0,
  "113": 0,
  "114": 0,
  "115": 0,
  "116": 1
}
2024-12-22 16:12:28,904 - root - INFO - 
Camera 172.20.160.51 state:
- Recording: False
- Busy: False
- Encoding: False
- Battery: 3%

2024-12-22 16:12:28,906 - root - INFO - Camera 172.20.160.51 is ready for settings
2024-12-22 16:12:28,907 - root - WARNING - Setting ID 88 not found in supported settings for HERO10
2024-12-22 16:12:28,908 - root - WARNING - Setting 88 with value 50 is not supported on HERO10
2024-12-22 16:12:28,909 - root - WARNING - Setting ID 91 not found in supported settings for HERO10
2024-12-22 16:12:28,910 - root - WARNING - Setting 91 with value 3 is not supported on HERO10
2024-12-22 16:12:28,912 - root - WARNING - Value 8 not supported for setting iso_min (ID: 102) on HERO10. Supported values: [0, 1, 2, 3]
2024-12-22 16:12:28,913 - root - WARNING - Setting 102 with value 8 is not supported on HERO10
2024-12-22 16:12:28,914 - root - WARNING - Setting ID 103 not found in supported settings for HERO10
2024-12-22 16:12:28,915 - root - WARNING - Setting 103 with value 3 is not supported on HERO10
2024-12-22 16:12:28,985 - urllib3.connectionpool - DEBUG - http://172.20.160.51:8080 "GET /gp/gpControl/setting/105/0 HTTP/11" 200 3
2024-12-22 16:12:28,985 - root - INFO - Setting 105 successfully set to 0 on camera 172.20.160.51
2024-12-22 16:12:29,187 - urllib3.connectionpool - DEBUG - Starting new HTTP connection (1): 172.20.160.51:8080
2024-12-22 16:12:29,242 - urllib3.connectionpool - DEBUG - http://172.20.160.51:8080 "GET /gp/gpControl/status HTTP/11" 200 1413
2024-12-22 16:12:29,243 - root - DEBUG - Camera 172.20.160.51 full status: {
  "1": 1,
  "2": 3,
  "3": 0,
  "4": 255,
  "6": 0,
  "8": 0,
  "9": 0,
  "10": 0,
  "11": 0,
  "13": 0,
  "14": 0,
  "17": 1,
  "19": 0,
  "20": 0,
  "21": 0,
  "22": 0,
  "23": 0,
  "24": 0,
  "26": 0,
  "27": 0,
  "28": 82,
  "29": "",
  "30": "GP25908060",
  "31": 0,
  "32": 0,
  "33": 0,
  "34": 4277,
  "35": 9123,
  "36": 0,
  "37": 3,
  "38": 0,
  "39": 3,
  "41": 0,
  "42": 0,
  "45": 0,
  "49": 0,
  "54": 60431488,
  "55": 1,
  "56": 4,
  "58": 0,
  "59": 0,
  "60": 500,
  "61": 2,
  "62": 0,
  "63": 0,
  "64": 2138,
  "65": 0,
  "66": 100,
  "67": 100,
  "68": 0,
  "69": 0,
  "70": 100,
  "74": 0,
  "75": 0,
  "76": 1,
  "77": 1,
  "78": 0,
  "79": 0,
  "81": 1,
  "82": 1,
  "83": 1,
  "85": 0,
  "86": 0,
  "88": 0,
  "89": 12,
  "90": 0,
  "91": 0,
  "93": 0,
  "94": 65536,
  "95": 131072,
  "96": 1000,
  "97": 0,
  "98": 16777216,
  "99": 3041,
  "100": 0,
  "101": 0,
  "102": 0,
  "103": 0,
  "104": 1,
  "105": 0,
  "106": 0,
  "107": 4294967295,
  "108": 0,
  "109": 0,
  "110": 0,
  "111": 0,
  "112": 0,
  "113": 0,
  "114": 0,
  "115": 0,
  "116": 1
}
2024-12-22 16:12:29,243 - root - INFO - 
Camera 172.20.160.51 state:
- Recording: False
- Busy: False
- Encoding: False
- Battery: 3%

2024-12-22 16:12:29,245 - root - INFO - Camera 172.20.160.51 is ready for settings
2024-12-22 16:12:29,245 - root - WARNING - Setting ID 106 not found in supported settings for HERO10
2024-12-22 16:12:29,246 - root - WARNING - Setting 106 with value 1 is not supported on HERO10
2024-12-22 16:12:29,247 - root - WARNING - Setting ID 111 not found in supported settings for HERO10
2024-12-22 16:12:29,247 - root - WARNING - Setting 111 with value 10 is not supported on HERO10
2024-12-22 16:12:29,248 - root - WARNING - Setting ID 112 not found in supported settings for HERO10
2024-12-22 16:12:29,249 - root - WARNING - Setting 112 with value 255 is not supported on HERO10
2024-12-22 16:12:29,249 - root - WARNING - Setting ID 114 not found in supported settings for HERO10
2024-12-22 16:12:29,250 - root - WARNING - Setting 114 with value 1 is not supported on HERO10
2024-12-22 16:12:29,250 - root - WARNING - Setting ID 115 not found in supported settings for HERO10
2024-12-22 16:12:29,251 - root - WARNING - Setting 115 with value 0 is not supported on HERO10
2024-12-22 16:12:29,251 - root - WARNING - Setting ID 116 not found in supported settings for HERO10
2024-12-22 16:12:29,252 - root - WARNING - Setting 116 with value 2 is not supported on HERO10
2024-12-22 16:12:29,252 - root - WARNING - Setting ID 117 not found in supported settings for HERO10
2024-12-22 16:12:29,252 - root - WARNING - Setting 117 with value 1 is not supported on HERO10
2024-12-22 16:12:29,255 - root - WARNING - Setting ID 118 not found in supported settings for HERO10
2024-12-22 16:12:29,255 - root - WARNING - Setting 118 with value 4 is not supported on HERO10
2024-12-22 16:12:29,255 - root - WARNING - Value 8 not supported for setting lens (ID: 121) on HERO10. Supported values: [0, 4, 7]
2024-12-22 16:12:29,255 - root - WARNING - Setting 121 with value 8 is not supported on HERO10
2024-12-22 16:12:29,255 - root - WARNING - Setting ID 122 not found in supported settings for HERO10
2024-12-22 16:12:29,256 - root - WARNING - Setting 122 with value 0 is not supported on HERO10
2024-12-22 16:12:29,256 - root - WARNING - Setting ID 123 not found in supported settings for HERO10
2024-12-22 16:12:29,256 - root - WARNING - Setting 123 with value 0 is not supported on HERO10
2024-12-22 16:12:29,256 - root - WARNING - Setting ID 124 not found in supported settings for HERO10
2024-12-22 16:12:29,256 - root - WARNING - Setting 124 with value 100 is not supported on HERO10
2024-12-22 16:12:29,256 - root - WARNING - Setting ID 125 not found in supported settings for HERO10
2024-12-22 16:12:29,257 - root - WARNING - Setting 125 with value 0 is not supported on HERO10
2024-12-22 16:12:29,257 - root - WARNING - Setting ID 126 not found in supported settings for HERO10
2024-12-22 16:12:29,257 - root - WARNING - Setting 126 with value 0 is not supported on HERO10
2024-12-22 16:12:29,257 - root - WARNING - Value 12 not supported for setting media_format (ID: 128) on HERO10. Supported values: [1]
2024-12-22 16:12:29,257 - root - WARNING - Setting 128 with value 12 is not supported on HERO10
2024-12-22 16:12:29,258 - root - WARNING - Setting ID 129 not found in supported settings for HERO10
2024-12-22 16:12:29,258 - root - WARNING - Setting 129 with value 2 is not supported on HERO10
2024-12-22 16:12:29,258 - root - WARNING - Setting ID 130 not found in supported settings for HERO10
2024-12-22 16:12:29,258 - root - WARNING - Setting 130 with value 1 is not supported on HERO10
2024-12-22 16:12:29,258 - root - WARNING - Setting ID 131 not found in supported settings for HERO10
2024-12-22 16:12:29,258 - root - WARNING - Setting 131 with value 3 is not supported on HERO10
2024-12-22 16:12:29,259 - root - WARNING - Setting ID 132 not found in supported settings for HERO10
2024-12-22 16:12:29,259 - root - WARNING - Setting 132 with value 12 is not supported on HERO10
2024-12-22 16:12:29,259 - root - WARNING - Value 3 not supported for setting anti_flicker (ID: 134) on HERO10. Supported values: [0, 1]
2024-12-22 16:12:29,259 - root - WARNING - Setting 134 with value 3 is not supported on HERO10
2024-12-22 16:12:29,325 - urllib3.connectionpool - DEBUG - http://172.20.160.51:8080 "GET /gp/gpControl/setting/135/2 HTTP/11" 200 3
2024-12-22 16:12:29,326 - root - INFO - Setting 135 successfully set to 2 on camera 172.20.160.51
2024-12-22 16:12:29,529 - urllib3.connectionpool - DEBUG - Starting new HTTP connection (1): 172.20.160.51:8080
2024-12-22 16:12:29,587 - urllib3.connectionpool - DEBUG - http://172.20.160.51:8080 "GET /gp/gpControl/status HTTP/11" 200 1413
2024-12-22 16:12:29,588 - root - DEBUG - Camera 172.20.160.51 full status: {
  "1": 1,
  "2": 3,
  "3": 0,
  "4": 255,
  "6": 0,
  "8": 0,
  "9": 0,
  "10": 0,
  "11": 0,
  "13": 0,
  "14": 0,
  "17": 1,
  "19": 0,
  "20": 0,
  "21": 0,
  "22": 0,
  "23": 0,
  "24": 0,
  "26": 0,
  "27": 0,
  "28": 82,
  "29": "",
  "30": "GP25908060",
  "31": 0,
  "32": 0,
  "33": 0,
  "34": 4277,
  "35": 9123,
  "36": 0,
  "37": 3,
  "38": 0,
  "39": 3,
  "41": 0,
  "42": 0,
  "45": 0,
  "49": 0,
  "54": 60431488,
  "55": 1,
  "56": 4,
  "58": 0,
  "59": 0,
  "60": 500,
  "61": 2,
  "62": 0,
  "63": 0,
  "64": 2138,
  "65": 0,
  "66": 100,
  "67": 100,
  "68": 0,
  "69": 0,
  "70": 100,
  "74": 0,
  "75": 0,
  "76": 1,
  "77": 1,
  "78": 0,
  "79": 0,
  "81": 1,
  "82": 1,
  "83": 1,
  "85": 0,
  "86": 0,
  "88": 0,
  "89": 12,
  "90": 0,
  "91": 0,
  "93": 0,
  "94": 65536,
  "95": 131072,
  "96": 1000,
  "97": 0,
  "98": 16777216,
  "99": 3041,
  "100": 0,
  "101": 0,
  "102": 0,
  "103": 0,
  "104": 1,
  "105": 0,
  "106": 0,
  "107": 4294967295,
  "108": 0,
  "109": 0,
  "110": 0,
  "111": 0,
  "112": 0,
  "113": 0,
  "114": 0,
  "115": 0,
  "116": 1
}
2024-12-22 16:12:29,588 - root - INFO - 
Camera 172.20.160.51 state:
- Recording: False
- Busy: False
- Encoding: False
- Battery: 3%

2024-12-22 16:12:29,590 - root - INFO - Camera 172.20.160.51 is ready for settings
2024-12-22 16:12:29,591 - root - WARNING - Setting ID 139 not found in supported settings for HERO10
2024-12-22 16:12:29,592 - root - WARNING - Setting 139 with value 3 is not supported on HERO10
2024-12-22 16:12:29,593 - root - WARNING - Setting ID 144 not found in supported settings for HERO10
2024-12-22 16:12:29,594 - root - WARNING - Setting 144 with value 12 is not supported on HERO10
2024-12-22 16:12:29,596 - root - WARNING - Setting ID 145 not found in supported settings for HERO10
2024-12-22 16:12:29,597 - root - WARNING - Setting 145 with value 0 is not supported on HERO10
2024-12-22 16:12:29,598 - root - WARNING - Setting ID 146 not found in supported settings for HERO10
2024-12-22 16:12:29,599 - root - WARNING - Setting 146 with value 0 is not supported on HERO10
2024-12-22 16:12:29,600 - root - WARNING - Setting ID 147 not found in supported settings for HERO10
2024-12-22 16:12:29,601 - root - WARNING - Setting 147 with value 0 is not supported on HERO10
2024-12-22 16:12:29,602 - root - WARNING - Setting ID 148 not found in supported settings for HERO10
2024-12-22 16:12:29,603 - root - WARNING - Setting 148 with value 2 is not supported on HERO10
2024-12-22 16:12:29,604 - root - WARNING - Setting ID 149 not found in supported settings for HERO10
2024-12-22 16:12:29,605 - root - WARNING - Setting 149 with value 2 is not supported on HERO10
2024-12-22 16:12:29,606 - root - WARNING - Setting ID 153 not found in supported settings for HERO10
2024-12-22 16:12:29,607 - root - WARNING - Setting 153 with value 100 is not supported on HERO10
2024-12-22 16:12:29,607 - root - WARNING - Setting ID 154 not found in supported settings for HERO10
2024-12-22 16:12:29,608 - root - WARNING - Setting 154 with value 3 is not supported on HERO10
2024-12-22 16:12:29,609 - root - WARNING - Setting ID 155 not found in supported settings for HERO10
2024-12-22 16:12:29,610 - root - WARNING - Setting 155 with value 0 is not supported on HERO10
2024-12-22 16:12:29,611 - root - WARNING - Setting ID 156 not found in supported settings for HERO10
2024-12-22 16:12:29,612 - root - WARNING - Setting 156 with value 100 is not supported on HERO10
2024-12-22 16:12:29,613 - root - WARNING - Setting ID 157 not found in supported settings for HERO10
2024-12-22 16:12:29,614 - root - WARNING - Setting 157 with value 100 is not supported on HERO10
2024-12-22 16:12:29,615 - root - WARNING - Setting ID 158 not found in supported settings for HERO10
2024-12-22 16:12:29,616 - root - WARNING - Setting 158 with value 1 is not supported on HERO10
2024-12-22 16:12:29,617 - root - WARNING - Setting ID 159 not found in supported settings for HERO10
2024-12-22 16:12:29,618 - root - WARNING - Setting 159 with value 0 is not supported on HERO10
2024-12-22 16:12:29,619 - root - WARNING - Setting ID 160 not found in supported settings for HERO10
2024-12-22 16:12:29,620 - root - WARNING - Setting 160 with value 0 is not supported on HERO10
2024-12-22 16:12:29,621 - root - WARNING - Setting ID 161 not found in supported settings for HERO10
2024-12-22 16:12:29,621 - root - WARNING - Setting 161 with value 100 is not supported on HERO10
2024-12-22 16:12:29,622 - root - WARNING - Setting ID 162 not found in supported settings for HERO10
2024-12-22 16:12:29,623 - root - WARNING - Setting 162 with value 0 is not supported on HERO10
2024-12-22 16:12:29,623 - root - WARNING - Setting ID 163 not found in supported settings for HERO10
2024-12-22 16:12:29,624 - root - WARNING - Setting 163 with value 1 is not supported on HERO10
2024-12-22 16:12:29,625 - root - WARNING - Setting ID 164 not found in supported settings for HERO10
2024-12-22 16:12:29,625 - root - WARNING - Setting 164 with value 100 is not supported on HERO10
2024-12-22 16:12:29,625 - root - WARNING - Setting ID 165 not found in supported settings for HERO10
2024-12-22 16:12:29,625 - root - WARNING - Setting 165 with value 0 is not supported on HERO10
2024-12-22 16:12:29,625 - root - WARNING - Setting ID 166 not found in supported settings for HERO10
2024-12-22 16:12:29,626 - root - WARNING - Setting 166 with value 0 is not supported on HERO10
2024-12-22 16:12:29,626 - root - WARNING - Setting ID 167 not found in supported settings for HERO10
2024-12-22 16:12:29,626 - root - WARNING - Setting 167 with value 4 is not supported on HERO10
2024-12-22 16:12:29,626 - root - WARNING - Setting ID 168 not found in supported settings for HERO10
2024-12-22 16:12:29,626 - root - WARNING - Setting 168 with value 0 is not supported on HERO10
2024-12-22 16:12:29,627 - root - WARNING - Setting ID 169 not found in supported settings for HERO10
2024-12-22 16:12:29,627 - root - WARNING - Setting 169 with value 1 is not supported on HERO10
2024-12-22 16:12:29,627 - root - WARNING - Setting ID 173 not found in supported settings for HERO10
2024-12-22 16:12:29,627 - root - WARNING - Setting 173 with value 0 is not supported on HERO10
