2024-12-22 04:35:12,631 - goprolist_usb_activate_time_sync_record - INFO - Searching for GoPro cameras...
2024-12-22 04:35:12,739 - goprolist_usb_activate_time_sync_record - INFO - Discovered GoPro: C3461325908060._gopro-web._tcp.local. at 172.20.160.51
2024-12-22 04:35:17,638 - goprolist_usb_activate_time_sync_record - INFO - Found the following GoPro devices:
2024-12-22 04:35:17,640 - goprolist_usb_activate_time_sync_record - INFO - Name: C3461325908060, IP: 172.20.160.51
2024-12-22 04:35:17,646 - goprolist_usb_activate_time_sync_record - INFO - Successfully saved 1 devices to cache
2024-12-22 04:35:17,650 - goprolist_usb_activate_time_sync_record - INFO - Created backup cache file
2024-12-22 04:35:17,653 - goprolist_usb_activate_time_sync_record - INFO - Enabling USB control on all cameras...
2024-12-22 04:35:17,657 - goprolist_usb_activate_time_sync_record - INFO - Resetting USB control on camera 172.20.160.51.
2024-12-22 04:35:17,728 - goprolist_usb_activate_time_sync_record - INFO - USB control disabled on camera 172.20.160.51.
2024-12-22 04:35:19,795 - goprolist_usb_activate_time_sync_record - INFO - USB control enabled on camera 172.20.160.51.
2024-12-22 04:35:19,797 - goprolist_usb_activate_time_sync_record - INFO - Synchronizing time on all cameras...
2024-12-22 04:35:24,879 - goprolist_usb_activate_time_sync_record - INFO - Time synchronization completed successfully
2024-12-22 04:35:25,881 - goprolist_usb_activate_time_sync_record - INFO - Starting recording on all cameras...
2024-12-22 04:35:26,227 - goprolist_usb_activate_time_sync_record - INFO - Recording started successfully on camera 172.20.160.51.
2024-12-22 04:36:10,634 - goprolist_usb_activate_time_sync_record - INFO - Searching for GoPro cameras...
2024-12-22 04:36:10,748 - goprolist_usb_activate_time_sync_record - INFO - Discovered GoPro: C3461325908060._gopro-web._tcp.local. at 172.20.160.51
2024-12-22 04:36:15,640 - goprolist_usb_activate_time_sync_record - INFO - Found the following GoPro devices:
2024-12-22 04:36:15,641 - goprolist_usb_activate_time_sync_record - INFO - Name: C3461325908060, IP: 172.20.160.51
2024-12-22 04:36:15,646 - goprolist_usb_activate_time_sync_record - INFO - Successfully saved 1 devices to cache
2024-12-22 04:36:15,649 - goprolist_usb_activate_time_sync_record - INFO - Created backup cache file
2024-12-22 04:36:15,650 - goprolist_usb_activate_time_sync_record - INFO - Enabling USB control on all cameras...
2024-12-22 04:36:15,653 - goprolist_usb_activate_time_sync_record - INFO - Resetting USB control on camera 172.20.160.51.
2024-12-22 04:36:15,712 - goprolist_usb_activate_time_sync_record - INFO - USB control disabled on camera 172.20.160.51.
2024-12-22 04:36:17,770 - goprolist_usb_activate_time_sync_record - INFO - USB control enabled on camera 172.20.160.51.
2024-12-22 04:36:17,774 - goprolist_usb_activate_time_sync_record - INFO - Synchronizing time on all cameras...
2024-12-22 04:36:22,881 - goprolist_usb_activate_time_sync_record - INFO - Time synchronization completed successfully
2024-12-22 04:36:23,883 - goprolist_usb_activate_time_sync_record - INFO - Starting recording on all cameras...
2024-12-22 04:36:24,213 - goprolist_usb_activate_time_sync_record - INFO - Recording started successfully on camera 172.20.160.51.
2024-12-22 04:37:31,545 - goprolist_usb_activate_time_sync_record - INFO - Searching for GoPro cameras...
2024-12-22 04:37:31,656 - goprolist_usb_activate_time_sync_record - INFO - Discovered GoPro: C3461325908060._gopro-web._tcp.local. at 172.20.160.51
2024-12-22 04:37:36,553 - goprolist_usb_activate_time_sync_record - INFO - Found the following GoPro devices:
2024-12-22 04:37:36,554 - goprolist_usb_activate_time_sync_record - INFO - Name: C3461325908060, IP: 172.20.160.51
2024-12-22 04:37:36,559 - goprolist_usb_activate_time_sync_record - INFO - Successfully saved 1 devices to cache
2024-12-22 04:37:36,560 - goprolist_usb_activate_time_sync_record - INFO - Created backup cache file
2024-12-22 04:37:36,561 - goprolist_usb_activate_time_sync_record - INFO - Enabling USB control on all cameras...
2024-12-22 04:37:36,566 - goprolist_usb_activate_time_sync_record - INFO - Resetting USB control on camera 172.20.160.51.
2024-12-22 04:37:36,631 - goprolist_usb_activate_time_sync_record - INFO - USB control disabled on camera 172.20.160.51.
2024-12-22 04:37:38,701 - goprolist_usb_activate_time_sync_record - INFO - USB control enabled on camera 172.20.160.51.
2024-12-22 04:37:38,702 - goprolist_usb_activate_time_sync_record - INFO - Synchronizing time on all cameras...
2024-12-22 04:37:43,795 - goprolist_usb_activate_time_sync_record - INFO - Time synchronization completed successfully
2024-12-22 04:37:44,797 - goprolist_usb_activate_time_sync_record - INFO - Starting recording on all cameras...
2024-12-22 04:37:45,109 - goprolist_usb_activate_time_sync_record - INFO - Recording started successfully on camera 172.20.160.51.
2024-12-22 04:38:12,346 - goprolist_usb_activate_time_sync_record - INFO - Searching for GoPro cameras...
2024-12-22 04:38:12,496 - goprolist_usb_activate_time_sync_record - INFO - Discovered GoPro: C3461325908060._gopro-web._tcp.local. at 172.20.160.51
2024-12-22 04:38:17,353 - goprolist_usb_activate_time_sync_record - INFO - Found the following GoPro devices:
2024-12-22 04:38:17,354 - goprolist_usb_activate_time_sync_record - INFO - Name: C3461325908060, IP: 172.20.160.51
2024-12-22 04:38:17,358 - goprolist_usb_activate_time_sync_record - INFO - Successfully saved 1 devices to cache
2024-12-22 04:38:17,362 - goprolist_usb_activate_time_sync_record - INFO - Created backup cache file
2024-12-22 04:38:17,364 - goprolist_usb_activate_time_sync_record - INFO - Enabling USB control on all cameras...
2024-12-22 04:38:17,370 - goprolist_usb_activate_time_sync_record - INFO - Resetting USB control on camera 172.20.160.51.
2024-12-22 04:38:17,431 - goprolist_usb_activate_time_sync_record - INFO - USB control disabled on camera 172.20.160.51.
2024-12-22 04:38:19,495 - goprolist_usb_activate_time_sync_record - INFO - USB control enabled on camera 172.20.160.51.
2024-12-22 04:38:19,496 - goprolist_usb_activate_time_sync_record - INFO - Synchronizing time on all cameras...
2024-12-22 04:38:24,607 - goprolist_usb_activate_time_sync_record - INFO - Time synchronization completed successfully
2024-12-22 04:38:25,610 - goprolist_usb_activate_time_sync_record - INFO - Starting recording on all cameras...
2024-12-22 04:38:25,941 - goprolist_usb_activate_time_sync_record - INFO - Recording started successfully on camera 172.20.160.51.
