2024-12-22 16:36:36,557 - goprolist_usb_activate_time_sync_record - INFO - Searching for GoPro cameras...
2024-12-22 16:36:36,714 - goprolist_usb_activate_time_sync_record - INFO - Discovered GoPro: C3461326043977._gopro-web._tcp.local. at 172.29.177.51
2024-12-22 16:36:36,719 - goprolist_usb_activate_time_sync_record - INFO - Discovered GoPro: C3461325908060._gopro-web._tcp.local. at 172.20.160.51
2024-12-22 16:36:41,568 - goprolist_usb_activate_time_sync_record - INFO - Found the following GoPro devices:
2024-12-22 16:36:41,570 - goprolist_usb_activate_time_sync_record - INFO - Name: C3461326043977, IP: 172.29.177.51
2024-12-22 16:36:41,574 - goprolist_usb_activate_time_sync_record - INFO - Name: C3461325908060, IP: 172.20.160.51
2024-12-22 16:36:41,579 - goprolist_usb_activate_time_sync_record - INFO - Successfully saved 2 devices to cache
2024-12-22 16:36:41,584 - goprolist_usb_activate_time_sync_record - INFO - Created backup cache file
2024-12-22 16:36:41,586 - goprolist_usb_activate_time_sync_record - INFO - Enabling USB control on all cameras...
2024-12-22 16:36:41,590 - goprolist_usb_activate_time_sync_record - INFO - Resetting USB control on camera 172.29.177.51.
2024-12-22 16:36:41,591 - goprolist_usb_activate_time_sync_record - INFO - Resetting USB control on camera 172.20.160.51.
2024-12-22 16:36:41,664 - goprolist_usb_activate_time_sync_record - INFO - USB control disabled on camera 172.20.160.51.
2024-12-22 16:36:41,665 - goprolist_usb_activate_time_sync_record - ERROR - Failed to disable USB control on camera 172.29.177.51. Status Code: 500. Response: {}

2024-12-22 16:36:43,741 - goprolist_usb_activate_time_sync_record - ERROR - Failed to enable USB control on camera 172.29.177.51. Status Code: 500. Response: {}

2024-12-22 16:36:43,742 - goprolist_usb_activate_time_sync_record - INFO - USB control enabled on camera 172.20.160.51.
2024-12-22 16:36:43,744 - goprolist_usb_activate_time_sync_record - INFO - Synchronizing time on all cameras...
2024-12-22 16:36:48,855 - goprolist_usb_activate_time_sync_record - INFO - Time synchronization completed successfully
2024-12-22 16:36:49,857 - goprolist_usb_activate_time_sync_record - INFO - Starting recording on all cameras...
2024-12-22 16:36:50,288 - goprolist_usb_activate_time_sync_record - INFO - Recording started successfully on camera 172.20.160.51.
2024-12-22 16:36:50,332 - goprolist_usb_activate_time_sync_record - INFO - Recording started successfully on camera 172.29.177.51.
