2024-12-22 17:50:24,209 - goprolist_usb_activate_time_sync_record - INFO - Searching for GoPro cameras...
2024-12-22 17:50:24,355 - goprolist_usb_activate_time_sync_record - INFO - Discovered GoPro: C3461326043977._gopro-web._tcp.local. at 172.29.177.51
2024-12-22 17:50:24,423 - goprolist_usb_activate_time_sync_record - INFO - Discovered GoPro: C3461325908060._gopro-web._tcp.local. at 172.20.160.51
2024-12-22 17:50:29,218 - goprolist_usb_activate_time_sync_record - INFO - Found the following GoPro devices:
2024-12-22 17:50:29,220 - goprolist_usb_activate_time_sync_record - INFO - Name: C3461326043977, IP: 172.29.177.51
2024-12-22 17:50:29,224 - goprolist_usb_activate_time_sync_record - INFO - Name: C3461325908060, IP: 172.20.160.51
2024-12-22 17:50:29,230 - goprolist_usb_activate_time_sync_record - INFO - Successfully saved 2 devices to cache
2024-12-22 17:50:29,235 - goprolist_usb_activate_time_sync_record - INFO - Created backup cache file
2024-12-22 17:50:29,237 - goprolist_usb_activate_time_sync_record - INFO - Enabling USB control on all cameras...
2024-12-22 17:50:29,242 - goprolist_usb_activate_time_sync_record - INFO - Resetting USB control on camera 172.29.177.51.
2024-12-22 17:50:29,243 - goprolist_usb_activate_time_sync_record - INFO - Resetting USB control on camera 172.20.160.51.
2024-12-22 17:50:29,316 - goprolist_usb_activate_time_sync_record - INFO - USB control disabled on camera 172.20.160.51.
2024-12-22 17:50:29,318 - goprolist_usb_activate_time_sync_record - ERROR - Failed to disable USB control on camera 172.29.177.51. Status Code: 500. Response: {}

2024-12-22 17:50:31,393 - goprolist_usb_activate_time_sync_record - ERROR - Failed to enable USB control on camera 172.29.177.51. Status Code: 500. Response: {}

2024-12-22 17:50:31,395 - goprolist_usb_activate_time_sync_record - INFO - USB control enabled on camera 172.20.160.51.
2024-12-22 17:50:31,401 - goprolist_usb_activate_time_sync_record - INFO - Synchronizing time on all cameras...
2024-12-22 17:50:36,518 - goprolist_usb_activate_time_sync_record - INFO - Time synchronization completed successfully
2024-12-22 17:50:37,525 - goprolist_usb_activate_time_sync_record - INFO - Starting recording on all cameras...
2024-12-22 17:50:37,957 - goprolist_usb_activate_time_sync_record - INFO - Recording started successfully on camera 172.29.177.51.
2024-12-22 17:50:38,157 - goprolist_usb_activate_time_sync_record - INFO - Recording started successfully on camera 172.20.160.51.
