2024-12-23 01:25:37,362 - __main__ - INFO - Saved last mode: video
2024-12-23 01:25:37,363 - __main__ - ERROR - No GoPro devices found
2024-12-23 01:25:39,389 - __main__ - INFO - Found 2 GoPro devices
2024-12-23 01:26:00,194 - __main__ - INFO - Saved last mode: photo
2024-12-23 01:26:00,975 - __main__ - ERROR - Failed to verify photo mode for camera C3461326043977._gopro-web._tcp.local.. Current mode: None
2024-12-23 01:26:01,091 - __main__ - ERROR - Failed to verify photo mode for camera C3461325908060._gopro-web._tcp.local.. Current mode: None
2024-12-23 01:26:01,092 - __main__ - ERROR - Failed to set photo mode for some cameras
2024-12-23 01:26:03,009 - __main__ - INFO - Saved last mode: video
2024-12-23 01:26:03,304 - __main__ - ERROR - Failed to set video mode for camera C3461325908060._gopro-web._tcp.local.. Status: 500
2024-12-23 01:26:03,373 - __main__ - ERROR - Failed to set video mode for camera C3461326043977._gopro-web._tcp.local.. Status: 500
2024-12-23 01:26:03,375 - __main__ - ERROR - Failed to set video mode for some cameras
2024-12-23 01:26:04,832 - __main__ - INFO - Saved last mode: photo
2024-12-23 01:26:05,638 - __main__ - ERROR - Failed to verify photo mode for camera C3461325908060._gopro-web._tcp.local.. Current mode: None
2024-12-23 01:26:05,651 - __main__ - ERROR - Failed to verify photo mode for camera C3461326043977._gopro-web._tcp.local.. Current mode: None
2024-12-23 01:26:05,653 - __main__ - ERROR - Failed to set photo mode for some cameras
2024-12-23 01:26:06,401 - __main__ - INFO - Saved last mode: video
2024-12-23 01:26:06,733 - __main__ - ERROR - Failed to set video mode for camera C3461325908060._gopro-web._tcp.local.. Status: 500
2024-12-23 01:26:06,735 - __main__ - ERROR - Failed to set video mode for camera C3461326043977._gopro-web._tcp.local.. Status: 500
2024-12-23 01:26:06,737 - __main__ - ERROR - Failed to set video mode for some cameras
2024-12-23 01:26:07,707 - __main__ - INFO - Saved last mode: photo
2024-12-23 01:26:08,514 - __main__ - ERROR - Failed to verify photo mode for camera C3461325908060._gopro-web._tcp.local.. Current mode: None
2024-12-23 01:26:08,524 - __main__ - ERROR - Failed to verify photo mode for camera C3461326043977._gopro-web._tcp.local.. Current mode: None
2024-12-23 01:26:08,526 - __main__ - ERROR - Failed to set photo mode for some cameras
2024-12-23 01:26:09,235 - __main__ - INFO - Saved last mode: timelapse
2024-12-23 01:26:09,472 - __main__ - ERROR - Failed to set timelapse mode for camera C3461325908060._gopro-web._tcp.local.. Status: 500
2024-12-23 01:26:09,475 - __main__ - ERROR - Failed to set timelapse mode for camera C3461326043977._gopro-web._tcp.local.. Status: 500
2024-12-23 01:26:09,476 - __main__ - ERROR - Failed to set timelapse mode for some cameras
2024-12-23 01:26:14,815 - __main__ - INFO - Saved last mode: photo
2024-12-23 01:26:15,599 - __main__ - ERROR - Failed to verify photo mode for camera C3461325908060._gopro-web._tcp.local.. Current mode: None
2024-12-23 01:26:15,643 - __main__ - ERROR - Failed to verify photo mode for camera C3461326043977._gopro-web._tcp.local.. Current mode: None
2024-12-23 01:26:15,645 - __main__ - ERROR - Failed to set photo mode for some cameras
2024-12-23 01:26:15,953 - __main__ - INFO - Saved last mode: video
2024-12-23 01:26:16,296 - __main__ - ERROR - Failed to set video mode for camera C3461326043977._gopro-web._tcp.local.. Status: 500
2024-12-23 01:26:16,394 - __main__ - ERROR - Failed to set video mode for camera C3461325908060._gopro-web._tcp.local.. Status: 500
2024-12-23 01:26:16,395 - __main__ - ERROR - Failed to set video mode for some cameras
