2024-12-22 04:29:04,114 - goprolist_usb_activate_time_sync_record - INFO - Searching for GoPro cameras...
2024-12-22 04:29:04,236 - goprolist_usb_activate_time_sync_record - INFO - Discovered GoPro: C3461325908060._gopro-web._tcp.local. at 172.20.160.51
2024-12-22 04:29:09,127 - goprolist_usb_activate_time_sync_record - INFO - Found the following GoPro devices:
2024-12-22 04:29:09,128 - goprolist_usb_activate_time_sync_record - INFO - Name: C3461325908060, IP: 172.20.160.51
2024-12-22 04:29:09,135 - goprolist_usb_activate_time_sync_record - INFO - Successfully saved 1 devices to cache
2024-12-22 04:29:09,138 - goprolist_usb_activate_time_sync_record - INFO - Created backup cache file
2024-12-22 04:29:09,139 - goprolist_usb_activate_time_sync_record - INFO - Enabling USB control on all cameras...
2024-12-22 04:29:09,144 - goprolist_usb_activate_time_sync_record - INFO - Resetting USB control on camera 172.20.160.51.
2024-12-22 04:29:09,208 - goprolist_usb_activate_time_sync_record - INFO - USB control disabled on camera 172.20.160.51.
2024-12-22 04:29:11,267 - goprolist_usb_activate_time_sync_record - INFO - USB control enabled on camera 172.20.160.51.
2024-12-22 04:29:11,269 - goprolist_usb_activate_time_sync_record - INFO - Synchronizing time on all cameras...
2024-12-22 04:29:16,376 - goprolist_usb_activate_time_sync_record - INFO - Time synchronization completed successfully
2024-12-22 04:29:17,378 - goprolist_usb_activate_time_sync_record - INFO - Starting recording on all cameras...
2024-12-22 04:29:17,724 - goprolist_usb_activate_time_sync_record - INFO - Recording started successfully on camera 172.20.160.51.
2024-12-22 04:29:39,064 - goprolist_usb_activate_time_sync_record - INFO - Searching for GoPro cameras...
2024-12-22 04:29:39,304 - goprolist_usb_activate_time_sync_record - INFO - Discovered GoPro: C3461325908060._gopro-web._tcp.local. at 172.20.160.51
2024-12-22 04:29:44,071 - goprolist_usb_activate_time_sync_record - INFO - Found the following GoPro devices:
2024-12-22 04:29:44,073 - goprolist_usb_activate_time_sync_record - INFO - Name: C3461325908060, IP: 172.20.160.51
2024-12-22 04:29:44,078 - goprolist_usb_activate_time_sync_record - INFO - Successfully saved 1 devices to cache
2024-12-22 04:29:44,083 - goprolist_usb_activate_time_sync_record - INFO - Created backup cache file
2024-12-22 04:29:44,085 - goprolist_usb_activate_time_sync_record - INFO - Enabling USB control on all cameras...
2024-12-22 04:29:44,091 - goprolist_usb_activate_time_sync_record - INFO - Resetting USB control on camera 172.20.160.51.
2024-12-22 04:29:44,233 - goprolist_usb_activate_time_sync_record - INFO - USB control disabled on camera 172.20.160.51.
2024-12-22 04:29:46,297 - goprolist_usb_activate_time_sync_record - INFO - USB control enabled on camera 172.20.160.51.
2024-12-22 04:29:46,299 - goprolist_usb_activate_time_sync_record - INFO - Synchronizing time on all cameras...
2024-12-22 04:29:51,420 - goprolist_usb_activate_time_sync_record - INFO - Time synchronization completed successfully
2024-12-22 04:29:52,422 - goprolist_usb_activate_time_sync_record - INFO - Starting recording on all cameras...
2024-12-22 04:29:52,875 - goprolist_usb_activate_time_sync_record - INFO - Recording started successfully on camera 172.20.160.51.
2024-12-22 04:31:07,942 - goprolist_usb_activate_time_sync_record - INFO - Searching for GoPro cameras...
2024-12-22 04:31:08,115 - goprolist_usb_activate_time_sync_record - INFO - Discovered GoPro: C3461325908060._gopro-web._tcp.local. at 172.20.160.51
2024-12-22 04:31:12,948 - goprolist_usb_activate_time_sync_record - INFO - Found the following GoPro devices:
2024-12-22 04:31:12,949 - goprolist_usb_activate_time_sync_record - INFO - Name: C3461325908060, IP: 172.20.160.51
2024-12-22 04:31:12,958 - goprolist_usb_activate_time_sync_record - INFO - Successfully saved 1 devices to cache
2024-12-22 04:31:12,963 - goprolist_usb_activate_time_sync_record - INFO - Created backup cache file
2024-12-22 04:31:12,965 - goprolist_usb_activate_time_sync_record - INFO - Enabling USB control on all cameras...
2024-12-22 04:31:12,972 - goprolist_usb_activate_time_sync_record - INFO - Resetting USB control on camera 172.20.160.51.
2024-12-22 04:31:13,030 - goprolist_usb_activate_time_sync_record - INFO - USB control disabled on camera 172.20.160.51.
2024-12-22 04:31:15,097 - goprolist_usb_activate_time_sync_record - INFO - USB control enabled on camera 172.20.160.51.
2024-12-22 04:31:15,101 - goprolist_usb_activate_time_sync_record - INFO - Synchronizing time on all cameras...
2024-12-22 04:31:20,204 - goprolist_usb_activate_time_sync_record - INFO - Time synchronization completed successfully
2024-12-22 04:31:21,205 - goprolist_usb_activate_time_sync_record - INFO - Starting recording on all cameras...
2024-12-22 04:31:21,523 - goprolist_usb_activate_time_sync_record - INFO - Recording started successfully on camera 172.20.160.51.
